% loss (train set)	
 2.3290e+01	
 1.9970e+01	
 1.9710e+01	
 1.5010e+01	
 1.6350e+01	
 1.7960e+01	
 1.4170e+01	
 1.5120e+01	
 1.5300e+01	
 1.0770e+01	
 1.1030e+01	
 1.2840e+01	
 1.3150e+01	
 8.6900e+00	
 1.0820e+01	
 1.3680e+01	
 8.2300e+00	
 1.0380e+01	
 1.1200e+01	
 7.5200e+00	
 1.0600e+01	
 8.1400e+00	
 8.9400e+00	
 8.5100e+00	
 9.1200e+00	
 7.4300e+00	
 7.8000e+00	
 8.1900e+00	
 6.5800e+00	
 6.6800e+00	
 5.7600e+00	
 4.9400e+00	
 7.8400e+00	
 7.0000e+00	
 6.1500e+00	
 7.2400e+00	
 6.9800e+00	
 5.4100e+00	
 4.9400e+00	
