% score (train set)	
 7.9713e+01	
 8.1175e+01	
 8.4990e+01	
 8.6646e+01	
 8.3702e+01	
 7.7514e+01	
 7.8268e+01	
 9.6063e+01	
 8.6744e+01	
 8.2622e+01	
 8.7099e+01	
 9.7778e+01	
 8.7925e+01	
 8.2387e+01	
 8.2141e+01	
 8.3882e+01	
 8.2836e+01	
 7.4946e+01	
 8.5737e+01	
 8.1628e+01	
 9.4205e+01	
 8.4444e+01	
 9.0692e+01	
 8.7219e+01	
 8.6403e+01	
 8.2522e+01	
 8.4111e+01	
 8.7041e+01	
 7.9800e+01	
 7.3623e+01	
 7.7912e+01	
 8.3454e+01	
 8.9098e+01	
 8.4930e+01	
 7.7635e+01	
 8.3224e+01	
 7.9821e+01	
 8.1660e+01	
 8.3454e+01	
