% grad norm (train set)	
 8.1556e-03	
 5.3884e-02	
 2.9901e-02	
 3.4904e-02	
 2.5198e-02	
 2.1243e-02	
 3.0762e-02	
 4.3149e-02	
 3.5214e-02	
 1.1024e-02	
 1.2063e-02	
 2.2368e-02	
 2.7946e-02	
 4.8677e-02	
 1.4224e-02	
 4.4734e-02	
 8.7999e-03	
 8.6677e-03	
 7.4262e-03	
 1.1320e-02	
 1.0504e-02	
 1.0657e-02	
 8.0164e-03	
 7.1229e-03	
 2.3255e-02	
 3.9753e-02	
 9.0887e-03	
 1.1586e-02	
 1.5221e-02	
 1.0952e-02	
 1.2216e-02	
 2.0507e-02	
 6.4698e-03	
 9.9455e-03	
 7.0546e-03	
 1.1651e-02	
 1.4556e-02	
 9.2254e-03	
 1.0663e-02	
 1.7919e-02	
 2.0812e-02	
 5.9542e-03	
 1.4492e-02	
 3.9541e-02	
 1.2556e-02	
 4.0317e-03	
 6.0505e-03	
 1.4218e-02	
 2.7076e-02	
 5.4075e-03	
 8.1306e-03	
 2.0711e-02	
 7.4523e-03	
 7.8427e-03	
 7.8283e-03	
 3.1967e-02	
 8.1055e-03	
 1.1888e-02	
 6.7968e-03	
 5.0039e-03	
 8.1217e-03	
 1.2632e-02	
 1.5955e-02	
 1.8551e-02	
 7.4216e-03	
 5.2694e-03	
 6.2664e-03	
 6.7756e-03	
 5.0951e-03	
 7.6378e-03	
 1.5551e-02	
 4.5944e-03	
 3.7242e-02	
 8.4409e-03	
 1.6348e-02	
 1.6092e-02	
 1.6440e-02	
 5.7980e-03	
 1.6187e-02	
 1.2123e-02	
 1.2394e-02	
 1.3510e-02	
 1.4096e-02	
 9.3357e-03	
 2.3923e-02	
 5.9774e-03	
 1.3055e-02	
 1.9649e-02	
 5.7795e-03	
 5.2179e-03	
 8.6750e-03	
 9.2510e-03	
 6.4456e-03	
 6.5876e-03	
 9.8674e-03	
 2.3307e-02	
 7.2115e-03	
 5.2155e-03	
 8.5090e-03	
 1.0910e-02	
 5.6342e-03	
 1.4198e-02	
 3.4668e-02	
 1.1316e-02	
 2.5459e-02	
 5.8342e-03	
 1.5784e-02	
 1.3793e-02	
 2.4620e-02	
 1.6221e-02	
 7.5709e-03	
 1.8513e-02	
 7.1152e-03	
 5.6439e-03	
 1.0035e-02	
 5.1502e-03	
 6.6299e-03	
 1.5587e-02	
 1.1120e-02	
 2.3369e-02	
 6.8996e-03	
 4.4923e-03	
 1.3540e-02	
 1.5668e-02	
 1.6096e-02	
 1.5226e-02	
 1.0437e-02	
 1.8869e-02	
 6.2619e-03	
 6.6359e-03	
 1.2444e-02	
 4.8753e-03	
 9.0044e-03	
 5.6789e-03	
 1.0857e-02	
 5.0545e-03	
 7.0572e-03	
 1.1337e-02	
 1.5409e-02	
 7.2632e-03	
 2.6126e-02	
 5.0738e-03	
 9.3778e-03	
 1.3726e-02	
 1.0780e-02	
 2.3054e-02	
 5.1772e-03	
 1.3181e-02	
 9.1059e-03	
 1.4492e-02	
 1.0323e-02	
 1.6440e-02	
 3.2297e-02	
 8.1316e-03	
 1.0571e-02	
 5.8003e-03	
 6.6911e-03	
 2.4211e-02	
 9.6089e-03	
 1.0180e-02	
 1.5313e-02	
 2.0146e-02	
 1.2120e-02	
 7.2591e-03	
 1.3908e-02	
 1.0826e-02	
 1.4899e-02	
 5.2260e-03	
 8.9961e-03	
 2.1227e-02	
 2.3309e-02	
 5.2935e-03	
 5.8859e-03	
 3.1941e-02	
 7.6573e-03	
 1.2522e-02	
 1.2686e-02	
 8.5035e-03	
 5.2466e-03	
 4.7706e-03	
 2.5150e-03	
 1.1743e-02	
 7.2314e-03	
 9.4189e-03	
 2.3094e-02	
 1.5062e-02	
 9.3065e-03	
 3.9359e-03	
 1.5913e-02	
 5.1957e-03	
 2.6934e-02	
 8.2576e-03	
 5.8851e-03	
 6.2209e-03	
 1.2860e-02	
 7.0399e-03	
 2.6262e-02	
 1.0117e-02	
 5.0262e-03	
 4.2278e-02	
 1.2230e-02	
 9.2108e-03	
 1.3542e-02	
 1.5781e-02	
 1.3128e-02	
 7.2017e-03	
 6.8452e-03	
 1.8112e-02	
 1.0016e-02	
 3.3546e-02	
 6.4258e-03	
 5.8201e-03	
 3.0216e-02	
 6.3361e-03	
 1.6658e-02	
 1.1742e-02	
 7.5999e-03	
 8.4511e-03	
 8.7521e-03	
 5.7838e-03	
 8.6240e-03	
 2.3535e-02	
 2.2612e-02	
 5.0824e-03	
 6.9742e-03	
 3.8890e-03	
 2.2692e-02	
 9.1337e-03	
 1.0189e-02	
 5.6842e-03	
 2.4084e-03	
 7.0748e-03	
 1.7512e-02	
 5.5442e-03	
 8.3431e-03	
 7.7129e-03	
 1.0397e-02	
 9.3416e-03	
 1.6390e-02	
 2.5305e-02	
 5.8661e-03	
 1.0571e-02	
 1.0859e-02	
 8.8502e-03	
 6.8575e-03	
 1.2241e-02	
 6.1591e-03	
 5.1434e-03	
 4.7792e-03	
 1.9858e-02	
 1.5650e-02	
 4.6501e-03	
 1.5344e-02	
 9.9897e-03	
 8.9184e-03	
 1.6534e-02	
 1.4948e-02	
 1.9383e-02	
 9.8728e-03	
 1.4535e-02	
 2.7591e-02	
 2.3608e-02	
 7.8013e-03	
 4.0275e-03	
 7.5259e-03	
 1.1741e-02	
 9.9807e-03	
 8.8145e-03	
 1.1465e-02	
 9.8738e-03	
 1.6352e-02	
 3.1479e-03	
 8.2185e-03	
 2.2231e-03	
 7.2902e-03	
 9.9964e-03	
 1.0091e-02	
 6.6035e-03	
 5.0962e-03	
 1.4413e-02	
 2.2255e-02	
 8.1658e-03	
 1.7929e-02	
 5.0969e-03	
 1.6235e-02	
 1.1145e-02	
 6.0875e-03	
 2.5476e-02	
 1.0061e-02	
 2.8054e-02	
 2.0996e-02	
 5.4639e-03	
 9.3704e-03	
 2.5424e-02	
 6.9680e-03	
 9.7914e-03	
 9.1559e-03	
 9.0855e-03	
 1.1499e-02	
 8.2413e-03	
 9.1707e-03	
 1.0174e-02	
 2.0741e-02	
 9.0565e-03	
 1.1574e-02	
 9.5214e-03	
 7.2194e-03	
 2.8319e-02	
 3.3412e-03	
 9.1965e-03	
 1.6085e-02	
 1.6654e-02	
 8.0278e-03	
 1.9911e-02	
 1.0157e-02	
 1.0350e-02	
 5.8318e-03	
 8.2520e-03	
 1.6276e-02	
 1.6367e-02	
 8.3321e-03	
 1.9285e-02	
 2.8862e-02	
 1.5504e-02	
 2.8105e-02	
 3.6540e-02	
 2.6313e-02	
 2.6069e-02	
 7.2468e-03	
 7.0398e-03	
 7.3545e-03	
 6.6241e-03	
 1.0190e-02	
 1.5137e-02	
 1.3031e-02	
 1.3701e-02	
 7.0447e-03	
 1.9858e-02	
 2.5327e-02	
 1.1615e-02	
 2.2737e-02	
 1.4408e-02	
 4.5819e-03	
 3.3185e-02	
 1.1778e-02	
 1.4511e-02	
 1.6961e-02	
 1.5018e-02	
 5.0400e-03	
 8.4494e-03	
 2.4777e-02	
 1.7879e-02	
 1.6380e-02	
 3.8295e-03	
 9.5070e-03	
 2.2750e-02	
 3.2009e-02	
 1.3295e-02	
 6.7039e-03	
 3.8287e-03	
 1.8568e-03	
 3.0352e-03	
 6.2908e-03	
 1.4881e-02	
 1.0134e-02	
 2.2632e-02	
 1.1704e-02	
 9.9757e-03	
 1.3818e-02	
 2.3094e-02	
 3.5665e-03	
 8.6939e-03	
 2.1722e-02	
 2.1144e-02	
 4.6959e-03	
 1.3621e-02	
 1.4914e-02	
 9.1513e-03	
 9.5065e-03	
 1.0649e-02	
 5.0344e-03	
 4.5603e-03	
 2.1696e-02	
 8.1458e-03	
 9.3252e-03	
 6.5794e-03	
 2.2171e-02	
 1.8866e-02	
 8.0919e-03	
 2.7892e-02	
 5.5282e-03	
 1.7717e-02	
 1.1304e-02	
 8.7308e-03	
 9.8982e-03	
 1.5411e-02	
 7.0532e-03	
 2.6852e-03	
 1.0249e-02	
 4.3618e-03	
 5.3379e-03	
 4.3168e-03	
 1.2062e-02	
 7.5710e-03	
 4.9223e-03	
 4.4367e-03	
 4.9129e-03	
 9.4094e-03	
 4.3169e-03	
 2.0845e-03	
 2.7546e-03	
 2.2985e-02	
 1.0025e-02	
 6.6715e-03	
 7.7586e-03	
 1.6380e-02	
 9.2862e-03	
 1.1396e-02	
 4.3024e-03	
 5.3366e-03	
 1.3279e-02	
 8.8660e-03	
 5.1302e-03	
 6.4866e-03	
 7.8338e-03	
 3.4387e-03	
 2.3251e-03	
 7.4471e-03	
 6.3940e-03	
 8.8462e-03	
 1.2613e-02	
 1.7018e-02	
 9.2895e-03	
 5.5576e-03	
 5.4609e-03	
 5.1765e-03	
 8.1057e-03	
 3.8740e-03	
 7.5643e-03	
 1.2720e-02	
 7.5873e-03	
 6.8929e-03	
 2.0807e-03	
 6.3818e-03	
 1.3820e-02	
 2.5661e-02	
 5.9000e-03	
 5.7790e-03	
 2.0118e-02	
 2.5765e-02	
 1.9826e-02	
 4.1679e-03	
 4.3802e-03	
 9.3680e-03	
 1.1709e-02	
 5.6231e-03	
 6.9717e-03	
 1.1682e-02	
 3.8856e-03	
 3.1984e-03	
 4.2619e-03	
 3.6658e-03	
 2.9771e-03	
 1.1393e-02	
 1.0180e-02	
 1.7718e-02	
 2.1930e-03	
 7.0658e-03	
 3.0837e-03	
 9.5839e-03	
 8.2348e-03	
 3.0743e-03	
 3.4914e-03	
 5.0722e-03	
 5.2302e-03	
 8.3814e-03	
 3.9375e-03	
 6.4436e-03	
 1.1926e-02	
 1.8258e-02	
 2.5012e-03	
 6.4409e-03	
 8.7958e-03	
 4.1470e-03	
 6.5366e-03	
 1.2287e-02	
 4.1210e-03	
 8.7867e-03	
 8.4253e-03	
 6.7237e-03	
 1.2642e-02	
 5.5216e-03	
 4.8734e-03	
 6.5669e-03	
 4.8328e-03	
 8.5663e-03	
 7.9248e-03	
 4.1901e-03	
 9.7086e-03	
 3.4871e-03	
 6.0938e-03	
 5.5541e-03	
 1.8458e-03	
 1.8075e-02	
 4.9600e-03	
 3.5431e-03	
 3.2129e-03	
 4.1309e-03	
 6.9273e-03	
 4.3625e-03	
 1.6067e-02	
 4.6799e-03	
 3.7604e-03	
 5.8075e-03	
 5.8670e-03	
 6.4030e-03	
 1.1751e-02	
 8.0956e-03	
 4.1978e-03	
 3.7354e-03	
 7.6410e-03	
 7.7415e-03	
 2.1060e-02	
 1.2507e-02	
 2.5223e-03	
 4.2975e-03	
 3.9792e-03	
 7.7489e-03	
 3.4439e-03	
 4.8871e-03	
 5.2834e-03	
 2.1461e-03	
 5.6180e-03	
 2.8355e-03	
 4.8285e-03	
 6.5096e-03	
 5.3808e-03	
 4.3254e-03	
 5.6237e-03	
 8.8831e-03	
 4.0094e-03	
 4.9068e-03	
 1.1319e-02	
 1.3307e-02	
 5.6974e-03	
 8.4005e-03	
 1.1800e-02	
 6.5308e-03	
 4.1288e-03	
 2.9849e-03	
 7.4464e-03	
 1.4559e-02	
 1.7348e-02	
 6.6877e-03	
 4.2010e-03	
 7.5411e-03	
 7.0534e-03	
 8.2818e-03	
 2.9879e-03	
 1.4821e-02	
 8.3724e-03	
 5.6454e-03	
 3.7085e-03	
 4.7691e-03	
 6.8500e-03	
 1.9271e-02	
 1.3357e-02	
 2.0312e-03	
 9.4988e-03	
 4.1987e-03	
 3.6753e-03	
 2.5485e-03	
 4.7259e-03	
 4.0826e-03	
 7.0870e-03	
 2.8361e-03	
 3.4727e-03	
 6.9501e-03	
 1.6430e-02	
 3.2959e-03	
 1.9517e-03	
 6.5394e-03	
 2.7773e-03	
 4.8686e-03	
 1.0826e-02	
 4.3243e-03	
 5.0847e-03	
 2.7282e-03	
 5.4939e-03	
 4.4040e-03	
 5.2347e-03	
 3.6366e-03	
 6.4357e-03	
 9.7590e-03	
 3.5944e-03	
 7.2794e-03	
 1.1326e-02	
 6.4523e-03	
 3.8514e-03	
 6.1468e-03	
 6.6830e-03	
 1.7556e-02	
 2.5176e-03	
 2.5940e-03	
 7.3454e-03	
 2.9873e-03	
 4.1411e-03	
 4.3357e-03	
 1.4134e-02	
 3.8497e-03	
 3.5351e-03	
 1.9255e-03	
 1.7190e-03	
 3.2270e-03	
 1.1451e-02	
 1.1688e-02	
 6.5216e-03	
 3.7502e-03	
 5.1386e-03	
 2.9807e-03	
 3.5629e-03	
 3.6749e-03	
 3.1670e-03	
 8.2665e-03	
 1.4886e-03	
 8.0709e-03	
 4.3508e-03	
 5.2626e-03	
 4.1663e-03	
 6.3878e-03	
 2.5819e-03	
 2.6470e-03	
 1.9300e-03	
 5.7575e-03	
 7.9956e-03	
 3.2257e-03	
 7.1101e-03	
 1.4830e-02	
 3.6636e-03	
 8.0261e-03	
 9.1014e-03	
 3.5633e-03	
 2.1231e-03	
 3.7132e-03	
 6.6664e-03	
 7.4809e-03	
 4.1103e-03	
 9.5483e-03	
 9.5184e-03	
 5.3947e-03	
 2.8278e-03	
 2.6727e-03	
 8.8718e-03	
 2.9650e-03	
 4.0450e-03	
 1.2403e-02	
 6.0237e-03	
 1.5753e-02	
 2.0113e-03	
 8.6158e-03	
 4.3281e-03	
 1.6595e-02	
 7.4920e-03	
 1.7825e-03	
 1.2553e-02	
 5.9552e-03	
 2.6366e-03	
 2.9928e-03	
 2.6492e-03	
 3.6666e-03	
 4.9597e-03	
 3.8989e-03	
 5.7736e-03	
 2.7326e-03	
 2.3979e-03	
 3.9545e-03	
 6.1256e-03	
 7.5602e-03	
 5.0003e-03	
 6.4575e-03	
 8.8550e-03	
 2.8322e-03	
 1.9267e-03	
 2.7232e-03	
 2.3425e-03	
 2.8175e-03	
 3.5469e-03	
 2.5905e-03	
 2.7456e-03	
 3.3995e-03	
 8.4786e-03	
 3.0805e-03	
 4.2900e-03	
 1.0155e-02	
 1.5155e-03	
 2.9060e-03	
 5.1916e-03	
 4.8275e-03	
 8.9677e-03	
 2.4601e-03	
 5.5971e-03	
 6.2751e-03	
 5.5275e-03	
 4.4205e-03	
 1.1962e-02	
 1.3309e-02	
 6.1911e-03	
 4.3913e-03	
 4.3588e-03	
 5.3593e-03	
 1.3270e-02	
 5.7347e-03	
 4.4605e-03	
 6.9047e-03	
 2.0913e-02	
 3.4629e-03	
 4.1963e-03	
 6.9085e-03	
 7.8783e-03	
 5.5333e-03	
 1.6485e-03	
 4.6857e-03	
 8.3644e-03	
 1.1523e-02	
 5.9706e-03	
 3.1918e-03	
 1.9664e-02	
 6.3003e-03	
 4.0904e-03	
 1.1240e-02	
 8.3481e-03	
 3.4286e-03	
 1.5453e-03	
 1.2003e-03	
 7.2209e-03	
 1.2213e-03	
 7.2289e-03	
 4.2869e-03	
 2.9433e-03	
 7.5991e-03	
 3.9783e-03	
 4.1620e-03	
 3.4046e-03	
 9.7971e-03	
 1.9219e-03	
 2.9641e-03	
 3.8594e-03	
 6.0568e-03	
 5.0147e-03	
 1.2348e-02	
 7.9119e-03	
 2.5424e-03	
 1.7101e-02	
 1.0846e-02	
 7.1506e-03	
 2.0647e-03	
 3.0659e-03	
 8.5928e-03	
 5.0217e-03	
 8.6188e-03	
 1.0822e-02	
 2.9135e-03	
 1.3504e-02	
 2.6315e-03	
 4.2380e-03	
 1.9570e-02	
 3.1297e-03	
 1.1755e-02	
 5.7315e-03	
 3.8062e-03	
 6.2700e-03	
 7.6536e-03	
 2.8480e-03	
 1.9620e-03	
 2.4510e-02	
 8.7363e-03	
 2.0458e-03	
 2.5888e-03	
 3.5201e-03	
 2.0285e-02	
 7.2050e-03	
 5.7037e-03	
 3.1196e-03	
 3.0307e-03	
 2.5685e-03	
 6.3065e-03	
 4.8346e-03	
 3.6996e-03	
 6.1561e-03	
 1.1239e-02	
 5.6578e-03	
 7.9630e-03	
 9.6622e-03	
 2.9369e-03	
 4.1531e-03	
 5.6957e-03	
 3.1232e-03	
 3.1703e-03	
 7.8462e-03	
 3.0879e-03	
 8.5603e-03	
 4.7712e-03	
 1.3287e-02	
 1.1226e-02	
 2.5055e-03	
 5.4738e-03	
 5.6283e-03	
 3.2593e-03	
 5.0272e-03	
 1.3836e-02	
 1.2898e-02	
 5.0418e-03	
 5.9872e-03	
 1.7925e-02	
 8.4336e-03	
 8.8796e-03	
 2.5912e-03	
 2.6631e-03	
 1.0074e-02	
 4.1913e-03	
 4.6560e-03	
 4.6455e-03	
 6.2845e-03	
 5.3479e-03	
 1.2881e-03	
 6.4523e-03	
 3.9688e-03	
 3.4722e-03	
 4.4267e-03	
 8.9347e-03	
 4.6648e-03	
 1.6011e-03	
 8.4401e-03	
 1.5340e-02	
 2.5785e-03	
 1.0152e-02	
 3.3558e-03	
 8.5366e-03	
 9.8697e-03	
 3.4129e-03	
 4.8934e-03	
 6.2264e-03	
 8.3066e-03	
 9.1515e-03	
 3.8030e-03	
 5.6948e-03	
 5.4538e-03	
 2.5301e-03	
 2.4862e-03	
 4.8799e-03	
 5.5961e-03	
 1.7448e-03	
 5.4630e-03	
 3.9489e-03	
 6.4398e-03	
 3.9603e-03	
 2.9063e-03	
 2.2941e-03	
 5.8031e-03	
 3.9588e-03	
 1.5528e-02	
 1.6571e-03	
 4.3300e-03	
 6.6881e-03	
 7.1848e-03	
 4.5427e-03	
 1.1281e-02	
 5.0456e-03	
 5.1964e-03	
 3.8174e-03	
 1.0613e-02	
 9.0830e-03	
 1.4265e-02	
 7.9388e-03	
 1.0342e-02	
 1.4745e-02	
 6.1649e-03	
 1.5117e-02	
 7.9667e-03	
 9.9139e-03	
 9.9783e-03	
 2.7330e-03	
 5.9327e-03	
 3.8093e-03	
 4.0313e-03	
 3.3195e-03	
 1.5849e-02	
 1.2656e-02	
 5.1583e-03	
 4.9170e-03	
 1.0297e-02	
 1.4092e-02	
 9.8018e-03	
 4.5211e-03	
 9.9156e-03	
 2.1433e-03	
 1.2281e-02	
 1.0893e-02	
 6.7319e-03	
 3.0054e-03	
 5.4331e-03	
 2.4918e-03	
 3.2531e-03	
 1.3137e-02	
 1.1161e-02	
 7.5740e-03	
 1.4619e-03	
 4.6304e-03	
 4.7929e-03	
 9.1853e-03	
 8.7468e-03	
 1.2415e-03	
 1.9541e-03	
 2.0911e-03	
 3.9549e-03	
 3.6868e-03	
 1.1477e-02	
 3.2133e-03	
 1.2298e-02	
 4.2398e-03	
 2.6276e-03	
 5.4060e-03	
 7.9023e-03	
 2.6059e-03	
 4.5381e-03	
 7.8154e-03	
 8.7823e-03	
 2.1996e-03	
 1.1133e-02	
 6.9499e-03	
 2.2910e-03	
 5.3000e-03	
 6.7870e-03	
 2.5251e-03	
 3.4747e-03	
 6.9758e-03	
 6.6773e-03	
 4.2535e-03	
 1.9335e-03	
 1.1922e-02	
 8.0208e-03	
 1.7353e-02	
 6.1763e-03	
 1.6562e-03	
 6.3003e-03	
 5.6284e-03	
 1.2965e-03	
 4.3152e-03	
 4.0458e-03	
 3.5431e-03	
 1.5919e-03	
 2.9737e-03	
 3.2043e-03	
 2.7943e-03	
 1.7379e-03	
 3.0963e-03	
 5.8882e-03	
 2.3421e-03	
 2.2594e-03	
 4.2068e-03	
 6.4630e-03	
 4.5241e-03	
 2.8799e-03	
 1.0593e-03	
 1.0624e-02	
 3.0150e-03	
 3.0041e-03	
 9.6144e-03	
 1.4149e-02	
 4.2737e-03	
 3.7303e-03	
 1.4871e-03	
 2.8507e-03	
 6.5778e-03	
 4.2914e-03	
 2.1429e-03	
 2.7277e-03	
 3.2856e-03	
 2.3491e-03	
 5.5052e-03	
 5.9554e-03	
 8.1306e-03	
 6.5387e-03	
 4.5301e-03	
 3.6472e-03	
 4.8557e-03	
 5.5979e-03	
 1.5910e-03	
 3.3077e-03	
 3.1399e-03	
 1.8508e-03	
 1.9427e-03	
 4.9562e-03	
 1.8289e-03	
 2.6952e-03	
 9.3118e-04	
 1.8327e-03	
 3.1063e-03	
 3.8335e-03	
 2.7996e-03	
 2.3574e-03	
 7.1557e-03	
 1.1426e-02	
 7.6485e-03	
 3.7858e-03	
 2.9456e-03	
 3.4414e-03	
 4.4574e-03	
 3.1554e-03	
 2.0457e-03	
 4.5879e-03	
 2.1072e-03	
 3.9826e-03	
 5.0092e-03	
 5.6440e-03	
 3.0997e-03	
 5.1578e-03	
 4.0891e-03	
 1.2289e-02	
 2.6138e-03	
 6.3444e-03	
 2.0277e-03	
 4.9953e-03	
 2.8719e-03	
 1.5396e-03	
 2.1905e-03	
 4.4289e-03	
 2.5725e-03	
 3.8690e-03	
 2.1843e-03	
 2.8833e-03	
 3.6043e-03	
 6.3971e-03	
 1.0805e-03	
 1.5780e-03	
 3.0352e-03	
 3.5970e-03	
 4.5890e-03	
 5.1275e-03	
 3.0716e-03	
 4.9754e-03	
 3.9311e-03	
 3.9930e-03	
 3.9205e-03	
 3.8626e-03	
 2.5802e-03	
 3.8617e-03	
 2.9156e-03	
 6.7176e-03	
 1.9099e-03	
 2.2424e-03	
 2.7241e-03	
 1.6193e-03	
 5.8406e-03	
 4.6327e-03	
 2.0355e-03	
 1.2601e-02	
 2.8550e-03	
 2.7033e-03	
 2.3585e-03	
 2.2263e-03	
 4.0876e-03	
 3.0034e-03	
 9.2580e-03	
 7.8280e-03	
 2.6602e-03	
 3.5907e-03	
 1.9850e-03	
 2.5929e-03	
 4.0220e-03	
 3.5864e-03	
 3.3924e-03	
 2.9225e-03	
 3.6965e-03	
 2.2693e-03	
 9.4406e-03	
 6.8015e-03	
 2.0230e-03	
 2.1888e-03	
 2.3671e-03	
 3.2627e-03	
 3.1758e-03	
 2.1352e-03	
 3.0124e-03	
 1.9248e-03	
 1.4603e-03	
 2.2730e-03	
 1.8309e-03	
 1.8776e-03	
 3.3503e-03	
 1.6114e-03	
 1.7420e-03	
 4.8198e-03	
 1.2781e-03	
 1.9738e-03	
 1.0559e-02	
 7.8337e-03	
 3.2775e-03	
 3.0870e-03	
 1.2498e-02	
 3.0599e-03	
 1.4807e-03	
 1.0783e-03	
 2.8725e-03	
 1.1016e-02	
 9.0107e-03	
 1.4635e-03	
 2.8129e-03	
 3.5366e-03	
 2.7999e-03	
 4.4338e-03	
 2.9962e-03	
 6.3847e-03	
 1.0524e-02	
 1.1590e-02	
 3.1179e-03	
 2.0734e-03	
 4.3802e-03	
 4.7980e-03	
 9.4880e-03	
 1.2853e-03	
 1.1175e-02	
 1.5961e-03	
 2.2431e-03	
 2.0478e-03	
 5.9834e-03	
 1.0044e-03	
 1.7932e-03	
 1.8306e-03	
 1.3163e-03	
 5.2894e-03	
 1.1766e-02	
 1.5610e-03	
 1.8758e-03	
 4.2592e-03	
 4.6533e-03	
 1.9329e-03	
 3.4070e-03	
 2.1649e-03	
 1.0250e-03	
 9.1156e-04	
 2.7272e-03	
 3.3401e-03	
 1.9509e-03	
 2.2749e-03	
 3.6213e-03	
 5.1009e-03	
 1.1815e-03	
 2.8440e-03	
 5.7439e-03	
 2.1832e-03	
 2.0132e-03	
 1.9481e-03	
 2.6570e-03	
 7.4107e-03	
 1.7059e-03	
 1.5599e-03	
 4.6979e-03	
 1.6404e-03	
 2.5702e-03	
 1.8665e-03	
 8.0816e-03	
 1.1775e-03	
 1.9366e-03	
 1.6381e-03	
 3.1482e-03	
 1.3000e-03	
 5.4233e-03	
 2.4312e-03	
 4.5868e-03	
 2.5974e-03	
 5.1248e-04	
 1.4946e-03	
 1.9379e-03	
 1.9952e-03	
 7.5747e-04	
 3.2424e-03	
 2.3186e-03	
 7.3875e-03	
 1.7576e-03	
 3.2779e-03	
 3.2773e-03	
 7.3872e-03	
 1.2744e-03	
 5.6700e-03	
 4.5983e-03	
 2.7429e-03	
 1.8172e-03	
 3.2538e-03	
 1.6159e-03	
 4.7741e-03	
 1.0287e-03	
 2.9760e-03	
 4.3550e-03	
 2.6862e-03	
 1.1714e-03	
 2.6485e-03	
 3.6229e-03	
 2.3109e-03	
 5.7990e-04	
 1.8510e-03	
 5.2053e-03	
 2.0840e-03	
 1.2019e-03	
 1.4173e-03	
 3.4217e-03	
 1.0999e-03	
 2.8218e-03	
 6.7947e-03	
 4.1061e-03	
 8.0197e-03	
 4.1142e-03	
 4.0775e-03	
 3.5973e-03	
 5.9963e-03	
 3.5529e-03	
 1.1089e-03	
 2.9434e-03	
 2.4924e-03	
 1.1958e-03	
 1.9099e-03	
 1.4761e-03	
 3.5041e-03	
 5.6039e-03	
 2.1875e-03	
 3.7288e-03	
 1.7633e-03	
 2.1226e-03	
 3.6811e-03	
 2.0309e-03	
 5.9192e-03	
 2.3573e-03	
 3.9987e-03	
 2.0847e-03	
 1.6910e-03	
 1.9106e-03	
 3.5726e-03	
 2.4016e-03	
 1.6974e-03	
 1.9043e-03	
 2.9040e-03	
 1.5018e-03	
 1.9238e-03	
 3.5802e-03	
 3.0405e-03	
 1.9669e-03	
 9.2820e-03	
 1.1939e-03	
 2.4598e-03	
 2.5546e-03	
 1.6717e-03	
 9.3695e-03	
 2.3545e-03	
 1.9192e-03	
 2.3143e-03	
 2.9573e-03	
 2.8666e-03	
 3.1424e-03	
 5.0142e-03	
 2.3666e-03	
 2.1754e-03	
 1.1070e-03	
 3.1670e-03	
 1.0816e-02	
 4.0764e-03	
 1.8092e-03	
 2.3245e-03	
 3.9086e-03	
 3.2083e-03	
 1.8438e-03	
 5.2291e-03	
 2.6718e-03	
 2.6440e-03	
 8.9334e-04	
 2.3282e-03	
 6.7047e-03	
 2.2674e-03	
 2.4227e-03	
 3.1421e-03	
 4.0425e-03	
 3.2856e-03	
 4.4929e-03	
 4.9798e-03	
 3.6002e-03	
 1.8051e-03	
 8.7786e-04	
 6.9122e-04	
 3.3316e-03	
 2.2894e-03	
 3.4732e-03	
 5.2095e-03	
 1.6023e-03	
 2.9613e-03	
 2.5668e-03	
 2.2068e-03	
 2.0261e-03	
 6.5502e-03	
 1.1763e-03	
 1.3800e-03	
 9.7012e-04	
 2.2700e-03	
 1.5075e-03	
 4.1027e-03	
 2.8667e-03	
 1.9397e-03	
 4.9088e-03	
 2.5195e-03	
 1.5392e-03	
 1.8802e-03	
 3.3810e-03	
 1.9295e-03	
 2.2452e-03	
 1.7193e-03	
 7.2435e-03	
 1.9188e-03	
 1.3022e-02	
 1.4252e-03	
 1.9959e-03	
 1.3732e-02	
 1.8010e-03	
 5.6441e-03	
 3.3957e-03	
 1.6930e-03	
 4.2379e-03	
 4.5566e-03	
 9.9698e-04	
 2.0401e-03	
 1.2455e-02	
 6.8631e-03	
 1.6205e-03	
 1.3518e-03	
 1.1564e-03	
 2.0783e-03	
 3.8215e-03	
 1.9790e-03	
 1.5480e-03	
 1.4242e-03	
 3.4708e-03	
 3.2258e-03	
 1.9970e-03	
 1.4775e-03	
 2.2059e-03	
 2.5887e-03	
 4.4753e-03	
 3.1524e-03	
 5.0587e-03	
 1.8854e-03	
 2.2468e-03	
 2.3826e-03	
 1.3668e-03	
 2.2991e-03	
 3.3055e-03	
 1.2792e-03	
 2.3624e-03	
 2.7509e-03	
 5.9618e-03	
 3.0553e-03	
 1.0199e-03	
 3.1189e-03	
 2.4149e-03	
 2.4055e-03	
 3.2044e-03	
 5.3854e-03	
 4.4970e-03	
 1.2834e-03	
 5.6217e-03	
 4.5704e-03	
 3.7771e-03	
 2.3025e-03	
 1.1295e-03	
 1.5176e-03	
 3.8793e-03	
 1.9047e-03	
 2.6745e-03	
 2.8148e-03	
 1.1450e-03	
 2.9616e-03	
 1.0693e-03	
 2.7937e-03	
 2.0073e-03	
 1.5029e-03	
 2.8838e-03	
 2.7469e-03	
 1.7010e-03	
 8.4194e-04	
 4.9557e-03	
 4.3237e-03	
 1.7870e-03	
 8.1765e-03	
 2.7128e-03	
 4.1932e-03	
 3.9049e-03	
 3.7623e-03	
 3.4329e-03	
 3.4709e-03	
 5.7789e-03	
 3.6089e-03	
 2.7747e-03	
 2.4665e-03	
 7.5758e-03	
 1.3172e-03	
 1.5487e-03	
 3.0754e-03	
 2.4970e-03	
 1.3765e-03	
 2.0968e-03	
 1.8778e-03	
 2.6232e-03	
 2.9383e-03	
 1.9991e-03	
 1.4787e-03	
 1.7130e-03	
 1.9488e-03	
 2.4609e-03	
 8.1648e-04	
 2.4107e-03	
 4.2763e-03	
 4.9489e-03	
 1.9146e-03	
 5.7065e-03	
 1.6329e-03	
 1.9454e-03	
 1.3583e-03	
 1.9205e-03	
 4.1875e-03	
 6.9692e-03	
 3.5993e-03	
 2.7644e-03	
 9.2233e-03	
 3.6096e-03	
 3.7126e-03	
 8.0292e-03	
 4.1572e-03	
 5.5936e-03	
 1.6862e-03	
 1.4153e-03	
 1.1982e-03	
 1.3588e-03	
 2.7670e-03	
 5.3219e-03	
 4.6340e-03	
 4.8786e-03	
 1.4702e-03	
 5.9210e-03	
 2.7622e-03	
 3.4671e-03	
 3.0519e-03	
 6.8022e-03	
 1.8252e-03	
 5.6651e-03	
 4.0805e-03	
 3.1717e-03	
 2.6061e-03	
 2.5731e-03	
 1.5100e-03	
 3.0168e-03	
 4.6835e-03	
 3.7531e-03	
 3.9298e-03	
 7.8092e-04	
 2.2098e-03	
 5.1682e-03	
 3.0783e-03	
 3.1545e-03	
 1.6135e-03	
 1.0179e-03	
 1.1964e-03	
 5.1819e-03	
 1.7606e-03	
 3.4179e-03	
 1.8897e-03	
 6.5657e-03	
 2.8276e-03	
 2.3985e-03	
 2.1337e-03	
 6.3567e-03	
 1.4620e-03	
 2.3852e-03	
 5.9999e-03	
 4.6855e-03	
 1.2973e-03	
 5.5348e-03	
 3.2816e-03	
 2.7315e-03	
 2.4592e-03	
 1.8371e-03	
 1.0879e-03	
 1.1932e-03	
 2.9845e-03	
 2.7218e-03	
 2.3301e-03	
 1.2198e-03	
 6.0604e-03	
 5.7388e-03	
 5.7621e-03	
 3.6916e-03	
 1.2103e-03	
 4.7233e-03	
 1.8942e-03	
 8.7151e-04	
 3.8043e-03	
 3.4026e-03	
 1.6418e-03	
 1.1660e-03	
 2.6767e-03	
 2.4569e-03	
 1.8913e-03	
 6.6338e-04	
 3.0906e-03	
 3.6686e-03	
 1.3435e-03	
 1.4083e-03	
 2.2519e-03	
 1.9339e-03	
 2.2868e-03	
 1.0980e-03	
 5.9422e-04	
 5.1525e-03	
 2.1080e-03	
 2.2652e-03	
 7.4957e-03	
 4.0971e-03	
 1.8803e-03	
 2.0842e-03	
 1.8643e-03	
 1.6287e-03	
 6.5666e-03	
 1.7049e-03	
 1.5393e-03	
 1.2687e-03	
 1.6945e-03	
 1.1082e-03	
 2.4231e-03	
 2.4319e-03	
 7.9591e-03	
 2.9801e-03	
 4.0623e-03	
 2.7995e-03	
 2.0632e-03	
 3.0109e-03	
 1.3943e-03	
 3.0225e-03	
 2.1748e-03	
 1.3201e-03	
 1.7883e-03	
 2.4828e-03	
 1.5517e-03	
 1.6838e-03	
 6.5292e-04	
 1.2048e-03	
 3.6777e-03	
 6.3464e-03	
 2.0293e-03	
 1.5545e-03	
 4.0073e-03	
 5.0784e-03	
 5.0085e-03	
 1.3897e-03	
 1.0668e-03	
 1.8693e-03	
 2.8369e-03	
 1.3550e-03	
 1.6317e-03	
 5.0860e-03	
 1.4650e-03	
 2.4142e-03	
 1.4314e-03	
 1.7454e-03	
 1.7773e-03	
 4.0742e-03	
 1.9861e-03	
 6.9207e-03	
 8.6553e-04	
 1.6626e-03	
 1.2577e-03	
 2.8719e-03	
 2.1811e-03	
 9.3371e-04	
 8.4653e-04	
 1.5706e-03	
 1.4301e-03	
 1.8996e-03	
 1.3763e-03	
 1.3599e-03	
 3.4421e-03	
 4.0297e-03	
 9.5732e-04	
 1.9041e-03	
 1.4844e-03	
 1.7634e-03	
 1.6907e-03	
 4.8745e-03	
 1.4545e-03	
 1.9806e-03	
 3.6819e-03	
 2.0079e-03	
 2.2172e-03	
 2.6292e-03	
 2.1342e-03	
 2.3542e-03	
 1.8499e-03	
 4.8220e-03	
 2.5169e-03	
 1.4920e-03	
 3.2358e-03	
 1.0669e-03	
 2.3238e-03	
 8.9446e-04	
 7.4312e-04	
 7.5532e-03	
 8.7465e-04	
 1.7713e-03	
 1.1003e-03	
 1.8821e-03	
 1.8865e-03	
 2.9503e-03	
 3.2929e-03	
 1.8782e-03	
 1.2326e-03	
 3.6889e-03	
 1.8074e-03	
 2.0189e-03	
 6.1178e-03	
 1.5044e-03	
 2.7055e-03	
 1.3060e-03	
 1.9864e-03	
 1.1929e-03	
 1.0327e-02	
 4.1683e-03	
 8.2022e-04	
 2.0865e-03	
 1.2212e-03	
 1.7499e-03	
 1.7561e-03	
 8.9004e-04	
 7.3401e-04	
 1.6129e-03	
 1.1115e-03	
 1.0296e-03	
 8.2392e-04	
 1.2663e-03	
 1.2244e-03	
 1.1644e-03	
 1.4992e-03	
 1.3114e-03	
 5.9811e-04	
 1.6536e-03	
 4.8988e-03	
 2.9164e-03	
 1.1760e-03	
 2.7490e-03	
 3.0592e-03	
 1.6523e-03	
 8.7289e-04	
 6.4451e-04	
 2.8437e-03	
 4.5416e-03	
 4.1157e-03	
 1.2653e-03	
 1.5066e-03	
 2.4242e-03	
 1.5746e-03	
 1.9354e-03	
 1.0123e-03	
 3.6159e-03	
 3.4558e-03	
 4.8225e-03	
 1.9022e-03	
 1.1256e-03	
 2.1823e-03	
 2.2903e-03	
 2.6956e-03	
 4.6086e-04	
 2.4462e-03	
 8.9362e-04	
 1.6050e-03	
 8.6925e-04	
 1.3371e-03	
 1.3849e-03	
 1.8319e-03	
 1.6896e-03	
 6.6785e-04	
 5.7521e-03	
 7.1994e-03	
 4.3144e-04	
 9.3131e-04	
 2.3130e-03	
 1.1345e-03	
 1.6919e-03	
 2.7336e-03	
 9.8011e-04	
 1.1155e-03	
 7.3745e-04	
 6.8678e-04	
 1.0848e-03	
 1.5677e-03	
 1.2712e-03	
 2.5057e-03	
 3.8954e-03	
 9.2779e-04	
 8.8287e-04	
 3.6722e-03	
 1.0859e-03	
 1.1295e-03	
 6.7439e-04	
 2.2531e-03	
 3.7659e-03	
 5.9912e-04	
 1.3970e-03	
 3.7062e-03	
 8.2830e-04	
 1.1434e-03	
 6.8885e-04	
 6.5393e-03	
 1.0360e-03	
 1.7661e-03	
 1.3004e-03	
 8.4676e-04	
 1.3941e-03	
 2.0211e-03	
 1.9492e-03	
 2.6084e-03	
 1.9732e-03	
 7.9257e-04	
 1.0159e-03	
 7.9786e-04	
 9.7431e-04	
 7.0351e-04	
 2.7831e-03	
 5.1192e-04	
 6.4156e-03	
 1.8312e-03	
 1.7895e-03	
 2.6617e-03	
 3.1788e-03	
 8.7836e-04	
 1.0734e-03	
 1.4849e-03	
 1.9881e-03	
 1.3684e-03	
 3.2063e-03	
 1.4064e-03	
 4.0330e-03	
 7.0742e-04	
 1.6642e-03	
 4.0645e-03	
 1.0038e-03	
 1.0437e-03	
 1.3548e-03	
 2.8442e-03	
 1.4942e-03	
 8.0971e-04	
 1.2729e-03	
 2.4624e-03	
 1.6036e-03	
 1.0741e-03	
 4.2155e-04	
 3.1489e-03	
 1.7068e-03	
 1.9408e-03	
 4.1605e-03	
 1.9398e-03	
 4.3268e-03	
 2.1149e-03	
 2.6937e-03	
 1.4781e-03	
 3.0619e-03	
 2.5982e-03	
 8.5484e-04	
 2.7688e-03	
 2.6353e-03	
 6.3755e-04	
 1.4581e-03	
 8.6222e-04	
 9.5261e-04	
 2.4831e-03	
 1.8134e-03	
 2.2097e-03	
 9.3226e-04	
 1.1279e-03	
 2.0845e-03	
 1.0467e-03	
 2.3145e-03	
 1.0340e-03	
 1.9510e-03	
 3.2892e-03	
 1.1556e-03	
 1.2597e-03	
 1.4782e-03	
 1.2481e-03	
 1.6346e-03	
 9.0812e-04	
 1.7650e-03	
 1.7272e-03	
 9.4065e-04	
 2.1935e-03	
 1.3345e-03	
 1.2352e-03	
 6.3569e-03	
 1.0232e-03	
 1.6753e-03	
 1.5419e-03	
 1.8295e-03	
 4.9758e-03	
 8.1674e-04	
 2.5659e-03	
 2.2139e-03	
 1.5399e-03	
 1.3949e-03	
 2.2278e-03	
 4.7383e-03	
 9.1783e-04	
 1.1207e-03	
 7.4893e-04	
 2.1195e-03	
 3.2539e-03	
 1.3665e-03	
 1.6458e-03	
 1.3757e-03	
 3.4956e-03	
 1.7041e-03	
 6.1541e-04	
 1.6143e-03	
 1.5367e-03	
 1.4910e-03	
 1.3272e-03	
 1.0638e-03	
 2.3789e-03	
 2.2623e-03	
 7.7537e-04	
 1.3841e-03	
 3.2036e-03	
 2.6203e-03	
 3.7478e-03	
 4.5752e-03	
 2.1085e-03	
 1.3330e-03	
 1.1123e-03	
 5.1263e-04	
 1.7387e-03	
 1.2169e-03	
 1.5480e-03	
 3.5984e-03	
 1.9396e-03	
 1.4109e-03	
 7.0995e-04	
 2.5879e-03	
 9.6504e-04	
 5.8115e-03	
 6.5739e-04	
 9.2432e-04	
 8.3852e-04	
 2.0671e-03	
 1.6435e-03	
 5.7680e-03	
 1.9747e-03	
 6.8189e-04	
 4.1052e-03	
 1.7368e-03	
 1.2725e-03	
 1.4429e-03	
 3.0728e-03	
 2.5755e-03	
 1.3979e-03	
 1.3006e-03	
 2.3951e-03	
 1.9196e-03	
 6.6850e-03	
 1.6899e-03	
 1.2784e-03	
 7.3340e-03	
 1.4459e-03	
 3.0852e-03	
 1.0958e-03	
 1.3357e-03	
 1.8228e-03	
 2.4838e-03	
 1.0589e-03	
 1.9058e-03	
 5.2934e-03	
 3.0319e-03	
 8.4952e-04	
 6.6076e-04	
 5.4488e-04	
 3.0339e-03	
 1.9588e-03	
 1.4306e-03	
 1.2306e-03	
 6.8646e-04	
 8.5209e-04	
 1.3675e-03	
 1.3423e-03	
 1.2160e-03	
 1.1560e-03	
 1.3636e-03	
 2.6530e-03	
 2.6233e-03	
 6.2054e-03	
 1.4536e-03	
 1.3525e-03	
 1.2738e-03	
 1.0293e-03	
 1.0509e-03	
 1.6786e-03	
 1.9573e-03	
 8.6598e-04	
 1.7139e-03	
 5.6278e-03	
 2.3777e-03	
 5.1012e-04	
 1.9175e-03	
 1.5789e-03	
 1.3683e-03	
 3.1614e-03	
 5.3793e-03	
 6.4380e-03	
 1.5165e-03	
 6.3337e-03	
 7.7724e-03	
 7.1314e-03	
 1.2985e-03	
 1.0434e-03	
 2.3177e-03	
 2.1830e-03	
 8.3456e-04	
 1.5705e-03	
 2.0742e-03	
 1.1415e-03	
 2.7697e-03	
 5.4039e-04	
 2.1611e-03	
 1.1501e-03	
 8.1107e-04	
 2.0296e-03	
 1.5913e-03	
 1.2716e-03	
 9.0936e-04	
 3.7178e-03	
 6.3319e-03	
 1.7118e-03	
 3.4085e-03	
 1.2319e-03	
 2.6780e-03	
 3.4420e-03	
 1.5996e-03	
 3.9604e-03	
 2.8618e-03	
 9.3210e-03	
 3.7350e-03	
 2.2518e-03	
 3.8484e-03	
 2.6582e-03	
 1.4035e-03	
 1.2438e-03	
 2.1406e-03	
 1.4690e-03	
 1.3207e-03	
 1.6930e-03	
 1.6211e-03	
 1.4133e-03	
 3.2090e-03	
 1.0579e-03	
 1.3056e-03	
 1.2881e-03	
 1.6954e-03	
 5.2148e-03	
 1.2422e-03	
 8.2026e-04	
 2.8889e-03	
 2.2441e-03	
 1.3320e-03	
 3.8445e-03	
 1.8378e-03	
 1.3610e-03	
 1.0935e-03	
 1.7256e-03	
 4.6611e-03	
 3.9838e-03	
 8.5080e-04	
 3.3302e-03	
 3.5718e-03	
 2.6327e-03	
 3.2047e-03	
 4.7599e-03	
 4.7341e-03	
 4.3435e-03	
 1.1534e-03	
 9.9784e-04	
 8.4744e-04	
 1.5803e-03	
 1.9780e-03	
 2.8050e-03	
 2.9820e-03	
 2.7380e-03	
 1.4395e-03	
 5.2830e-03	
 2.9682e-03	
 2.0661e-03	
 2.9507e-03	
 3.1081e-03	
 5.6836e-04	
 7.6747e-03	
 5.2450e-03	
 2.8746e-03	
 2.1531e-03	
 1.7848e-03	
 1.0258e-03	
 1.8497e-03	
 4.4941e-03	
 2.7941e-03	
 2.4548e-03	
 5.0593e-04	
 1.4989e-03	
 1.3135e-03	
 3.0797e-03	
 3.0374e-03	
 1.2289e-03	
 1.5458e-03	
 1.2498e-03	
 2.6413e-03	
 9.8720e-04	
 2.6407e-03	
 9.5062e-04	
 2.7631e-03	
 2.0408e-03	
 8.8169e-04	
 1.8159e-03	
 2.0604e-03	
 7.7137e-04	
 2.1008e-03	
 3.3068e-03	
 4.7912e-03	
 1.5779e-03	
 2.3958e-03	
 2.1481e-03	
 1.7773e-03	
 2.2036e-03	
 1.8714e-03	
 2.0564e-03	
 7.1636e-04	
 2.7411e-03	
 1.6449e-03	
 2.1255e-03	
 1.1218e-03	
 2.3366e-03	
 2.2880e-03	
 3.8237e-03	
 3.5488e-03	
 5.3103e-04	
 1.9032e-03	
 7.4512e-04	
 5.2390e-04	
 1.8498e-03	
 1.2098e-03	
 8.2817e-04	
 6.3228e-04	
 2.0499e-03	
 1.1288e-03	
 7.4403e-04	
 5.1311e-04	
 3.3124e-03	
 8.4643e-04	
 6.2697e-04	
 9.3535e-04	
 1.7927e-03	
 1.6170e-03	
 1.0429e-03	
 9.8325e-04	
 5.4823e-04	
 1.4192e-02	
 1.1220e-03	
 6.5808e-04	
 2.8087e-03	
 2.9204e-03	
 1.1580e-03	
 1.3106e-03	
 8.0500e-04	
 5.9037e-04	
 4.9150e-03	
 8.7326e-04	
 1.0776e-03	
 1.5055e-03	
 9.5483e-04	
 3.8635e-04	
 9.0655e-04	
 1.5142e-03	
 6.1986e-03	
 1.4894e-03	
 2.0964e-03	
 2.5622e-03	
 9.9776e-04	
 1.4909e-03	
 7.3481e-04	
 8.1714e-04	
 1.3141e-03	
 3.6848e-04	
 5.2772e-04	
 1.6918e-03	
 1.6398e-03	
 7.0077e-04	
 4.4668e-04	
 8.3425e-04	
 2.2043e-03	
 2.1163e-03	
 7.1960e-04	
 9.3286e-04	
 3.2159e-03	
 3.4433e-03	
 1.7386e-03	
 1.0966e-03	
 6.2670e-04	
 8.5676e-04	
 2.0831e-03	
 9.0624e-04	
 1.1007e-03	
 2.8040e-03	
 7.4328e-04	
 2.0956e-03	
 7.0218e-04	
 1.1376e-03	
 7.6832e-04	
 2.0752e-03	
 7.6156e-04	
 6.2953e-03	
 5.7646e-04	
 1.4138e-03	
 1.3843e-03	
 1.2458e-03	
 1.5279e-03	
 4.0044e-04	
 7.4928e-04	
 1.1608e-03	
 8.5642e-04	
 1.0805e-03	
 5.8174e-04	
 1.2268e-03	
 1.7961e-03	
 2.6452e-03	
 3.7484e-04	
 1.0883e-03	
 8.1434e-04	
 8.6399e-04	
 1.4905e-03	
 2.3005e-03	
 6.7932e-04	
 9.6521e-04	
 9.5844e-03	
 1.4117e-03	
 1.3651e-03	
 2.2289e-03	
 9.9877e-04	
 1.2767e-03	
 6.9488e-04	
 2.3524e-03	
 1.1983e-03	
 1.3036e-03	
 1.9884e-03	
 7.8257e-04	
 6.4170e-04	
 1.3419e-03	
 6.1695e-04	
 8.3397e-03	
 5.9993e-04	
 1.1954e-03	
 8.7033e-04	
 9.4602e-04	
 1.0898e-03	
 3.9553e-03	
 1.9735e-03	
 1.0910e-03	
 1.3873e-03	
 4.1915e-03	
 7.2459e-04	
 1.5155e-03	
 1.9117e-03	
 1.0385e-03	
 2.6002e-03	
 1.0252e-03	
 1.5224e-03	
 1.1887e-03	
 4.9580e-03	
 3.2093e-03	
 7.1556e-04	
 1.0863e-03	
 8.2357e-04	
 8.4822e-04	
 1.3126e-03	
 8.7282e-04	
 5.9623e-04	
 6.1833e-04	
 5.8259e-04	
 6.3579e-04	
 9.6166e-04	
 7.2189e-04	
 8.1380e-04	
 9.4190e-04	
 8.2792e-04	
 1.4988e-03	
 1.0949e-03	
 1.0233e-03	
 1.6754e-03	
 1.9451e-03	
 3.5392e-04	
 8.6603e-04	
 1.5396e-03	
 1.2194e-03	
 5.8887e-04	
 6.2351e-04	
 1.5567e-03	
 5.2304e-03	
 3.4011e-03	
 1.1809e-03	
 8.0096e-04	
 2.2633e-03	
 7.1801e-04	
 1.0342e-03	
 9.5744e-04	
 2.9407e-03	
 3.9887e-03	
 2.5791e-03	
 1.5853e-03	
 1.0499e-03	
 1.2475e-03	
 2.8572e-03	
 2.7450e-03	
 6.0590e-04	
 1.4642e-03	
 1.4111e-03	
 9.0137e-04	
 7.0364e-04	
 3.8025e-04	
 9.8927e-04	
 1.2818e-03	
 1.0291e-03	
 6.6990e-04	
 2.9641e-03	
 7.1902e-03	
 6.5133e-04	
 6.8581e-04	
 8.6998e-04	
 1.4202e-03	
 5.9705e-04	
 1.5374e-03	
 1.0020e-03	
 7.2461e-04	
 4.5898e-04	
 1.0335e-03	
 6.5558e-04	
 1.5347e-03	
 1.0828e-03	
 1.6808e-03	
 2.0675e-03	
 3.9322e-04	
 1.0563e-03	
 1.8147e-03	
 1.0898e-03	
 6.2544e-04	
 1.1480e-03	
 1.1697e-03	
 2.0831e-03	
 5.3749e-04	
 1.0549e-03	
 2.6955e-03	
 4.8112e-04	
 1.1231e-03	
 9.9522e-04	
 4.1807e-03	
 1.1075e-03	
 8.4529e-04	
 5.4835e-04	
 8.6543e-04	
 8.5494e-04	
 1.7507e-03	
 1.2744e-03	
 2.1831e-03	
 9.2337e-04	
 3.7364e-04	
 5.4839e-04	
 5.8584e-04	
 4.7755e-04	
 7.7282e-04	
 1.5534e-03	
 4.2452e-04	
 3.5712e-03	
 7.6218e-04	
 1.1610e-03	
 2.3815e-03	
 1.4407e-03	
 8.4716e-04	
 9.2926e-04	
 8.4715e-04	
 1.1835e-03	
 3.9549e-04	
 2.3836e-03	
 6.7507e-04	
 2.3868e-03	
 9.3966e-04	
 1.1462e-03	
 1.7461e-03	
 8.1008e-04	
 4.0204e-04	
 6.2576e-04	
 9.8985e-04	
 6.2282e-04	
 3.6842e-04	
 1.2239e-03	
 2.2552e-03	
 7.1246e-04	
 6.7010e-04	
 6.7813e-04	
 1.1038e-03	
 7.9264e-04	
 9.9619e-04	
 2.3110e-03	
 1.5750e-03	
 2.7514e-03	
 1.2652e-03	
 1.8287e-03	
 8.9901e-04	
 2.2614e-03	
 2.0128e-03	
 8.4797e-04	
 1.9929e-03	
 2.0702e-03	
 6.3502e-04	
 4.8888e-04	
 5.8329e-04	
 1.2296e-03	
 1.9272e-03	
 7.8867e-04	
 1.3180e-03	
 5.8329e-04	
 5.8890e-04	
 1.0917e-03	
 1.0602e-03	
 1.2044e-03	
 5.5271e-04	
 1.0995e-03	
 1.6559e-03	
 8.0486e-04	
 7.9523e-04	
 6.4715e-04	
 8.5487e-04	
 1.0410e-03	
 5.9334e-04	
 1.6071e-03	
 7.6219e-04	
 9.7246e-04	
 1.7917e-03	
 1.2609e-03	
 8.1045e-04	
 5.5035e-03	
 4.5665e-04	
 5.1777e-04	
 9.1525e-04	
 1.2207e-03	
 2.7893e-03	
 2.1975e-04	
 1.1209e-03	
 1.0180e-03	
 1.0974e-03	
 8.5151e-04	
 1.2526e-03	
 4.2685e-03	
 4.2304e-04	
 1.0224e-03	
 5.8493e-04	
 1.0234e-03	
 2.5359e-03	
 9.5507e-04	
 1.2464e-03	
 1.4379e-03	
 8.6737e-04	
 7.3229e-04	
 6.4475e-04	
 1.1902e-03	
 1.5802e-03	
 1.2665e-03	
 4.8127e-04	
 7.0893e-04	
 2.1667e-03	
 1.1518e-03	
 8.4094e-04	
 1.3151e-03	
 2.6190e-03	
 9.9904e-04	
 1.8139e-03	
 2.6293e-03	
 1.2051e-03	
 9.1060e-04	
 8.1728e-04	
 6.0743e-04	
 1.4049e-03	
 9.4275e-04	
 2.2977e-03	
 1.4782e-03	
 1.7586e-03	
 1.0572e-03	
 5.6281e-04	
 1.8613e-03	
 8.7354e-04	
 1.8028e-03	
 8.6477e-04	
 7.0702e-04	
 4.7023e-04	
 7.3444e-04	
 1.4863e-03	
 2.2932e-03	
 1.5388e-03	
