% loss (train set)	
 2.7550e+01	
 2.6020e+01	
 2.8090e+01	
 2.8090e+01	
 2.1850e+01	
 2.2450e+01	
 2.2570e+01	
 2.3340e+01	
 2.3030e+01	
 2.0350e+01	
 2.0850e+01	
 1.9630e+01	
 1.8870e+01	
 1.8920e+01	
 1.7300e+01	
 1.7790e+01	
 1.6340e+01	
 1.8030e+01	
 1.6870e+01	
 1.5510e+01	
 1.6230e+01	
 1.6310e+01	
 1.6510e+01	
 1.5140e+01	
 1.5140e+01	
 1.4570e+01	
 1.5660e+01	
 1.6610e+01	
 1.5160e+01	
 1.3210e+01	
 1.2950e+01	
 1.2030e+01	
 1.3600e+01	
 1.1370e+01	
 1.2390e+01	
 1.1880e+01	
 1.2650e+01	
 1.2550e+01	
 1.2450e+01	
 1.2280e+01	
 1.1370e+01	
