% score (train set)	
 6.9968e+00	
 1.0076e+01	
 1.5729e+01	
 2.7122e+01	
 3.9991e+01	
 5.6823e+01	
 7.3900e+01	
 8.3781e+01	
 1.0031e+02	
 1.0031e+02	
 1.0962e+02	
 1.1909e+02	
 1.2605e+02	
 1.3441e+02	
 1.4281e+02	
 1.3933e+02	
 1.4084e+02	
 1.4596e+02	
 1.5193e+02	
 1.4973e+02	
 1.5018e+02	
 1.4788e+02	
 1.5803e+02	
 1.4860e+02	
 1.4819e+02	
 1.6238e+02	
 1.5317e+02	
 1.6361e+02	
 1.6380e+02	
 1.5973e+02	
 1.5911e+02	
 1.4915e+02	
 1.7025e+02	
 1.5699e+02	
 1.6544e+02	
 1.7337e+02	
 1.7467e+02	
 1.6312e+02	
 1.6448e+02	
 1.6951e+02	
 1.5699e+02	
