% loss (train set)	
 2.6310e+01	
 2.4450e+01	
 2.5560e+01	
 2.4890e+01	
 2.3440e+01	
 2.8110e+01	
 2.2650e+01	
 2.3180e+01	
 2.2330e+01	
 2.3120e+01	
 2.0320e+01	
 2.0470e+01	
 2.0700e+01	
 2.0480e+01	
 1.8240e+01	
 1.7510e+01	
 1.7690e+01	
 1.8330e+01	
 1.6680e+01	
 1.7620e+01	
 1.6150e+01	
 1.7710e+01	
 1.6030e+01	
 1.6740e+01	
 1.4830e+01	
 1.6190e+01	
 1.5820e+01	
 1.5580e+01	
 1.3900e+01	
 1.3740e+01	
 1.3620e+01	
 1.3640e+01	
 1.3710e+01	
 1.4300e+01	
 1.4000e+01	
 1.3880e+01	
 1.4350e+01	
 1.3620e+01	
