% score (train set)	
 3.2216e+00	
 3.2455e+00	
 4.6638e+00	
 6.8078e+00	
 1.0092e+01	
 1.6343e+01	
 2.3279e+01	
 3.7123e+01	
 4.9388e+01	
 5.6639e+01	
 6.0249e+01	
 7.9463e+01	
 9.1608e+01	
 1.0166e+02	
 1.0721e+02	
 1.1516e+02	
 1.1739e+02	
 1.2980e+02	
 1.3792e+02	
 1.3640e+02	
 1.3322e+02	
 1.4659e+02	
 1.4415e+02	
 1.4822e+02	
 1.4737e+02	
 1.4629e+02	
 1.5395e+02	
 1.4260e+02	
 1.5125e+02	
 1.5098e+02	
 1.5331e+02	
 1.4868e+02	
 1.6069e+02	
 1.5027e+02	
 1.5618e+02	
 1.5861e+02	
 1.5867e+02	
 1.5331e+02	
