% grad norm (train set)	
 2.2284e-02	
 9.9232e-02	
 7.6834e-02	
 6.9944e-02	
 1.3490e-01	
 1.4406e-01	
 3.5624e-02	
 1.4621e-01	
 1.2562e-01	
 1.5349e-01	
 1.9525e-01	
 1.6590e-01	
 8.4904e-02	
 4.1844e-02	
 1.4925e-01	
 1.8898e-01	
 1.5540e-01	
 2.3214e-01	
 1.5629e-01	
 1.5569e-01	
 2.8789e-01	
 2.2129e-01	
 6.0500e-02	
 3.0888e-01	
 5.5418e-01	
 7.0254e-02	
 1.7365e-01	
 4.6998e-02	
 1.6385e-01	
 8.6457e-02	
 2.7377e-01	
 6.3136e-02	
 1.6935e-01	
 3.6616e-02	
 5.3839e-02	
 1.3082e-01	
 7.0048e-02	
 1.4512e-01	
 4.7786e-02	
 1.7025e-01	
 7.1941e-02	
 1.0472e-01	
 2.3435e-01	
 5.8045e-02	
 9.3059e-02	
 1.6922e-01	
 1.6742e-01	
 6.4195e-02	
 4.8518e-02	
 2.7142e-01	
 1.3910e-01	
 1.3374e-01	
 7.1501e-02	
 2.4777e-01	
 1.8553e-01	
 1.7501e-01	
 7.6761e-02	
 1.7017e-01	
 4.5086e-02	
 1.0351e-01	
 1.0924e-01	
 2.0101e-01	
 6.2156e-02	
 5.4287e-02	
 5.9429e-02	
 1.3719e-01	
 1.3232e-01	
 8.7355e-02	
 1.7510e-01	
 1.7429e-01	
 3.4604e-01	
 1.3923e-01	
 5.3011e-02	
 2.2460e-01	
 1.3819e-01	
 4.3536e-02	
 2.6614e-01	
 3.9389e-01	
 2.7153e-01	
 1.3716e-01	
 6.9355e-02	
 2.1877e-01	
 2.4333e-01	
 8.8280e-02	
 9.7706e-02	
 8.2058e-02	
 2.0383e-01	
 9.7308e-02	
 5.3796e-02	
 3.9696e-02	
 1.0068e-01	
 1.4911e-01	
 9.5069e-02	
 1.3192e-01	
 9.5900e-02	
 8.9798e-02	
 8.6984e-02	
 1.8771e-01	
 7.9102e-02	
 1.3412e-01	
 9.8723e-02	
 6.5367e-02	
 3.6731e-01	
 1.1771e-01	
 2.9604e-01	
 1.6148e-01	
 7.7260e-02	
 1.9163e-01	
 1.5854e-01	
 3.9132e-01	
 6.7068e-01	
 2.0580e-01	
 1.3951e-01	
 9.6081e-02	
 5.8045e-02	
 8.4904e-02	
 2.5999e-01	
 7.7797e-02	
 7.3815e-02	
 8.3040e-02	
 5.1077e-02	
 3.6949e-01	
 6.1392e-02	
 8.2726e-02	
 1.0040e-01	
 5.5943e-02	
 2.9642e-01	
 5.4741e-02	
 2.6185e-01	
 1.8469e-01	
 1.1357e-01	
 5.2902e-02	
 1.1186e-01	
 4.5726e-01	
 7.0025e-02	
 4.3778e-01	
 1.3417e-01	
 6.3306e-01	
 2.0814e-01	
 7.6432e-02	
 1.9106e-01	
 9.9345e-01	
 4.8967e-01	
 1.9173e-01	
 1.9681e-01	
 8.5963e-02	
 3.0256e-01	
 4.9650e-01	
 1.2270e-01	
 2.1662e-01	
 8.9682e-02	
 1.2237e-01	
 1.6937e-01	
 1.4369e-01	
 5.5436e-02	
 8.0305e-02	
 2.2004e-01	
 1.0725e-01	
 2.5183e-01	
 1.8024e-01	
 4.5072e-02	
 2.9228e-01	
 1.3352e-01	
 9.8560e-02	
 4.0745e-02	
 5.1494e-02	
 1.8287e-01	
 9.5009e-02	
 8.9868e-02	
 1.6903e-01	
 1.9185e-01	
 2.4906e-01	
 6.9174e-02	
 1.9605e-01	
 2.0679e-01	
 4.6906e-02	
 1.7952e-01	
 2.2895e-01	
 4.0492e-01	
 2.4023e-01	
 3.8215e-01	
 2.1808e-01	
 2.3261e-01	
 1.1098e-01	
 8.6451e-02	
 3.1299e-01	
 5.9338e-02	
 1.5251e-01	
 8.2193e-02	
 4.7177e-02	
 1.3073e-01	
 3.9833e-02	
 2.9692e-01	
 2.8726e-01	
 2.6503e-01	
 1.0136e-01	
 2.4561e-01	
 1.2156e-01	
 4.0067e-01	
 6.7277e-02	
 2.3046e-01	
 5.8875e-02	
 1.5653e-01	
 5.1646e-02	
 2.7591e-01	
 6.4973e-02	
 6.7823e-02	
 5.1863e-02	
 5.9131e-02	
 3.1233e-02	
 7.8099e-02	
 8.9987e-02	
 2.6402e-01	
 1.4778e-01	
 2.8726e-01	
 1.9206e-01	
 7.0953e-02	
 5.7317e-01	
 1.4422e-01	
 6.7717e-02	
 6.2446e-02	
 1.5776e-01	
 1.0824e-01	
 7.6452e-02	
 1.1201e-01	
 5.2674e-02	
 3.0982e-01	
 2.3714e-01	
 2.0490e-01	
 2.3060e-01	
 5.2792e-02	
 1.8225e-01	
 1.4632e-01	
 3.0765e-01	
 5.1408e-01	
 1.1629e-01	
 5.0283e-01	
 8.3494e-02	
 1.2746e-01	
 6.8522e-02	
 5.9801e-02	
 7.2975e-02	
 1.2074e-01	
 3.4429e-01	
 3.6998e-01	
 6.0008e-02	
 4.2115e-01	
 8.4807e-02	
 5.4160e-01	
 2.5366e-01	
 1.1220e-01	
 8.5149e-01	
 6.6151e-02	
 4.8499e-02	
 8.0795e-02	
 2.5083e-01	
 2.4889e-01	
 5.5926e-02	
 8.5509e-02	
 2.5592e-01	
 6.6861e-01	
 1.3826e-01	
 4.6131e-02	
 3.6934e-02	
 2.3200e-01	
 1.0513e-01	
 1.5615e-01	
 1.7621e-01	
 2.6799e-01	
 2.4640e-01	
 2.2433e-01	
 8.9557e-02	
 7.6586e-02	
 1.2423e-01	
 5.6987e-01	
 3.1629e-01	
 2.6557e-01	
 4.4808e-01	
 9.3919e-02	
 1.7054e-01	
 1.8658e-01	
 1.4441e-01	
 2.6523e-01	
 1.4656e-01	
 1.7970e-01	
 9.0872e-02	
 2.3236e-01	
 2.4362e-01	
 1.2241e-01	
 2.2633e-01	
 7.0475e-02	
 7.8436e-02	
 7.5961e-02	
 1.0179e+00	
 4.5842e-01	
 2.0558e-01	
 4.7251e-02	
 1.4599e-01	
 9.7756e-02	
 3.8732e-01	
 1.9298e-01	
 1.1847e-01	
 2.3321e-01	
 1.7168e-01	
 2.7964e-01	
 5.4211e-02	
 4.6506e-02	
 5.4227e-02	
 2.4074e-01	
 2.5745e-01	
 5.6569e-01	
 2.8024e-01	
 1.2053e-01	
 1.0169e-01	
 1.2051e-01	
 2.2267e-01	
 1.3777e-01	
 4.8059e-02	
 1.3976e-01	
 1.0762e-01	
 9.4705e-02	
 4.0760e-02	
 4.6243e-02	
 8.1237e-02	
 2.3124e-01	
 1.1392e-01	
 2.1566e-01	
 7.2042e-02	
 2.5391e-01	
 8.9735e-02	
 9.4301e-02	
 2.0687e-01	
 1.3830e-01	
 2.1577e-01	
 1.4675e-01	
 8.4039e-02	
 6.2051e-02	
 1.4780e-01	
 7.4532e-02	
 4.4947e-02	
 2.2657e-01	
 4.9360e-01	
 3.6781e-01	
 6.8712e-01	
 1.9102e-01	
 5.4669e-02	
 3.0223e-01	
 2.4640e-01	
 1.6256e-01	
 4.6760e-01	
 1.3787e-01	
 2.8469e-01	
 2.1593e-01	
 6.8054e-02	
 6.5164e-02	
 6.4644e-02	
 4.9268e-02	
 3.3428e-01	
 1.1023e-01	
 2.0841e-01	
 7.3277e-02	
 5.9710e-02	
 6.9991e-02	
 3.3358e-01	
 3.4520e-01	
 2.3018e-01	
 8.2055e-02	
 8.2124e-02	
 1.7867e-01	
 5.4384e-01	
 1.2681e-01	
 3.9072e-01	
 1.3786e-01	
 3.5126e-01	
 3.9153e-01	
 4.7297e-01	
 2.5151e-01	
 3.6998e-01	
 3.0600e-01	
 1.3313e-01	
 1.2405e-01	
 1.1641e-01	
 6.0692e-01	
 7.5730e-02	
 1.0108e-01	
 2.1398e-01	
 2.5748e-01	
 1.1014e-01	
 8.4895e-02	
 6.6610e-02	
 7.7534e-02	
 6.3264e-02	
 3.7911e-01	
 7.8406e-02	
 6.2793e-01	
 5.7037e-01	
 8.1452e-02	
 5.5107e-01	
 1.0378e-01	
 7.7160e-02	
 1.6095e-01	
 2.6659e-01	
 7.3107e-02	
 8.0041e-02	
 9.8531e-02	
 4.8001e-01	
 2.2138e-01	
 3.1397e-01	
 5.7889e-01	
 4.0483e-01	
 7.2581e-02	
 3.5879e-01	
 4.2375e-01	
 4.0309e-01	
 3.7770e-01	
 7.7894e-02	
 1.9898e-01	
 1.9360e-01	
 1.0724e-01	
 2.1806e-01	
 1.3502e-01	
 2.6164e-01	
 7.6740e-01	
 7.6665e-01	
 3.9285e-02	
 5.4744e-02	
 4.9670e-02	
 1.1059e-01	
 1.4107e-01	
 2.9373e-01	
 1.5585e-01	
 1.2837e-01	
 6.4395e-02	
 6.2853e-02	
 9.8153e-02	
 2.5690e-01	
 1.6679e-01	
 1.0271e-01	
 6.2086e-02	
 3.1876e-01	
 4.5099e-01	
 1.7831e-01	
 7.8443e-02	
 1.5437e-01	
 7.4826e-02	
 1.2087e-01	
 2.0291e-01	
 5.2643e-02	
 2.5789e-01	
 7.9522e-02	
 9.7701e-02	
 1.9887e-01	
 3.6717e-01	
 8.1566e-02	
 7.4283e-02	
 2.4049e-01	
 0.0000e+00	
 2.3047e-01	
 9.5687e-02	
 7.4566e-02	
 1.2741e-01	
 1.6651e-01	
 1.1156e-01	
 2.8238e-01	
 4.2757e-01	
 8.4198e-02	
 7.4840e-02	
 1.0085e-01	
 1.7407e-01	
 6.6636e-01	
 7.2468e-02	
 6.1234e-01	
 8.2408e-02	
 3.8635e-01	
 2.4699e-01	
 6.6124e-02	
 3.2405e-01	
 5.7417e-01	
 4.2553e-01	
 1.2367e-01	
 3.0714e-01	
 3.1581e-01	
 1.2748e-01	
 1.7315e-01	
 1.0240e-01	
 4.5734e-01	
 3.3616e-01	
 2.8442e-01	
 9.1565e-02	
 2.1964e-01	
 3.3538e-01	
 7.5231e-02	
 1.8935e-01	
 2.6962e-01	
 1.1304e-01	
 7.1606e-02	
 1.7163e-01	
 2.3050e-01	
 1.3544e-01	
 8.0651e-02	
 2.4728e-01	
 4.3340e-02	
 9.1085e-02	
 1.6074e-01	
 2.4444e-01	
 3.7110e-01	
 6.9689e-02	
 1.0489e-01	
 1.0669e-01	
 1.1907e-01	
 2.8964e-01	
 1.0995e-01	
 2.6768e-01	
 4.9324e-02	
 8.0803e-02	
 5.0297e-02	
 2.5502e-01	
 2.6641e-01	
 4.2243e-01	
 2.9223e-01	
 2.9737e-01	
 4.4073e-01	
 6.9680e-02	
 2.5735e-01	
 8.0487e-02	
 2.4832e-01	
 9.9441e-02	
 7.1986e-02	
 2.7075e-01	
 1.3882e-01	
 1.4909e-01	
 9.7419e-02	
 3.2143e-02	
 9.4881e-01	
 4.8091e-01	
 7.1086e-01	
 3.1609e-01	
 8.8708e-02	
 8.0363e-01	
 9.2471e-01	
 4.5323e-01	
 8.7485e-02	
 1.5722e-01	
 8.2165e-01	
 5.2215e-01	
 1.2777e-01	
 9.8848e-02	
 3.8275e-01	
 1.1032e-01	
 4.5870e-01	
 4.6659e-01	
 1.5369e-01	
 1.2488e-01	
 3.5085e-01	
 7.2561e-02	
 3.6818e-01	
 3.5515e-01	
 8.4801e-02	
 1.3547e-01	
 9.7423e-02	
 6.9406e-02	
 8.2736e-02	
 1.9836e-01	
 1.1329e-01	
 2.8238e-01	
 2.3568e-01	
 7.6355e-02	
 6.6323e-01	
 1.2134e-01	
 4.9023e-01	
 5.9742e-02	
 5.0195e-01	
 5.7623e-02	
 8.8583e-02	
 2.4963e-01	
 7.6615e-02	
 1.1805e-01	
 3.6236e-02	
 1.0101e-01	
 5.0873e-01	
 4.4261e-01	
 1.6079e-01	
 6.5622e-02	
 2.1472e-01	
 6.6694e-02	
 4.2000e-01	
 2.4931e-01	
 1.0534e-01	
 7.6545e-02	
 6.8405e-01	
 8.1624e-01	
 1.1087e-01	
 4.7267e-02	
 8.6933e-02	
 8.2993e-02	
 8.7538e-02	
 2.4781e-01	
 1.6538e-01	
 6.7955e-02	
 2.1811e-01	
 4.5802e-01	
 2.0557e-01	
 1.0825e-01	
 1.4125e-01	
 2.4301e-01	
 2.9010e-01	
 6.5702e-02	
 4.8154e-01	
 3.8406e-01	
 6.8969e-02	
 3.7876e-01	
 8.3291e-02	
 2.7140e-01	
 1.5030e-01	
 3.9038e-01	
 3.6267e-01	
 3.8463e-01	
 1.1782e-01	
 1.0733e-01	
 1.8478e-01	
 9.2210e-02	
 1.1361e-01	
 5.0246e-01	
 2.6154e-01	
 7.7587e-02	
 7.2593e-02	
 2.4173e-01	
 7.3707e-02	
 6.1063e-02	
 1.5198e-01	
 7.9492e-01	
 3.3884e-01	
 5.9542e-01	
 2.4336e-01	
 1.1865e-01	
 2.8633e-01	
 6.0192e-01	
 3.7036e-01	
 3.2457e-01	
 3.5638e-01	
 1.0894e-01	
 1.0131e-01	
 1.4469e-01	
 2.1521e-01	
 1.2573e-01	
 3.1179e-01	
 2.3039e-01	
 6.6341e-02	
 7.2010e-02	
 3.5100e-01	
 5.2851e-01	
 3.9115e-01	
 4.2546e-01	
 4.2009e-01	
 4.6910e-01	
 1.4835e-01	
 2.4273e-01	
 2.0172e-01	
 3.4794e-01	
 1.1373e-01	
 1.3167e-01	
 3.8977e-01	
 1.7307e-01	
 3.3096e-01	
 9.8669e-02	
 7.3256e-02	
 1.5632e-01	
 7.4852e-02	
 7.9578e-02	
 1.0069e-01	
 1.9405e-01	
 4.2654e-01	
 1.1491e-01	
 1.7861e-01	
 1.5284e-01	
 1.1697e-01	
 1.3323e-01	
 6.7287e-02	
 3.8143e-01	
 7.8557e-02	
 2.5380e-01	
 3.0856e-01	
 1.3812e-01	
 3.7399e-01	
 2.1380e-01	
 1.6849e-01	
 1.1384e-01	
 6.1610e-01	
 4.1175e-01	
 8.5677e-02	
 4.6463e-01	
 4.2552e-01	
 1.8735e-01	
 2.5296e-01	
 2.4062e-01	
 7.9881e-02	
 4.5473e-02	
 1.8808e-01	
 2.7942e-01	
 7.0226e-02	
 1.2883e-01	
 1.9721e-01	
 1.2581e-01	
 1.9917e-01	
 8.5700e-02	
 3.9613e-01	
 4.0204e-01	
 8.4635e-02	
 1.6017e-01	
 7.1740e-02	
 5.1908e-02	
 1.2651e-01	
 1.5038e-01	
 3.9631e-01	
 7.3540e-02	
 1.8173e-01	
 6.5609e-02	
 2.3369e-01	
 3.2142e-01	
 5.7746e-01	
 1.8366e-01	
 3.4486e-01	
 1.1029e-01	
 7.7334e-02	
 1.1753e-01	
 4.7010e-01	
 2.3096e-01	
 3.3376e-01	
 3.3174e-01	
 1.1818e-01	
 9.7356e-02	
 1.8979e-01	
 6.4643e-02	
 9.6733e-02	
 4.3941e-01	
 1.2237e-01	
 3.1426e-01	
 7.2863e-02	
 1.4155e-01	
 6.8163e-02	
 2.8662e-01	
 4.9940e-02	
 3.8011e-01	
 1.5793e-01	
 1.5658e-01	
 3.0397e-01	
 3.6540e-01	
 9.8404e-02	
 3.1816e-01	
 1.0685e-01	
 3.3971e-01	
 4.8203e-01	
 5.4379e-01	
 2.8802e-01	
 2.1681e-01	
 1.0964e-01	
 1.0455e-01	
 3.2898e-01	
 3.7616e-01	
 4.9148e-01	
 6.3870e-01	
 2.6270e-01	
 7.3278e-01	
 3.8663e-01	
 7.0390e-02	
 6.9644e-02	
 2.8530e-01	
 1.1796e-01	
 1.7485e-01	
 1.2420e-01	
 7.0458e-01	
 7.8659e-02	
 8.7458e-02	
 7.7619e-02	
 3.5193e-01	
 4.5046e-01	
 3.1763e-01	
 7.4886e-01	
 4.2365e-01	
 4.5668e-01	
 3.9574e-01	
 5.5284e-01	
 1.1381e-01	
 8.6198e-02	
 1.2080e-01	
 8.9240e-02	
 8.0204e-02	
 1.0613e-01	
 1.1321e-01	
 1.2693e-01	
 2.1732e-01	
 9.2669e-02	
 4.3832e-01	
 3.0265e-01	
 3.1524e-01	
 3.8330e-01	
 3.1203e-01	
 1.6772e-01	
 8.4069e-02	
 4.2850e-01	
 4.1037e-01	
 2.6770e-01	
 3.7558e-01	
 6.0359e-02	
 8.6328e-02	
 6.8551e-02	
 8.8018e-02	
 1.5183e-01	
 3.9357e-01	
 3.7671e-01	
 8.4063e-02	
 1.3718e-01	
 8.7906e-02	
 8.4791e-02	
 1.0130e-01	
 1.6805e-01	
 9.3208e-02	
 1.9812e-01	
 2.3625e-01	
 7.1300e-02	
 9.7239e-02	
 7.0661e-02	
 1.7221e-01	
 1.1298e-01	
