% grad norm (train set)	
 3.1310e-02	
 3.6275e-02	
 3.0186e-02	
 2.2562e-02	
 1.0388e-01	
 3.3398e-02	
 1.3127e-01	
 6.5238e-02	
 7.9598e-02	
 3.8392e-02	
 5.4475e-02	
 1.2838e-01	
 5.0487e-02	
 5.2831e-02	
 1.5975e-01	
 2.2345e-02	
 5.3918e-02	
 1.1956e-01	
 9.2696e-02	
 1.0061e-01	
 4.0164e-02	
 1.2865e-01	
 1.7793e-01	
 1.9570e-02	
 1.6677e-01	
 1.5318e-02	
 6.7480e-02	
 1.2124e-01	
 2.6506e-02	
 3.4433e-02	
 3.3803e-02	
 7.8571e-02	
 1.3207e-01	
 5.2299e-02	
 4.0065e-01	
 1.5730e-01	
 2.3896e-02	
 7.3031e-02	
 6.2582e-02	
 4.1572e-02	
 7.2099e-02	
 1.0792e-01	
 6.6209e-02	
 4.4279e-02	
 1.3807e-01	
 5.2245e-02	
 1.3900e-01	
 4.2852e-02	
 1.4614e-01	
 3.4821e-01	
 3.5410e-02	
 3.8405e-02	
 4.9559e-02	
