% grad norm (train set)	
 5.4373e-02	
 5.0545e-02	
 1.2190e-01	
 4.1319e-01	
 2.1341e-01	
 6.8954e-01	
 2.7492e-01	
 2.7872e-01	
 2.8505e-01	
 1.7442e-01	
 1.3709e-01	
 1.7663e-01	
 1.3073e-01	
 1.2309e+00	
 4.2946e-01	
 1.2999e-01	
 1.8767e-01	
 7.7291e-01	
 1.1244e+00	
 5.7456e-01	
 5.6127e-02	
 2.4476e-01	
 1.8707e-01	
 1.4564e-01	
 3.3165e-01	
 1.3298e-01	
 2.0942e-01	
 2.9689e-01	
 1.8356e-01	
 2.9225e-01	
 5.9944e-01	
 3.3991e-01	
 4.3860e-01	
 3.8639e-01	
 1.9441e-01	
 2.1542e-01	
 8.0840e-01	
 6.5987e-01	
 2.0716e-01	
 1.8346e-01	
 5.3296e-01	
 2.3065e-01	
 2.1139e-01	
 1.5880e-01	
 2.3591e-01	
 2.3873e-01	
 4.6562e-01	
 2.3225e-01	
 3.9609e-01	
 3.9387e-01	
 8.2251e-01	
 3.5911e-01	
 4.5378e-01	
 2.9171e-01	
 1.8547e-01	
 2.7605e-01	
 2.6979e-01	
 2.7986e-01	
 2.2673e-01	
 2.0631e-01	
 1.7281e-01	
 2.3431e-01	
 1.5237e-01	
 2.0052e-01	
 3.9864e-01	
 3.4418e-01	
 1.2743e-01	
 2.4504e-01	
 2.0453e-01	
 2.6893e-01	
 2.5652e-01	
 1.7576e-01	
 9.4043e-02	
 1.2706e-01	
 1.8380e-01	
 3.6500e-01	
 4.4241e-01	
 1.0526e-01	
 6.7706e-01	
 3.3425e-01	
 1.4831e-01	
 2.4235e-01	
 5.1803e-01	
 5.8036e-01	
 2.0738e-01	
 2.0718e-01	
 1.2529e+00	
 1.0697e-01	
 2.3000e-01	
 1.5572e-01	
 2.3673e-01	
 1.3852e-01	
 1.4913e-01	
 1.1013e-01	
 2.0869e-01	
 2.0158e-01	
 2.0509e-01	
 1.2794e-01	
 1.4613e-01	
 2.3769e-01	
 1.2290e-01	
 3.4496e-01	
 4.7445e-01	
 3.9173e-01	
 1.5755e-01	
 3.2070e-01	
 2.2263e-01	
 1.4551e-01	
 1.7127e-01	
 1.7682e-01	
 2.9578e-01	
 2.1272e-01	
 2.8876e-01	
 2.7716e-01	
 2.1786e-01	
 3.6500e-01	
 2.8644e-01	
 2.5400e-01	
 5.6090e-01	
 2.3155e-01	
 4.0679e-01	
 1.5831e-01	
 7.4108e-01	
 4.4595e-01	
 1.5144e-01	
 2.8948e-01	
 4.0589e-01	
 2.4001e-01	
 1.3215e-01	
 3.9227e-01	
 1.7085e-01	
 3.5638e-01	
 1.6078e-01	
 2.2709e-01	
 2.3052e-01	
 3.1851e-01	
 3.8377e-01	
 3.2744e-01	
 5.7478e-01	
 1.9900e-01	
 4.3338e-01	
 3.5557e-01	
 4.6880e-01	
 9.2668e-01	
 4.9140e-01	
 2.6280e-01	
 3.7341e-01	
 3.5710e-01	
 3.6511e-01	
 3.9281e-01	
 1.6636e-01	
 4.7892e-01	
 4.5840e-01	
 4.0631e-01	
 2.8171e-01	
 2.4375e-01	
 4.2850e-01	
 1.9767e-01	
 2.8056e-01	
 1.6017e-01	
 2.7881e-01	
 2.6759e-01	
 1.0321e-01	
 2.2947e-01	
 4.0884e-01	
 2.2608e-01	
 2.1707e-01	
 3.5919e-01	
 4.2004e-01	
 2.6762e-01	
 3.8566e-01	
 3.0527e-01	
 2.9013e-01	
 3.2879e-01	
 3.0973e-01	
 2.1757e-01	
 2.8616e-01	
 2.2113e-01	
 2.5011e-01	
 2.2742e-01	
 2.7497e-01	
 5.7813e-01	
 4.6621e-01	
 2.7297e-01	
 1.5044e-01	
 2.1163e-01	
 8.9984e-02	
 1.4274e-01	
 3.3491e-01	
 3.6893e-01	
 5.1663e-01	
 4.0185e-01	
 3.6447e-01	
 7.7232e-01	
 3.8469e-01	
 8.1790e-01	
 1.4044e+00	
 2.6001e-01	
 2.6247e-01	
 1.1801e+00	
 6.0156e-01	
 2.5203e-01	
 2.5314e-01	
 2.2944e-01	
 3.8802e-01	
 3.7044e-01	
 3.5143e-01	
 4.8356e-01	
 3.2599e-01	
 3.0371e-01	
 3.1350e-01	
 5.7639e-01	
 3.7434e-01	
 5.0729e-01	
 3.9385e-01	
 2.2099e-01	
 3.3987e-01	
 7.4638e-01	
 2.8147e-01	
 5.0381e-01	
 3.9609e-01	
 2.3504e-01	
 2.1756e-01	
 3.9088e-01	
 3.8010e-01	
 5.0394e-01	
 2.8054e-01	
 1.9194e-01	
 2.0636e-01	
 3.7303e-01	
 1.7837e-01	
 5.1033e-01	
 5.2777e-01	
 4.1390e-01	
 9.4142e-01	
 6.4628e-01	
 3.5910e-01	
 3.5341e-01	
 2.5729e-01	
 1.5237e-01	
 5.4003e-01	
 3.5662e-01	
 2.0294e-01	
 2.4250e-01	
 1.9794e-01	
 4.3788e-01	
 3.1084e-01	
 2.2586e-01	
 3.3346e-01	
 1.3899e-01	
 3.7975e-01	
 4.7192e-01	
 3.3905e-01	
 5.5635e-01	
 2.1690e-01	
 2.0806e-01	
 1.3630e-01	
 1.2595e-01	
 2.1532e-01	
 1.0514e-01	
 1.3752e-01	
 1.4297e-01	
 2.7191e-01	
 1.3380e-01	
 1.2936e-01	
 5.9220e-01	
 9.6798e-02	
 9.7904e-02	
 8.7738e-02	
 6.1370e-02	
 8.2390e-02	
 1.6206e-01	
 1.0960e-01	
 2.5777e-01	
 1.8034e-01	
 5.0965e-01	
 2.6407e-01	
 1.6306e-01	
 1.6733e-01	
 2.7914e-01	
 1.4360e-01	
 3.4143e-01	
 2.3903e-01	
 6.1769e-01	
 8.3792e-02	
 7.1645e-02	
 8.6440e-02	
 8.0138e-02	
 1.4921e-01	
 8.8201e-02	
 1.9886e-01	
 9.6459e-02	
 1.1155e-01	
 2.1244e-01	
 1.0756e-01	
 1.1196e-01	
 2.2177e-01	
 1.2540e-01	
 1.4403e-01	
 2.3312e-01	
 1.1387e-01	
 1.5988e-01	
 8.1268e-02	
 2.1363e-01	
 8.1892e-02	
 1.0416e-01	
 1.0444e-01	
 9.9744e-02	
 1.5725e-01	
 9.5086e-02	
 2.5254e-01	
 2.0857e-01	
 9.7670e-02	
 1.6474e-01	
 2.4355e-01	
 1.3641e-01	
 7.3896e-02	
 2.0200e-01	
 2.2311e-01	
 2.2034e-01	
 1.3255e-01	
 1.1664e-01	
 1.7428e-01	
 3.9163e-01	
 1.2537e-01	
 3.1540e-01	
 1.2160e-01	
 8.4788e-02	
 2.1503e-01	
 1.3269e-01	
 1.9287e-01	
 1.4847e-01	
 5.0057e-01	
 6.4041e-01	
 4.4686e-01	
 2.7096e-01	
 4.1867e-01	
 3.2637e-01	
 2.4638e-01	
 3.3121e-01	
 2.0673e-01	
 7.4155e-01	
 3.9884e-01	
 1.6913e-01	
 2.2896e-01	
 6.7025e-01	
 3.4849e-01	
 3.0951e-01	
 4.2967e-01	
 3.7145e-01	
 4.6354e-01	
 2.2107e-01	
 1.6656e-01	
 2.3047e-01	
 3.2420e-01	
 4.0930e-01	
 2.6493e-01	
 1.1763e-01	
 5.0811e-01	
 2.3867e-01	
 4.4351e-01	
 6.1002e-01	
 5.3927e-01	
 2.6369e-01	
 1.9015e-01	
 5.3314e-01	
 3.4608e-01	
 5.2417e-01	
 4.7178e-01	
 1.0164e+00	
 4.1050e-01	
 4.1051e-01	
 2.8748e-01	
 3.6029e-01	
 5.6821e-01	
 3.6735e-01	
 2.5496e-01	
 3.3123e-01	
 2.0139e-01	
 2.7701e-01	
 4.4686e-01	
 4.1870e-01	
 2.9535e-01	
 1.6291e-01	
 2.7542e-01	
 3.1274e-01	
 2.3734e-01	
 2.9968e-01	
 1.8782e-01	
 2.8280e-01	
 3.1487e-01	
 2.2677e-01	
 1.7913e-01	
 2.9575e-01	
 3.1899e-01	
 2.9634e-01	
 3.4673e-01	
 3.0558e-01	
 3.6880e-01	
 2.2829e-01	
 1.9471e-01	
 3.5307e-01	
 3.1963e-01	
 2.5823e-01	
 1.5858e-01	
 3.1467e-01	
 3.2627e-01	
 2.1719e-01	
 1.3435e-01	
 1.6168e-01	
 2.1636e-01	
 1.0314e-01	
 5.5095e-01	
 1.7835e-01	
 2.5553e-01	
 3.9350e-01	
 3.1961e-01	
 2.3938e-01	
 2.5324e-01	
 1.4169e-01	
 1.3795e-01	
 2.2608e-01	
 1.4459e-01	
 2.5179e-01	
 3.5050e-01	
 2.7492e-01	
 1.7782e-01	
 4.2776e-01	
 2.1789e-01	
 2.0637e-01	
 2.6432e-01	
 2.4449e-01	
 9.4424e-02	
 3.1426e-01	
 2.2138e-01	
 2.0931e-01	
 2.2080e-01	
 1.9547e-01	
 1.5767e-01	
 1.8759e-01	
 2.9105e-01	
 1.6315e-01	
 7.3352e-01	
 3.3119e-01	
 2.6974e-01	
 3.1880e-01	
 4.1147e-01	
 3.8795e-01	
 5.3500e-01	
 3.9620e-01	
 3.4033e-01	
 5.3188e-01	
 1.9456e-01	
 2.4769e-01	
 2.0181e-01	
 1.2080e-01	
 2.8532e-01	
 1.5542e-01	
 2.5919e-01	
 6.5416e-01	
 1.3839e-01	
 3.0122e-01	
 2.3980e-01	
 2.0050e-01	
 1.7089e-01	
 4.4005e-01	
 2.4712e-01	
 3.3563e-01	
 1.3564e-01	
 2.7262e-01	
 2.9644e-01	
 3.2519e-01	
 4.0545e-01	
 7.4600e-01	
 2.8675e-01	
 3.5069e-01	
 3.6962e-01	
 6.7866e-01	
 3.3673e-01	
 4.3561e-01	
 3.2754e-01	
 3.1050e-01	
 4.8060e-01	
 3.2444e-01	
 4.2020e-01	
 4.0007e-01	
 8.1828e-01	
 2.3686e-01	
 2.2416e-01	
 8.4466e-01	
 3.3517e-01	
 3.3111e-01	
 1.9085e-01	
 8.3945e-01	
 6.5307e-01	
 2.1031e-01	
 2.0152e-01	
 3.6258e-01	
 1.4107e+00	
 1.5107e-01	
 1.3438e-01	
 4.7966e-01	
 2.2527e-01	
 2.8277e-01	
 2.8217e-01	
 3.2575e-01	
 3.3399e-01	
 3.0595e-01	
 2.2637e-01	
 2.3613e-01	
 2.3345e-01	
 3.6491e-01	
 3.5186e-01	
 2.2295e-01	
 4.2620e-01	
 3.1898e-01	
 2.9318e-01	
 3.2842e-01	
 5.5485e-01	
 5.4974e-01	
 2.4179e-01	
 2.1816e-01	
 2.2152e-01	
 1.6568e-01	
 4.3865e-01	
 3.3415e-01	
 2.7042e-01	
 3.6271e-01	
 4.7045e-01	
 2.2737e-01	
 3.0412e-01	
 2.4945e-01	
 4.0410e-01	
 2.9923e-01	
 4.2763e-01	
 2.7280e-01	
 2.5426e-01	
 3.1289e-01	
 2.8820e-01	
 2.7108e-01	
 4.5280e-01	
 3.9317e-01	
 2.8013e-01	
 6.5251e-01	
 3.8683e-01	
 2.6959e-01	
 3.4067e-01	
 3.7025e-01	
 4.9871e-01	
 5.6207e-01	
 2.8172e-01	
 3.0590e-01	
 2.9953e-01	
 3.9771e-01	
 1.8322e-01	
 4.4936e-01	
 2.8966e-01	
 6.0309e-01	
 3.3667e-01	
 5.2999e-01	
 4.5445e-01	
 4.7610e-01	
 6.1007e-01	
 4.7562e-01	
 2.9396e-01	
 4.2973e-01	
 5.1667e-01	
 3.6096e-01	
 5.2537e-01	
 8.0277e-01	
 1.6962e-01	
 3.6825e-01	
 3.4350e-01	
 2.6811e-01	
 6.9330e-01	
 2.0865e-01	
 1.1450e-01	
 1.8066e-01	
 1.4499e-01	
 1.7177e-01	
 2.4004e-01	
 5.2192e-01	
 3.2116e-01	
 1.8445e-01	
 1.5384e-01	
 2.9995e-01	
 5.1284e-01	
 3.9694e-01	
 2.9180e-01	
 6.9645e-01	
 3.2875e-01	
 4.3471e-01	
 2.2756e-01	
 7.9081e-01	
 5.5794e-01	
 4.7971e-01	
 1.7665e-01	
 3.0044e-01	
 2.7107e-01	
 3.2947e-01	
 3.6830e-01	
 5.9355e-01	
 3.8803e-01	
 4.2635e-01	
 3.1512e-01	
 6.2823e-01	
 5.2606e-01	
 2.7516e-01	
 4.5468e-01	
 3.1837e-01	
 3.4737e-01	
 1.2142e+00	
 1.8138e-01	
 2.6720e-01	
 2.1541e-01	
 5.9243e-01	
 5.5325e-01	
 4.2367e-01	
 2.6434e-01	
 1.0399e+00	
 3.8928e-01	
 2.4615e-01	
 4.0683e-01	
 3.8577e-01	
 2.0943e-01	
 3.4109e-01	
 3.4697e-01	
 1.6250e-01	
 2.6902e-01	
 2.8236e-01	
 4.1405e-01	
 3.7058e-01	
 5.3247e-01	
 3.3984e-01	
 1.3838e-01	
 3.1786e-01	
 3.6710e-01	
 4.8330e-01	
 4.0044e-01	
 4.3223e-01	
 2.7477e-01	
 3.2975e-01	
 3.8112e-01	
 4.7983e-01	
 2.6306e-01	
 5.7281e-01	
 2.4729e-01	
 2.0340e-01	
 2.5372e-01	
 2.7616e-01	
 6.9684e-01	
 2.0787e-01	
 2.7637e-01	
 4.5604e-01	
 7.6283e-01	
 1.9774e-01	
 1.7679e-01	
 2.8166e-01	
 3.6792e-01	
 3.0150e-01	
 4.3154e-01	
 3.7234e-01	
 2.2318e-01	
 2.2796e-01	
 1.4459e-01	
 2.5145e-01	
 2.7206e-01	
 1.5561e-01	
 3.5758e-01	
 4.5509e-01	
 2.7512e-01	
 4.5331e-01	
 4.2640e-01	
 4.0578e-01	
 2.7381e-01	
 1.8012e-01	
 3.4122e-01	
 1.5255e-01	
 3.6724e-01	
 4.6119e-01	
 1.3246e-01	
 2.4735e-01	
 4.8990e-01	
 3.4442e-01	
 2.8327e-01	
 3.2388e-01	
 3.0448e-01	
 4.1974e-01	
 4.4091e-01	
 2.9651e-01	
 3.4205e-01	
 4.4506e-01	
 4.1699e-01	
 5.4129e-01	
 4.6376e-01	
 4.8706e-01	
 5.5357e-01	
 2.7755e-01	
 3.9720e-01	
 2.8281e-01	
 3.1618e-01	
 2.9264e-01	
 3.7025e-01	
 2.4877e-01	
 1.9355e-01	
 2.5658e-01	
 3.7780e-01	
 5.2540e-01	
 1.7150e-01	
 1.7278e-01	
 2.8418e-01	
 1.8165e-01	
 3.8690e-01	
 1.5187e-01	
 1.8580e-01	
 3.7738e-01	
 3.1949e-01	
 2.0472e-01	
 2.6093e-01	
 5.9901e-01	
 3.7033e-01	
 3.1607e-01	
 3.1411e-01	
 3.5190e-01	
 1.9177e-01	
 3.3678e-01	
 3.9885e-01	
 4.0503e-01	
 5.9795e-01	
 2.3696e-01	
 4.3850e-01	
 1.9207e-01	
 8.4398e-01	
 2.9969e-01	
 5.1874e-01	
 3.2160e-01	
 4.4154e-01	
 3.3826e-01	
 3.7504e-01	
 4.4333e-01	
 2.1598e-01	
 1.7480e-01	
 3.0251e-01	
 2.7587e-01	
 4.6334e-01	
 1.4119e+00	
 4.4628e-01	
 3.7451e-01	
 1.2744e-01	
 3.1685e-01	
 3.6520e-01	
 4.2276e-01	
 2.1383e-01	
 3.9487e-01	
 2.1899e-01	
 5.2207e-01	
 3.8162e-01	
 5.1158e-01	
 3.4102e-01	
 3.2629e-01	
 1.5752e-01	
 3.8264e-01	
 2.3948e-01	
 2.7022e-01	
 1.1636e-01	
 2.2989e-01	
 2.0070e-01	
 3.5698e-01	
 2.2243e-01	
 1.6579e-01	
 3.1062e-01	
 2.3433e-01	
 1.2146e-01	
 2.5419e-01	
 2.7793e-01	
 2.1109e-01	
 1.8348e-01	
 3.0417e-01	
 3.2974e-01	
 6.3101e-01	
 3.0439e-01	
 2.4553e-01	
 2.9827e-01	
 4.3506e-01	
 3.1902e-01	
 2.4660e-01	
 2.4901e-01	
 3.6220e-01	
 2.6610e-01	
 2.5648e-01	
 2.9216e+00	
 2.2372e-01	
 2.2370e-01	
 3.7553e-01	
 5.1905e-01	
 4.3866e-01	
 4.4001e-01	
 1.9752e-01	
 1.6405e-01	
 4.6929e-01	
 2.6006e-01	
 2.1612e-01	
 8.6527e-01	
 2.1101e-01	
 2.1167e-01	
 1.9740e-01	
 1.8509e-01	
 3.0398e-01	
 1.6363e-01	
 2.3248e-01	
 1.5496e-01	
 1.0429e+00	
 1.9001e-01	
 2.9873e-01	
 2.4636e-01	
 6.9577e-01	
 2.6153e-01	
 2.4437e-01	
 2.9176e-01	
 1.8933e-01	
 2.5297e-01	
 2.9611e-01	
 4.3982e-01	
 4.1500e-01	
 3.9946e-01	
 2.7115e-01	
 2.2928e-01	
 5.3666e-01	
 3.7519e-01	
 2.1930e-01	
 6.2983e-01	
 5.9353e-01	
 2.0920e-01	
 1.8546e-01	
 3.7503e-01	
 5.9369e-01	
 2.1383e-01	
 2.3831e-01	
 5.0927e-01	
 3.6591e-01	
 2.5709e-01	
 2.1314e-01	
 2.2021e-01	
 1.9787e-01	
 3.0206e-01	
 1.9856e-01	
 2.9120e-01	
 3.5447e-01	
 3.0583e-01	
 4.4847e-01	
 4.9202e-01	
 4.6243e-01	
 5.6371e-01	
 2.2091e-01	
 2.4286e-01	
 3.8574e-01	
 2.3021e-01	
 3.9101e-01	
 2.8415e-01	
 3.4405e-01	
 3.0694e-01	
 5.1223e-01	
 2.2415e-01	
 1.8645e-01	
 7.1909e-01	
 4.6196e-01	
 2.3002e-01	
 2.9882e-01	
 2.9511e-01	
 2.2991e-01	
 2.1648e-01	
 1.9879e-01	
 6.1641e-01	
 3.0952e-01	
 2.0456e-01	
 2.4258e-01	
 6.1693e-01	
 3.8224e-01	
 2.0931e-01	
 2.4900e-01	
 2.3972e-01	
 2.7976e-01	
 4.4569e-01	
 3.7387e-01	
 1.9691e-01	
 3.4284e-01	
 4.3837e-01	
 3.4305e-01	
 5.3839e-01	
 3.0822e-01	
 2.3912e-01	
 4.6166e-01	
 2.3037e-01	
 3.4012e-01	
 3.4517e-01	
 3.9510e-01	
 2.9942e-01	
 3.6143e-01	
 4.0643e-01	
 5.1633e-01	
 4.9436e-01	
 3.5241e-01	
 4.3625e-01	
 3.2648e-01	
 3.8033e-01	
 5.5014e-01	
 7.7155e-01	
 3.6930e-01	
 4.0129e-01	
 3.0958e-01	
 2.9914e-01	
 4.3374e-01	
 3.5325e-01	
 2.1415e-01	
 2.9966e-01	
 2.2897e-01	
 4.2971e-01	
 3.2897e-01	
 3.2295e-01	
 2.8958e-01	
 5.0606e-01	
 3.4845e-01	
 5.4836e-01	
 4.6023e-01	
 2.1854e-01	
 2.0988e-01	
 2.3074e-01	
 2.5742e-01	
 2.2676e-01	
 3.9726e-01	
 2.0481e-01	
 2.0717e-01	
 3.6227e-01	
 3.7074e-01	
 3.1286e-01	
 4.2749e-01	
 2.8257e-01	
 2.9520e-01	
 2.7447e-01	
 3.6522e-01	
 3.1696e-01	
 5.5103e-01	
 4.3273e-01	
 4.7918e-01	
 2.3761e-01	
 3.9137e-01	
 4.3196e-01	
 2.9557e-01	
 2.7352e-01	
 2.5888e-01	
 5.9168e-01	
 3.9467e-01	
 3.4565e-01	
 3.4490e-01	
 5.7887e-01	
 4.7224e-01	
 2.3033e-01	
 3.2916e-01	
 8.3598e-01	
 3.8587e-01	
 2.4125e-01	
 1.7809e-01	
 2.4962e-01	
 4.3674e-01	
 2.3218e-01	
 2.5011e-01	
 3.9310e-01	
 1.9681e-01	
 3.7911e-01	
 2.8392e-01	
 1.5987e-01	
 1.2511e-01	
 3.5909e-01	
 5.4138e-01	
 2.4030e-01	
 1.9681e-01	
 3.3114e-01	
 3.5445e-01	
 4.3851e-01	
 1.5320e-01	
 2.8493e-01	
 5.8568e-01	
 1.7443e-01	
 2.2450e-01	
 3.4440e-01	
 5.3225e-01	
 2.4255e-01	
 1.7057e-01	
 3.7927e-01	
 4.3241e-01	
 4.0686e-01	
 1.7822e-01	
 5.8801e-01	
 4.7772e-01	
 4.1205e-01	
 1.6957e-01	
 2.3047e-01	
 3.0871e-01	
 1.7568e-01	
 3.0161e-01	
 4.0143e-01	
 4.4995e-01	
 2.3075e-01	
 2.0857e-01	
 9.2614e-01	
 3.7107e-01	
 3.4801e-01	
 2.1417e-01	
 2.1121e-01	
 2.9940e-01	
 3.0560e-01	
 4.8786e-01	
 3.2170e-01	
 2.8504e-01	
 2.2194e-01	
 4.4641e-01	
 3.7381e-01	
 3.0659e-01	
 5.1617e-01	
 3.3481e-01	
 3.3762e-01	
 2.3563e-01	
 1.9045e-01	
 3.6779e-01	
 5.6781e-01	
 3.3678e-01	
 5.3924e-01	
 3.7661e-01	
 5.1763e-01	
 4.9326e-01	
 3.4155e-01	
 2.4524e-01	
 6.5341e-01	
 6.0177e-01	
 2.3066e-01	
 2.8790e-01	
 2.2014e-01	
 5.6193e-01	
 2.9742e-01	
 4.7768e-01	
 4.0277e-01	
 5.8539e-01	
 6.5338e-01	
 3.6014e-01	
 4.1965e-01	
 2.6131e-01	
 8.1448e-01	
 4.4804e-01	
 2.3337e-01	
 2.5512e-01	
 8.6875e-01	
 4.9257e-01	
 2.8648e-01	
 2.6380e-01	
 4.8616e-01	
 4.5563e-01	
 3.0169e-01	
 3.4105e-01	
 5.3893e-01	
 3.5328e-01	
 2.1746e-01	
 1.5320e-01	
 4.6369e-01	
 3.6179e-01	
 2.4982e-01	
 2.4865e-01	
 7.4261e-01	
 3.2955e-01	
 3.3197e-01	
 5.2850e-01	
 3.5776e-01	
 3.6375e-01	
 3.0037e-01	
 5.0108e-01	
 2.4996e-01	
 2.2403e-01	
 4.1130e-01	
 4.9634e-01	
 1.3899e-01	
 2.2222e-01	
 3.6256e-01	
 3.4398e-01	
 6.0053e-01	
 2.9230e-01	
 2.3285e-01	
 4.6730e-01	
 4.7570e-01	
 4.0971e-01	
 3.7718e-01	
 2.4144e-01	
 3.9931e-01	
 5.9790e-01	
 2.8626e-01	
 3.4100e-01	
 4.8048e-01	
 4.2664e-01	
 3.7217e-01	
 2.6792e-01	
 4.0933e-01	
 3.2380e-01	
 3.1881e-01	
 2.2080e-01	
 2.6932e-01	
 3.7436e-01	
 2.1860e-01	
 3.1086e-01	
 3.3191e-01	
 6.5786e-01	
 2.7662e-01	
 3.8254e-01	
 2.7562e-01	
 2.6481e-01	
 3.8910e-01	
 1.6190e-01	
 4.0630e-01	
 2.6667e-01	
 2.0527e-01	
 1.8141e-01	
 2.9944e-01	
 2.6624e-01	
 1.5110e-01	
 1.9389e-01	
 5.0835e-01	
 3.1672e-01	
 2.9086e-01	
 2.5645e-01	
 8.0007e-01	
 4.8276e-01	
 3.9565e-01	
 2.0611e-01	
 2.3087e-01	
 1.9877e-01	
 2.0804e-01	
 6.9365e-01	
 4.3812e-01	
 2.6974e-01	
 2.6484e-01	
 4.4647e-01	
 4.3671e-01	
 4.1294e-01	
 2.9161e-01	
 4.0502e-01	
 3.9269e-01	
 3.3929e-01	
 1.5696e-01	
 4.7907e-01	
 2.9673e-01	
 9.9894e-01	
 9.2019e-01	
 7.2552e-01	
 3.1820e-01	
 3.3357e-01	
 7.4227e-01	
 3.8932e-01	
 3.8846e-01	
 1.9681e-01	
 4.1388e-01	
 5.6118e-01	
 2.0169e-01	
 3.8008e-01	
 2.0804e-01	
 1.9608e-01	
 2.4369e-01	
 4.0966e-01	
 2.7695e-01	
 2.5840e-01	
 3.2169e-01	
 4.6709e-01	
 2.3600e-01	
 2.2699e-01	
 2.5058e-01	
 3.4115e-01	
 3.6320e-01	
 4.2836e-01	
 3.0089e-01	
 4.8790e-01	
 5.6896e-01	
 5.5196e-01	
 5.4886e-01	
 3.1555e-01	
 4.9730e-01	
 3.2748e-01	
 2.8458e-01	
 1.9855e-01	
 3.9590e-01	
 4.4416e-01	
 3.5633e-01	
 4.1016e-01	
 2.4161e-01	
 3.2832e-01	
 4.3691e-01	
 3.7093e-01	
 3.6647e-01	
 2.0463e-01	
 2.3280e-01	
 3.4456e-01	
 3.3147e-01	
 2.6790e-01	
 3.0205e-01	
 2.0264e-01	
 2.2377e-01	
 2.0038e-01	
 3.3775e-01	
 2.0221e-01	
 2.6950e-01	
 1.8214e-01	
 3.0710e-01	
 2.4368e-01	
 2.4509e-01	
 5.2206e-01	
 4.7381e-01	
 2.8493e-01	
 2.5175e-01	
 3.6426e-01	
 6.7500e-01	
 2.5703e-01	
 3.6462e-01	
 5.4327e-01	
 3.8917e-01	
 3.1072e-01	
 1.0005e+00	
 2.9071e-01	
 2.3422e-01	
 4.6276e-01	
 4.6749e-01	
 2.8759e-01	
 3.8784e-01	
 6.0005e-01	
 5.1068e-01	
 3.4295e-01	
 5.4617e-01	
 5.3423e-01	
 2.7360e-01	
 4.4514e-01	
 4.1067e-01	
 8.2369e-01	
 9.8072e-01	
 2.5928e-01	
 2.9766e-01	
 4.2828e-01	
 4.7288e-01	
 3.9239e-01	
 2.2022e-01	
 3.1202e-01	
 4.4305e-01	
 3.3266e-01	
 4.4939e-01	
 4.0286e-01	
 5.4221e-01	
 5.1612e-01	
 4.3248e-01	
 8.2997e-01	
 5.0561e-01	
 3.3566e-01	
 2.8651e-01	
 4.9477e-01	
 6.1577e-01	
 3.6202e-01	
 2.7749e-01	
 3.8098e-01	
 2.5161e-01	
 2.6105e-01	
 4.0278e-01	
 2.2920e-01	
 1.9230e-01	
 4.0870e-01	
 3.8415e-01	
 5.6752e-01	
 3.0114e-01	
 3.6210e-01	
 2.8454e-01	
 4.7024e-01	
 4.3210e-01	
 2.9567e-01	
 1.9108e-01	
 3.5867e-01	
 7.6835e-01	
 3.2141e-01	
 4.0938e-01	
 3.2059e-01	
 5.7320e-01	
 6.1441e-01	
 5.7720e-01	
 3.1787e-01	
 3.0197e-01	
 1.9435e-01	
 4.0371e-01	
 2.5581e-01	
 4.6178e-01	
 6.4549e-01	
 4.1841e-01	
 2.7685e-01	
 2.7070e-01	
 4.6713e-01	
 4.3686e-01	
 2.3608e-01	
 3.3735e-01	
 3.4268e-01	
 4.2516e-01	
 4.2075e-01	
 4.1170e-01	
 3.7263e-01	
 2.5766e-01	
 2.3845e-01	
 2.2252e-01	
 6.2422e-01	
 3.3122e-01	
 3.1977e-01	
 4.3776e-01	
 5.1420e-01	
 2.7515e-01	
 5.4313e-01	
 2.3571e-01	
 2.3546e-01	
 3.1396e-01	
 3.7274e-01	
 3.8133e-01	
 4.5485e-01	
 2.9708e-01	
 4.2358e-01	
 5.2479e-01	
 2.9451e-01	
 6.6690e-01	
 4.1201e-01	
 2.8875e-01	
 5.8478e-01	
 3.8628e-01	
 3.7122e-01	
 4.7678e-01	
 9.4856e-01	
 3.3759e-01	
 3.1214e-01	
 4.1540e-01	
 6.3902e-01	
 4.2326e-01	
 4.5505e-01	
 3.4073e-01	
 3.3445e-01	
 3.0140e-01	
 2.8071e-01	
 2.7460e-01	
 3.1588e-01	
 2.2677e-01	
 3.4825e-01	
 3.0651e-01	
 4.7037e-01	
 2.7730e-01	
 3.4658e-01	
 5.6550e-01	
 3.7175e-01	
 1.9593e-01	
 1.9263e-01	
 2.8966e-01	
 6.4434e-01	
 3.9178e-01	
 2.5288e-01	
 2.9297e-01	
 3.1087e-01	
 3.9539e-01	
 2.0628e-01	
 3.4696e-01	
 3.9898e-01	
 1.7485e-01	
 4.7879e-01	
 3.4035e-01	
 2.4451e-01	
 5.0902e-01	
 4.2284e-01	
 4.0808e-01	
 4.5603e-01	
 4.1585e-01	
 3.4155e-01	
 1.9957e-01	
 4.1370e-01	
 4.7585e-01	
 5.1450e-01	
 3.0700e-01	
 1.8114e-01	
 4.7593e-01	
 7.1744e-01	
 2.8267e-01	
 3.3262e-01	
 3.7851e-01	
 4.5283e-01	
 3.2438e-01	
 3.6340e-01	
 5.2650e-01	
 8.7700e-01	
 3.3652e-01	
 2.1711e-01	
 4.9272e-01	
 2.2379e-01	
 2.8886e-01	
 7.7587e-01	
 4.3422e-01	
 1.0441e-01	
 4.8743e-01	
 3.5062e-01	
 3.6821e-01	
 3.1391e-01	
 2.1960e-01	
 3.9766e-01	
 2.5535e-01	
 3.8979e-01	
 6.0901e-01	
 2.7697e-01	
 6.1760e-01	
 5.6481e-01	
 4.1442e-01	
 2.8828e-01	
 3.0180e-01	
 5.4490e-01	
 3.0470e-01	
 2.4316e-01	
 3.2004e-01	
 1.7724e-01	
 2.1566e-01	
 2.7248e-01	
 7.1416e-01	
 3.3125e-01	
 2.9390e-01	
 3.0964e-01	
 3.8568e-01	
 3.5947e-01	
 2.2991e-01	
 2.5658e-01	
 2.8445e-01	
 6.0590e-01	
 3.7594e-01	
 3.3872e-01	
 2.5565e-01	
 2.4294e-01	
 5.3754e-01	
 1.7607e-01	
 1.7173e-01	
 3.2853e-01	
 2.0699e-01	
 4.5229e-01	
 3.0966e-01	
 4.0809e-01	
 2.4486e-01	
 2.7691e-01	
 3.5789e-01	
 3.7619e-01	
 2.3872e-01	
 2.6977e-01	
 3.6558e-01	
 2.7455e-01	
 3.2215e-01	
 5.2206e-01	
 2.4818e-01	
 3.7690e-01	
 5.2664e-01	
 4.1417e-01	
 4.7879e-01	
 2.8242e-01	
 2.8867e-01	
 2.6620e-01	
 2.3235e-01	
 2.5074e-01	
 2.3636e-01	
 3.8508e-01	
 5.8408e-01	
 2.3229e-01	
 2.9282e-01	
 4.4281e-01	
 1.0602e-01	
 2.9090e-01	
 2.7680e-01	
 3.0614e-01	
 4.0137e-01	
 4.5885e-01	
 2.9216e-01	
 6.1557e-01	
 4.5611e-01	
 3.4159e-01	
 3.0993e-01	
 5.1051e-01	
 3.0177e-01	
 2.2699e-01	
 5.7740e-01	
 2.5536e-01	
 2.4613e-01	
 1.9231e-01	
 2.5691e-01	
 3.6674e-01	
 2.3975e-01	
 4.2585e-01	
 5.0246e-01	
 5.4089e-01	
 2.2357e-01	
 4.5118e-01	
 4.2317e-01	
 2.4277e-01	
 1.9131e-01	
 3.0262e-01	
 2.2272e-01	
 2.9849e-01	
 2.9520e-01	
 2.3253e-01	
 4.7408e-01	
 2.6075e-01	
 2.6091e-01	
 3.1263e-01	
 5.0049e+00	
 4.5811e-01	
 4.7472e-01	
 4.5045e-01	
 4.6820e-01	
 7.3086e-01	
 2.9675e-01	
 1.9646e-01	
 1.4567e+00	
 4.8426e-01	
 2.3417e-01	
 1.8624e-01	
 2.2787e-01	
 5.5704e-01	
 1.9819e-01	
 2.4352e-01	
 6.1193e-01	
 2.7835e-01	
 3.5207e-01	
 2.4949e-01	
 3.6764e-01	
 6.6996e-01	
 3.1381e-01	
 2.4309e-01	
 3.3236e-01	
 3.7209e-01	
 2.8779e-01	
 2.1217e-01	
 3.0420e-01	
 2.6954e-01	
 3.2854e-01	
 2.7296e-01	
 2.4569e-01	
 3.0525e-01	
 5.1591e-01	
 7.5667e-01	
 2.7316e-01	
 1.6833e-01	
 5.0706e-01	
 3.7143e-01	
 2.6302e-01	
 3.1073e-01	
 5.6001e-01	
 3.8995e-01	
 1.7483e-01	
 2.7044e-01	
 1.4767e-01	
 4.0810e-01	
 2.7221e-01	
 5.3500e-01	
 2.2564e-01	
 1.6025e-01	
 5.1780e-01	
 3.5650e-01	
 1.5235e-01	
 3.2886e-01	
 3.2511e-01	
 4.4592e-01	
 2.6216e-01	
 1.2870e-01	
 3.6401e-01	
 1.8903e-01	
 3.0923e-01	
 3.9027e-01	
 2.4141e-01	
 3.2440e-01	
 3.7684e-01	
 4.9473e-01	
 3.7417e-01	
 4.0213e-01	
 3.8078e-01	
 7.2077e-01	
 4.0196e-01	
 3.8380e-01	
 2.9955e-01	
 5.6910e-01	
 4.2381e-01	
 2.6312e-01	
 4.8272e-01	
 2.9857e-01	
 3.2523e-01	
 2.8017e-01	
 6.7720e-01	
 3.9780e-01	
 2.7450e-01	
 3.5344e-01	
 8.3534e-01	
 4.8980e-01	
 1.9715e-01	
 2.6865e-01	
 5.3562e-01	
 4.0009e-01	
 2.7029e-01	
 3.4241e-01	
 3.2162e-01	
 2.5927e-01	
 4.7991e-01	
 2.6339e-01	
 3.9905e-01	
 3.4603e-01	
 4.1574e-01	
 2.7915e-01	
 3.2116e-01	
 2.2045e-01	
 3.4967e-01	
 4.9526e-01	
 2.3615e-01	
 2.9278e-01	
 2.5924e-01	
 4.5237e-01	
 2.1375e-01	
 3.2538e-01	
 3.4876e-01	
 2.5204e-01	
 2.7116e-01	
 3.7877e-01	
 3.6642e-01	
 1.9098e-01	
 2.1350e-01	
 3.5639e-01	
 3.1726e-01	
 5.0928e-01	
 4.7405e-01	
 3.3576e-01	
 8.6711e-01	
 4.4729e-01	
 2.4324e-01	
 4.9093e-01	
 5.6826e-01	
 4.6298e-01	
 7.0508e-01	
 5.8757e-01	
 3.4759e-01	
 4.7351e-01	
 5.4510e-01	
 6.9994e-01	
 3.8527e-01	
 3.7986e-01	
 3.1841e-01	
 2.5577e-01	
 6.2986e-01	
 4.5316e-01	
 2.6931e-01	
 2.3693e-01	
 4.6080e-01	
 6.3698e-01	
 2.0309e-01	
 3.4120e-01	
 3.1387e-01	
 1.4018e-01	
 4.3674e-01	
 3.1710e-01	
 5.7049e-01	
 7.7258e-01	
 2.8225e-01	
 4.9072e-01	
 3.5246e-01	
 3.4149e-01	
 4.4796e-01	
 5.4676e-01	
 4.5846e-01	
 8.0749e-01	
 3.2991e-01	
 3.4658e-01	
 3.8743e-01	
 2.5948e-01	
 3.6149e-01	
 3.6529e-01	
 5.3151e-01	
 5.7957e-01	
 2.5726e-01	
 7.6306e-01	
 1.6301e+00	
 6.1255e-01	
 6.0826e-01	
 2.5400e-01	
 4.9796e-01	
 6.1966e-01	
 5.4671e-01	
 2.9888e-01	
 2.2858e-01	
 1.1672e+00	
 2.1204e-01	
 3.1927e-01	
 2.9348e-01	
 9.5166e-01	
 3.4658e-01	
 2.7465e-01	
 1.7669e-01	
 3.5225e-01	
 2.3070e-01	
 3.2532e-01	
 2.7414e-01	
 3.2483e-01	
 3.1932e-01	
 3.6093e-01	
 3.9101e-01	
 5.6761e-01	
 2.5580e-01	
 7.5919e-01	
 3.4039e-01	
 3.9168e-01	
 3.4951e-01	
 3.1533e-01	
 2.5306e-01	
 5.7444e-01	
 5.5040e-01	
 2.9887e-01	
 2.4684e-01	
 4.2357e-01	
 2.2711e-01	
 3.3083e-01	
 2.5845e-01	
 5.2549e-01	
 3.3813e-01	
 2.4927e-01	
 3.6375e-01	
 5.2281e-01	
 5.4081e-01	
 4.1539e-01	
 1.7709e-01	
 3.4819e-01	
 6.3080e-01	
 3.0774e-01	
 2.4526e-01	
 6.5802e-01	
 4.4856e-01	
 4.5425e-01	
 2.6068e-01	
 5.3517e-01	
 2.2765e-01	
 2.1159e-01	
 2.8053e-01	
 2.6364e-01	
 3.2541e-01	
 4.4205e-01	
 2.3647e-01	
 2.8544e-01	
 3.8486e-01	
 2.4707e-01	
 1.8172e-01	
 3.4162e-01	
 2.5071e-01	
 3.4551e-01	
 3.9816e-01	
 3.4097e-01	
 4.7163e-01	
 4.3027e-01	
 3.1537e-01	
 2.6194e-01	
 3.7352e-01	
 3.9079e-01	
 2.6372e-01	
 2.7915e-01	
 5.6760e-01	
 3.5126e-01	
 5.1790e-01	
 3.4943e-01	
 4.5114e-01	
 6.4519e-01	
 3.6631e-01	
 2.7475e-01	
 4.5546e-01	
 5.0122e-01	
 3.6782e-01	
 3.3137e-01	
 4.4027e-01	
 2.8010e-01	
 4.4756e-01	
 2.2946e-01	
 3.3373e-01	
 5.2529e-01	
 4.1801e-01	
 3.1298e-01	
 5.3217e-01	
 6.7429e-01	
 2.5289e-01	
 3.5561e-01	
 5.2924e-01	
 3.1247e-01	
 3.0206e-01	
 4.0567e-01	
 3.6087e-01	
 5.2158e-01	
 3.1708e-01	
 5.4318e-01	
 2.6979e-01	
 2.5199e-01	
 2.5375e-01	
 3.4989e-01	
 6.1742e-01	
 2.8694e-01	
 2.4683e-01	
 3.0190e-01	
 2.2369e-01	
 5.3283e-01	
 4.1077e-01	
 5.3888e-01	
 5.2347e-01	
 4.2379e-01	
 5.7385e-01	
 5.1210e-01	
 7.9198e-01	
 2.9060e-01	
 1.3032e+00	
 5.7938e-01	
 8.8068e-01	
 4.4890e-01	
 4.9986e-01	
 1.8036e-01	
 4.6464e-01	
 3.0969e-01	
 8.4129e-01	
 5.2099e-01	
 4.1066e-01	
 5.1443e-01	
 2.1540e-01	
 2.1624e-01	
 4.1642e-01	
 4.0511e-01	
 4.8033e-01	
 2.7986e-01	
 4.5315e-01	
 2.6995e-01	
 7.1445e-01	
 3.9968e-01	
 5.4375e-01	
 2.4589e-01	
 3.8974e-01	
 2.5850e-01	
 2.6401e-01	
 2.6119e-01	
 3.3553e-01	
 2.3145e-01	
 3.3149e-01	
 4.2289e-01	
 2.7572e-01	
 3.1822e-01	
 5.5615e-01	
 1.4124e-01	
 4.2263e-01	
 4.1847e-01	
 2.9778e-01	
 2.4613e-01	
 2.8078e-01	
 5.1308e-01	
 2.6523e-01	
 2.1907e-01	
 2.1535e-01	
 3.6635e-01	
 4.5993e-01	
 6.3009e-01	
 2.6893e-01	
 3.9324e-01	
 3.2306e-01	
 2.5803e-01	
 3.1147e-01	
 6.6190e-01	
 3.3095e-01	
 3.1701e-01	
 2.8608e-01	
 4.3335e-01	
 4.6680e-01	
 1.6042e-01	
 3.3451e-01	
 2.3441e-01	
 2.3063e-01	
 3.9257e-01	
 4.9633e-01	
 2.5126e-01	
 2.8208e-01	
 4.1885e-01	
 7.8610e-01	
 2.3293e-01	
 5.5449e-01	
 2.7684e-01	
 4.1763e-01	
 4.1105e-01	
 2.2498e-01	
 2.1809e-01	
 2.3095e-01	
 3.8089e-01	
 2.5721e-01	
 3.6819e-01	
 2.1709e-01	
 3.6145e-01	
 3.8577e-01	
 2.2501e-01	
 1.9891e-01	
 2.7115e-01	
 2.9093e-01	
 1.6745e-01	
 3.2302e-01	
 3.2739e-01	
 4.4660e-01	
 2.5015e-01	
 4.0405e-01	
 2.4537e-01	
 4.7676e-01	
 4.0456e-01	
 4.4350e-01	
 2.5128e-01	
 3.8671e-01	
 3.4044e-01	
 4.0359e-01	
 2.6730e-01	
 5.0565e-01	
 3.0289e-01	
 8.0660e-01	
 5.4753e-01	
 3.2538e-01	
 4.1126e-01	
 5.9287e-01	
 2.5912e-01	
 4.9448e-01	
 7.4178e-01	
 3.3410e-01	
 2.5475e-01	
 3.1439e-01	
 2.3735e-01	
 2.3616e-01	
 2.0165e-01	
 4.1152e-01	
 2.2536e-01	
 1.9281e-01	
 4.8593e-01	
 5.4028e-01	
 5.9569e-01	
 3.7945e-01	
 2.9938e-01	
 2.8813e-01	
 6.2723e-01	
 5.2412e-01	
 5.1148e-01	
 2.6425e-01	
 2.3220e-01	
 1.8462e-01	
 4.1510e-01	
 2.5349e-01	
 2.6796e-01	
 3.8660e-01	
 3.2646e-01	
 2.9448e-01	
 4.6434e-01	
 3.7996e-01	
 4.1960e-01	
 2.0773e-01	
 4.0266e-01	
 2.6730e-01	
 4.1136e-01	
 2.9420e-01	
 3.6211e-01	
 4.4923e-01	
 2.6291e-01	
 2.6156e-01	
 3.4689e-01	
 2.4257e-01	
 2.6552e-01	
 1.9808e-01	
 3.1646e-01	
 2.7710e-01	
 3.3762e-01	
 3.1455e-01	
 3.1134e-01	
 2.5716e-01	
 2.5654e-01	
 3.2276e-01	
 3.9075e-01	
 1.8137e-01	
 1.5426e-01	
 3.4376e-01	
 2.7647e-01	
 2.2352e-01	
 1.7739e-01	
 3.1496e-01	
 3.7097e-01	
 7.5603e-01	
 2.1042e-01	
 2.8589e-01	
 2.6305e-01	
 5.3848e-01	
 2.7233e-01	
 2.5040e-01	
 3.4611e-01	
 1.9715e-01	
 1.7933e-01	
 4.0740e-01	
 5.5018e-01	
 3.3271e-01	
 3.5788e-01	
 3.4668e-01	
 5.1665e-01	
 3.4002e-01	
 3.8851e-01	
 4.1636e-01	
 3.8197e-01	
 3.1833e-01	
 1.6620e-01	
 3.0497e-01	
 4.6587e-01	
 4.9151e-01	
 4.1200e-01	
 3.0188e-01	
 3.4644e-01	
 3.0505e-01	
 2.9915e-01	
 3.7951e-01	
 2.3995e-01	
 4.0987e-01	
 2.0883e-01	
 4.2134e-01	
 3.2568e-01	
 6.5236e-01	
 1.4639e-01	
 2.6962e-01	
 2.0775e-01	
 4.1316e-01	
 5.7329e-01	
 3.8995e-01	
 7.1060e-01	
 4.2456e-01	
 1.7155e-01	
 4.4219e-01	
 3.0971e-01	
 4.8361e-01	
 4.6594e-01	
 5.0456e-01	
 3.1792e-01	
 4.7402e-01	
 3.5513e-01	
 7.4435e-01	
 4.7689e-01	
 3.7028e-01	
 4.2829e-01	
 3.0872e-01	
 7.9476e-01	
 3.1871e-01	
 4.3900e-01	
 3.5660e-01	
 5.1131e-01	
 3.0822e-01	
 3.3664e-01	
 4.0092e-01	
 7.2695e-01	
 4.0149e-01	
 2.7116e-01	
 5.4500e-01	
 4.4589e-01	
 1.9524e-01	
 2.3436e-01	
 5.4950e-01	
 3.3780e-01	
 6.9939e-01	
 2.4536e-01	
 3.3937e-01	
 2.7899e-01	
 2.5483e-01	
 2.6574e-01	
 3.8792e-01	
 3.5642e-01	
 3.8212e-01	
 4.3987e-01	
 3.3546e-01	
 4.7912e-01	
 3.6804e-01	
 3.4011e-01	
 3.4461e-01	
 4.1074e-01	
 3.5739e-01	
 3.6100e-01	
 3.4778e-01	
 3.3260e-01	
 5.5242e-01	
 3.4415e-01	
 2.7787e-01	
 3.1035e-01	
 3.1076e-01	
 1.5941e-01	
 4.1315e-01	
 2.3665e-01	
 2.8801e-01	
 1.8707e-01	
 1.8712e-01	
 3.8171e-01	
 3.1376e-01	
 3.0458e-01	
 4.9701e-01	
 5.2375e-01	
 2.9053e-01	
 2.5371e-01	
 3.4784e-01	
 3.1629e-01	
 2.5057e-01	
 2.6353e-01	
 3.7781e-01	
 3.0553e-01	
 6.3552e-01	
 1.9279e-01	
 3.6201e-01	
 3.6408e-01	
 4.1817e-01	
 3.5383e-01	
 2.0038e-01	
 4.0245e-01	
 6.9528e-01	
 4.0910e-01	
 4.0149e-01	
 4.5045e-01	
 4.0663e-01	
 4.0378e-01	
 1.2834e-01	
 3.3388e-01	
 2.5879e-01	
 2.5258e-01	
 2.1658e-01	
 2.6757e-01	
 1.8805e-01	
 3.6451e-01	
 2.6809e-01	
 3.9042e-01	
 5.6981e-01	
 3.1387e-01	
 1.9051e-01	
 4.5507e-01	
 5.0060e-01	
 2.3488e-01	
 4.6171e-01	
 2.9211e-01	
 3.9316e-01	
 3.1164e-01	
 2.4526e-01	
 2.2979e-01	
 2.6814e-01	
 4.7202e-01	
 2.6889e-01	
 2.5288e-01	
 1.8088e-01	
 4.0689e-01	
 5.8923e-01	
 3.5568e-01	
 4.5451e-01	
 6.6053e-01	
 3.6427e-01	
 3.3189e-01	
 8.9871e-01	
 1.5076e-01	
 4.6596e-01	
 3.6845e-01	
 3.9197e-01	
 5.0084e-01	
 5.7677e-01	
 4.6691e-01	
 4.2277e-01	
 2.1918e-01	
 4.1125e-01	
 2.9214e-01	
 2.2707e-01	
 4.9426e-01	
 3.9021e-01	
 2.2756e-01	
 2.0339e-01	
 2.2123e-01	
 1.7494e-01	
 2.5344e-01	
 4.9349e-01	
 2.8975e-01	
 6.1947e-01	
 2.3859e-01	
 3.5861e-01	
 3.1848e-01	
 1.8561e-01	
 2.6600e-01	
 3.8084e-01	
 2.1060e-01	
 2.3102e-01	
 4.5795e-01	
 2.8106e-01	
 4.1842e-01	
 3.1342e-01	
 6.3376e-01	
 1.9677e-01	
 7.8997e-01	
 2.6935e-01	
 3.1559e-01	
 2.6368e-01	
 3.0951e-01	
 3.0258e-01	
 3.1186e-01	
 2.1381e-01	
 3.1072e-01	
 1.4810e-01	
 4.1760e-01	
 2.0394e-01	
 4.1915e-01	
 5.5603e-01	
 2.5430e-01	
 2.7017e-01	
 4.2366e-01	
 3.4752e-01	
 2.7557e-01	
 2.3390e-01	
 3.0427e-01	
 3.7864e-01	
 2.0035e-01	
 3.9936e-01	
 3.7644e-01	
 2.4685e-01	
 3.4865e-01	
 2.7292e-01	
 3.8214e-01	
 5.3182e-01	
 3.1303e-01	
 3.3762e-01	
 2.5486e-01	
 2.6009e-01	
 3.7142e-01	
 4.8264e-01	
 4.9936e-01	
 2.0886e-01	
 7.9112e-01	
 2.2853e-01	
 6.5077e-01	
 5.0489e-01	
 5.7204e-01	
 2.5939e-01	
 5.9338e-01	
 2.9740e-01	
 4.0861e-01	
 1.7848e-01	
 3.0303e-01	
 3.6013e-01	
 4.0810e-01	
 2.7731e-01	
 2.8281e-01	
 1.5105e-01	
 1.9117e-01	
 2.0340e-01	
 2.8341e-01	
 4.7765e-01	
 1.7655e-01	
 5.0900e-01	
 2.4630e-01	
 2.0064e-01	
 2.7132e-01	
 3.0723e-01	
 2.9786e-01	
 4.5500e-01	
 4.4411e-01	
 2.6998e-01	
 1.6712e-01	
 3.5759e-01	
 5.7519e-01	
 4.0548e-01	
 1.7627e-01	
 5.7997e-01	
 5.8149e-01	
 6.3509e-01	
 5.2292e-01	
 3.8313e-01	
 4.5219e-01	
 4.2351e-01	
 3.5213e-01	
 3.6089e-01	
 2.8362e-01	
 5.0363e-01	
 3.0287e-01	
 1.6639e-01	
 3.3836e-01	
 3.4555e-01	
 3.2289e-01	
 2.0088e-01	
 1.9871e-01	
 2.5406e-01	
 2.3036e-01	
 6.5434e-01	
 2.8763e-01	
 4.6542e-01	
 2.8287e-01	
 3.0460e-01	
 3.0574e-01	
 2.5132e-01	
 3.8910e-01	
 4.4144e-01	
 4.4106e-01	
 3.3975e-01	
 2.7565e-01	
 3.0857e-01	
 2.8710e-01	
 2.1799e-01	
 2.4315e-01	
 4.5521e-01	
 2.6401e-01	
 2.6041e-01	
 3.0522e-01	
 5.5197e-01	
 5.6955e-01	
 2.5711e-01	
 2.4727e-01	
 2.7474e-01	
 3.2632e-01	
 1.1522e+00	
 3.5114e-01	
 2.6498e-01	
 5.8596e-01	
 3.9339e-01	
 4.6727e-01	
 2.0894e-01	
 3.2502e-01	
 2.3722e-01	
 3.2837e-01	
 2.4814e-01	
 3.9058e-01	
 2.9432e-01	
 2.4477e-01	
 2.8180e-01	
 4.0030e-01	
 3.1350e-01	
 3.5247e-01	
 2.2625e-01	
 1.3777e-01	
 2.3151e-01	
 2.5229e-01	
 4.0930e-01	
 6.4340e-01	
 3.5259e-01	
 4.5993e-01	
 2.9866e-01	
 4.8745e-01	
 3.1246e-01	
 4.0062e-01	
 4.3608e-01	
 5.8007e-01	
 2.7052e-01	
 8.7063e-01	
 3.8758e-01	
 3.7418e-01	
 3.1800e-01	
 3.1394e-01	
 1.7912e-01	
 6.1428e-01	
 2.7942e-01	
 2.7164e-01	
 2.4128e-01	
 4.1356e-01	
 2.7964e-01	
 6.3081e-01	
 3.1243e-01	
 5.9404e-01	
 4.2657e-01	
 2.7402e-01	
 3.6767e-01	
 5.9984e-01	
 4.3614e-01	
 3.9747e-01	
 2.8664e-01	
 3.0200e-01	
 1.5860e-01	
 6.0679e-01	
 2.4579e-01	
 3.2598e-01	
 4.6076e-01	
 7.7400e-01	
 2.7994e-01	
 4.7150e-01	
 2.5917e-01	
 7.8481e-01	
 1.2968e-01	
 3.4583e-01	
 4.5758e-01	
 4.7819e-01	
 6.8473e-01	
 6.4843e-01	
 6.6130e-01	
 3.0475e-01	
 4.6784e-01	
 3.1853e-01	
 2.9665e-01	
 4.0427e-01	
 4.4079e-01	
 1.9472e-01	
 3.9587e-01	
 3.2048e-01	
 2.5088e-01	
 2.3046e-01	
 6.3064e-01	
 3.2554e-01	
 1.8611e-01	
 5.3887e-01	
 5.0368e-01	
 3.1889e-01	
 2.7002e-01	
 2.9296e-01	
 2.7112e-01	
 2.0825e-01	
 2.2809e-01	
 2.1037e-01	
 2.9182e-01	
 2.1580e-01	
 6.7280e-01	
 1.7879e-01	
 6.7799e-01	
 3.9584e-01	
 3.3653e-01	
 3.5669e-01	
 2.2905e-01	
 2.7129e-01	
 2.0891e-01	
 2.5974e-01	
 3.1690e-01	
 3.4963e-01	
 4.2790e-01	
 3.7484e-01	
 3.0651e-01	
 2.6951e-01	
 1.5908e-01	
 2.6657e-01	
 2.5376e-01	
 6.3718e-01	
 4.2114e-01	
 7.6427e-01	
 2.7951e-01	
 3.8644e-01	
 2.6008e-01	
 2.7744e-01	
 2.3644e-01	
 4.0318e-01	
 3.0246e-01	
 3.6623e-01	
 4.5684e-01	
 1.9923e-01	
 2.1265e-01	
 2.1335e-01	
 2.9823e-01	
 2.8772e-01	
 2.6750e-01	
 2.9516e-01	
 3.2346e-01	
 2.2450e-01	
 2.1695e-01	
 2.6724e-01	
 2.3474e-01	
 2.7978e-01	
 3.9972e-01	
 3.7548e-01	
 3.7339e-01	
 3.2377e-01	
 1.9676e-01	
 4.7937e-01	
 3.6260e-01	
 4.3052e-01	
 3.2813e-01	
 3.9769e-01	
 2.8191e-01	
 3.8010e-01	
 3.9563e-01	
 6.3628e-01	
 2.8976e-01	
 3.9772e-01	
 2.0372e-01	
 1.8504e-01	
 3.2077e-01	
 3.1916e-01	
 5.2089e-01	
 2.6517e-01	
 9.0974e-02	
 2.8457e-01	
 3.3592e-01	
 6.7532e-01	
 2.9471e-01	
 4.6701e-01	
 3.8683e-01	
 5.2954e-01	
 4.2494e-01	
 4.2011e-01	
 2.7450e-01	
 6.2198e-01	
 2.6704e-01	
 3.4737e-01	
 4.5436e-01	
 4.7580e-01	
 3.5399e-01	
 6.0740e-01	
 1.4708e-01	
 7.5001e-01	
 3.3670e-01	
 3.2830e-01	
 4.4814e-01	
 3.4397e-01	
 3.0604e-01	
 4.5810e-01	
 3.4386e-01	
 5.2006e-01	
 7.2938e-01	
 6.0589e-01	
 1.9726e-01	
 2.9522e-01	
 3.5350e-01	
 3.0300e-01	
 2.6272e-01	
 4.9887e-01	
 2.9447e-01	
 2.7785e-01	
 5.4367e-01	
 2.4920e-01	
 3.2095e-01	
 5.1808e-01	
 4.1556e-01	
 4.3413e-01	
 4.6497e-01	
 3.2427e-01	
 4.0545e-01	
 4.3001e-01	
 4.0254e-01	
 2.7461e-01	
 3.2793e-01	
 2.5416e-01	
 5.1228e-01	
 3.3168e-01	
 7.2356e-01	
 4.6313e-01	
 1.9531e-01	
 2.8350e-01	
 4.3873e-01	
 3.8551e-01	
 2.2056e-01	
 2.7090e-01	
 3.8343e-01	
 2.2732e-01	
 3.7785e-01	
 5.8772e-01	
 4.5473e-01	
 2.7158e-01	
 3.5596e-01	
 3.1245e-01	
 2.1803e-01	
 3.1827e-01	
 2.8501e-01	
 2.7973e-01	
 2.5545e-01	
 2.1293e-01	
 4.7541e-01	
 3.6888e-01	
 2.6555e-01	
 5.3892e-01	
 2.5045e-01	
 2.4606e-01	
 3.4643e-01	
 1.9539e-01	
 3.7837e-01	
 3.4219e-01	
 6.4870e-01	
 5.9874e-01	
 5.4136e-01	
 4.6058e-01	
 4.4305e-01	
 2.2974e-01	
 3.1929e-01	
 4.5175e-01	
 2.8134e-01	
 4.6865e-01	
 2.5233e-01	
 5.1787e-01	
 7.1303e-01	
 3.5256e-01	
 2.7661e-01	
 3.0149e-01	
 2.8668e-01	
 3.3618e-01	
 1.7089e-01	
 2.1759e-01	
 3.9856e-01	
 2.6099e-01	
 1.9932e-01	
 3.8000e-01	
 3.5885e-01	
 6.1574e-01	
 2.4827e-01	
 3.6126e-01	
 3.9385e-01	
 2.1655e-01	
 4.6780e-01	
 3.3588e-01	
 4.9134e-01	
 8.9311e-01	
 3.8902e-01	
 3.0068e-01	
 2.9115e-01	
 2.9846e-01	
 3.8416e-01	
 6.3611e-01	
 2.7281e-01	
 3.1303e-01	
 3.4768e-01	
 2.7944e-01	
 4.7781e-01	
 4.0455e-01	
 4.1269e-01	
 4.8051e-01	
 7.9576e-01	
 2.1619e-01	
 4.3340e-01	
 4.8492e-01	
 4.6564e-01	
 2.8628e-01	
 2.6883e-01	
 4.3882e-01	
 5.0748e-01	
 1.9542e-01	
 4.6302e-01	
 4.1157e-01	
 9.0701e-01	
 2.7437e-01	
 2.8768e-01	
 3.7823e-01	
 3.3389e-01	
 3.1064e-01	
 2.0704e-01	
 2.6960e-01	
 3.8701e-01	
 2.4336e-01	
 2.2884e-01	
 3.1720e-01	
 4.2818e-01	
 3.0342e-01	
 2.6795e-01	
 3.8640e-01	
 7.6690e-01	
 3.7001e-01	
 2.7128e-01	
 5.1268e-01	
 2.5689e-01	
 2.1501e-01	
 2.2045e-01	
 2.4372e-01	
 1.8836e-01	
 3.1830e-01	
 2.1116e-01	
 4.3543e-01	
 2.0051e-01	
 2.0406e-01	
 1.5726e-01	
 2.2097e-01	
 2.2993e-01	
 3.5860e-01	
 3.6550e-01	
 1.5753e-01	
 1.8108e-01	
 2.8113e-01	
 3.4164e-01	
 6.0636e-01	
 2.7090e-01	
 2.6135e-01	
 2.3668e-01	
 2.7042e-01	
 2.0778e-01	
 2.3730e-01	
 2.7787e-01	
 2.6827e-01	
 2.2830e-01	
 3.3614e-01	
 4.1623e-01	
 2.4434e-01	
 2.4817e-01	
 3.3291e-01	
 2.2362e-01	
 4.1118e-01	
 5.1680e-01	
 2.4950e-01	
 2.4224e-01	
 6.3433e-01	
 3.7611e-01	
 2.0034e-01	
 2.7881e-01	
 2.3913e-01	
 4.5680e-01	
 2.2295e-01	
 3.0072e-01	
 4.9369e-01	
 4.2313e-01	
 3.3371e-01	
 2.3877e-01	
 1.5418e-01	
 2.3439e-01	
 3.0287e-01	
 2.6398e-01	
 2.5146e-01	
 2.6699e-01	
 1.9400e-01	
 3.3255e-01	
 4.8525e-01	
 3.5064e-01	
 1.6452e-01	
 2.0956e-01	
 3.4508e-01	
 2.5683e-01	
 3.8604e-01	
 4.3591e-01	
 4.9107e-01	
 4.1113e-01	
 3.0446e-01	
 3.1675e-01	
 4.3964e-01	
 1.6637e-01	
 4.2280e-01	
 1.8408e-01	
 1.8262e-01	
 4.5447e-01	
 4.7251e-01	
 4.1102e-01	
 3.5922e-01	
 4.3863e-01	
 4.1813e-01	
 3.8678e-01	
 4.6540e-01	
 3.2958e-01	
 3.1092e-01	
 4.1151e-01	
 3.5047e-01	
 3.2689e-01	
 3.6452e-01	
 2.2116e-01	
 2.6054e-01	
 6.2646e-01	
 4.9952e-01	
 5.1806e-01	
 3.4502e-01	
 2.8257e-01	
 2.4408e-01	
 1.2993e-01	
 3.5189e-01	
 3.7845e-01	
 2.8629e-01	
 6.8540e-01	
 4.3084e-01	
 3.7181e-01	
 3.9667e-01	
 6.1798e-01	
 2.2783e-01	
 2.7782e-01	
 1.9794e-01	
 3.1583e-01	
 2.3819e-01	
 2.8154e-01	
 3.2900e-01	
 4.0785e-01	
 7.0041e-01	
 4.9139e-01	
 2.0312e-01	
 2.8026e-01	
 3.4480e-01	
 3.1315e-01	
 2.6492e-01	
 4.5431e-01	
 2.5100e-01	
 3.3834e-01	
 3.0610e-01	
 3.4002e-01	
 3.2983e-01	
 2.4366e-01	
 1.3170e-01	
 2.2254e-01	
 2.5909e-01	
 2.7201e-01	
 3.4838e-01	
 1.4703e-01	
 2.6244e-01	
 2.8283e-01	
 2.6550e-01	
 6.5392e-01	
 2.0390e-01	
 3.9018e-01	
 1.6724e-01	
 2.1412e-01	
 1.7464e-01	
 2.0874e-01	
 5.2571e-01	
 2.3049e-01	
 4.1873e-01	
 2.4787e-01	
 4.1045e-01	
 3.3958e-01	
 2.4761e-01	
 1.6778e-01	
 2.8671e-01	
 2.6857e-01	
 3.7915e-01	
 2.9133e-01	
 3.9338e-01	
 2.2963e-01	
 1.9789e-01	
 3.2239e-01	
 1.9528e-01	
 3.6799e-01	
 1.7027e-01	
 1.8764e-01	
 3.8841e-01	
 2.6609e-01	
 1.9994e-01	
 1.7888e-01	
 2.4478e-01	
 2.5771e-01	
 3.0045e-01	
 2.2499e-01	
 2.3132e-01	
 2.1777e-01	
 4.4925e-01	
 3.1321e-01	
 1.6228e-01	
 3.3854e-01	
 4.0230e-01	
 3.3686e-01	
 2.4725e-01	
 1.8439e-01	
 3.2371e-01	
 1.8252e-01	
 3.6421e-01	
 4.1263e-01	
 3.5912e-01	
 4.4126e-01	
 4.5817e-01	
 5.6066e-01	
 2.8279e-01	
 4.4778e-01	
 2.2544e-01	
 2.7531e-01	
 3.4787e-01	
 2.6221e-01	
 3.8813e-01	
 2.1035e-01	
 3.2973e-01	
 2.2714e-01	
 5.1667e-01	
 3.1380e-01	
 4.8314e-01	
 2.6466e-01	
 3.5204e-01	
 5.6629e-01	
 3.6078e-01	
 2.8343e-01	
 4.1062e-01	
 5.3944e-01	
 4.5853e-01	
 3.7649e-01	
 3.3654e-01	
 3.3828e-01	
 3.2459e-01	
 3.5661e-01	
 4.3515e-01	
 2.5643e-01	
 4.1502e-01	
 2.9686e-01	
 6.3149e-01	
 3.6413e-01	
 2.9337e-01	
 3.3412e-01	
 5.4370e-01	
 3.7444e-01	
 5.5415e-01	
 3.3061e-01	
 3.8037e-01	
 2.4111e-01	
 3.1433e-01	
 3.0091e-01	
 2.9995e-01	
 5.4730e-01	
 1.7419e-01	
 4.2457e-01	
 4.2382e-01	
 2.6752e-01	
 2.7794e-01	
 2.9008e-01	
 4.0376e-01	
 1.4485e-01	
 3.1427e-01	
 4.5890e-01	
 2.0381e-01	
 1.7743e-01	
 4.0802e-01	
 2.5272e-01	
 1.8497e-01	
 1.8459e-01	
 4.0373e-01	
 2.7840e-01	
 2.5293e-01	
 2.3055e-01	
 1.6132e-01	
 2.9403e-01	
 2.2736e-01	
 2.6118e-01	
 4.2585e-01	
 2.1311e-01	
 5.3323e-01	
 4.0000e-01	
 2.1547e-01	
 1.8746e-01	
 1.8445e-01	
 2.8187e-01	
 3.3010e-01	
 2.2156e-01	
 2.2387e-01	
 5.6468e-01	
 1.9396e-01	
 2.6870e-01	
 2.9403e-01	
 1.3618e-01	
 2.3546e-01	
 2.0996e-01	
 1.6702e-01	
 3.1612e-01	
 2.4943e-01	
 4.7199e-01	
 3.1856e-01	
 4.8486e-01	
 7.2145e-01	
 8.5605e-01	
 5.1749e-01	
 4.5859e-01	
 5.0120e-01	
 4.3733e-01	
 6.5032e-01	
 2.6533e-01	
 5.7694e-01	
 2.6292e-01	
 4.9418e-01	
 3.3749e-01	
 2.8621e-01	
 3.9321e-01	
 4.3391e-01	
 9.9949e-01	
 3.6236e-01	
 4.0213e-01	
 3.9023e-01	
 3.1200e-01	
 2.8705e-01	
 2.9812e-01	
 3.2135e-01	
 1.8124e-01	
 4.7487e-01	
 5.5168e-01	
 3.1636e-01	
 2.8981e-01	
 2.0703e-01	
 2.2557e-01	
 2.3653e-01	
 3.4357e-01	
 2.2084e-01	
 6.5282e-01	
 4.2655e-01	
 3.7641e-01	
 3.7086e-01	
 2.0256e-01	
 1.1072e+00	
 6.8371e-01	
 7.2956e-01	
 3.4627e-01	
 3.2025e-01	
 3.2853e-01	
 3.7331e-01	
 5.0218e-01	
 3.1120e-01	
 1.5242e-01	
 8.1281e-01	
 7.1034e-01	
 4.6083e-01	
 4.7353e-01	
 4.2326e-01	
 3.6376e-01	
 2.7328e-01	
 5.6927e-01	
 1.3858e-01	
 7.4678e-01	
 2.4230e-01	
 2.4304e-01	
 2.2939e-01	
 5.8043e-01	
 2.0718e-01	
 2.1066e-01	
 2.5134e-01	
 5.1740e-01	
 4.1859e-01	
 4.0967e-01	
 2.5998e-01	
 4.5885e-01	
 3.3075e-01	
 4.3481e-01	
 5.7830e-01	
 3.5439e-01	
 5.0452e-01	
 2.0292e-01	
 4.0885e-01	
 2.8324e-01	
 7.2699e-01	
 3.1508e-01	
 3.8025e-01	
 4.2607e-01	
 3.9295e-01	
 3.2336e-01	
 4.0451e-01	
 4.9196e-01	
 5.1290e-01	
 3.3229e-01	
 2.9277e-01	
 3.2853e-01	
 2.7800e-01	
 2.9951e-01	
 4.3428e-01	
 5.6922e-01	
 3.6210e-01	
 1.9245e-01	
 2.4512e-01	
 3.8004e-01	
 3.9259e-01	
 2.4060e-01	
 1.5285e-01	
 2.1323e-01	
 2.6274e-01	
 2.6571e-01	
 2.3098e-01	
 4.3820e-01	
 5.9812e-01	
 3.3247e-01	
 1.7355e-01	
 3.7373e-01	
 2.6419e-01	
 3.7286e-01	
 3.5740e-01	
 2.4758e-01	
 3.0194e-01	
 3.4129e-01	
 3.4501e-01	
 5.7899e-01	
 2.8254e-01	
 3.4924e-01	
 4.4526e-01	
 3.0378e-01	
 3.4001e-01	
 4.9493e-01	
 3.4454e-01	
 7.2788e-01	
 4.0143e-01	
 4.3659e-01	
 4.5475e-01	
 2.9290e-01	
 2.2025e-01	
 4.4577e-01	
 2.5338e-01	
 2.5537e-01	
 2.8983e-01	
 3.2766e-01	
 2.0868e-01	
 3.3940e-01	
 3.4791e-01	
 2.9915e-01	
 3.2537e-01	
 5.3455e-01	
 4.0185e-01	
 3.2037e-01	
 3.9062e-01	
 2.7278e-01	
 1.5390e-01	
 5.2054e-01	
 3.6348e-01	
 2.2855e-01	
 2.8125e-01	
 2.2677e-01	
 2.1529e+00	
 2.9728e-01	
 2.7069e-01	
 2.4403e-01	
 3.1378e-01	
 2.4700e-01	
 2.2646e-01	
 7.2081e-01	
 2.4115e-01	
 2.5055e-01	
 2.5690e-01	
 6.1132e-01	
 5.6260e-01	
 3.5614e-01	
 5.1867e-01	
 7.6670e-01	
 3.9691e-01	
 3.8367e-01	
 4.3918e-01	
 7.6739e-01	
 6.6198e-01	
 1.8490e-01	
 8.2949e-01	
 2.7027e-01	
 2.2802e-01	
 1.4071e+00	
 4.1585e-01	
 3.6446e-01	
 2.6118e-01	
 4.9894e-01	
 4.9727e-01	
 2.8986e-01	
 3.7277e-01	
 3.1118e-01	
 3.3984e-01	
 2.8766e-01	
 4.2395e-01	
 3.6812e-01	
 3.5310e-01	
 3.9039e-01	
 2.1914e-01	
 2.9593e-01	
 3.9029e-01	
 1.1885e-01	
 2.2649e-01	
 2.8050e-01	
 2.4616e-01	
 1.5866e-01	
 5.6800e-01	
 3.3044e-01	
 4.0498e-01	
 4.0878e-01	
 3.3821e-01	
 3.7121e-01	
 2.1402e-01	
 4.0477e-01	
 2.6370e-01	
 2.4173e-01	
 2.1726e-01	
 3.8406e-01	
 3.7011e-01	
 4.9206e-01	
 2.1768e-01	
 1.3365e-01	
 6.0048e-01	
 3.3735e-01	
 4.8733e-01	
 1.6624e-01	
 2.5437e-01	
 5.0648e-01	
 2.1778e-01	
 2.0037e-01	
 6.7453e-01	
 3.8601e-01	
 2.6158e-01	
 3.6643e-01	
 2.1905e-01	
 2.2198e-01	
 4.1121e-01	
 2.5185e-01	
 2.9938e-01	
 4.2127e-01	
 2.6141e-01	
 2.3629e-01	
 2.7514e-01	
 5.4744e-01	
 3.9748e-01	
 4.2162e-01	
 4.7994e-01	
 2.6761e-01	
 3.7889e-01	
 2.5874e-01	
 1.6172e-01	
 2.1153e-01	
 1.5763e-01	
 1.9132e-01	
 4.9394e-01	
 2.5057e-01	
 2.7236e-01	
 3.6594e-01	
 6.4413e-01	
 2.4108e-01	
 4.3993e-01	
 3.5160e-01	
 2.7628e-01	
 2.3862e-01	
 4.0750e-01	
 2.5409e-01	
 4.3732e-01	
 2.0794e-01	
 4.5235e-01	
 2.1638e-01	
 1.8342e-01	
 3.8736e-01	
 2.7501e-01	
 2.7392e-01	
 1.7760e-01	
 3.0957e-01	
 1.7597e-01	
 3.3502e-01	
 2.1454e-01	
 2.8669e-01	
 2.0164e-01	
 4.4952e-01	
 4.6571e-01	
 5.1984e-01	
 2.6687e-01	
 2.8790e-01	
 3.4723e-01	
 2.1401e-01	
 6.1482e-01	
 3.6718e-01	
 2.9947e-01	
 2.0121e-01	
 2.6828e-01	
 4.6126e-01	
 3.6880e-01	
 5.6189e-01	
 3.6655e-01	
 2.5459e-01	
 4.9855e-01	
 2.8643e-01	
 2.7964e-01	
 2.4771e-01	
 2.1915e-01	
 4.7990e-01	
 3.1946e-01	
 5.6331e-01	
 4.2304e-01	
 2.1537e-01	
 3.4760e-01	
 4.3510e-01	
 2.1892e-01	
 2.1177e-01	
 2.3457e-01	
 3.8817e-01	
 2.6535e-01	
 1.6716e-01	
 3.7518e-01	
 3.7108e-01	
 2.0641e-01	
 2.0858e-01	
 3.9728e-01	
 1.9497e-01	
 1.9038e-01	
 5.6624e-01	
 2.0061e-01	
 5.8017e-01	
 2.5996e-01	
 4.9534e-01	
 1.9291e-01	
 2.8063e-01	
 2.7275e-01	
 2.4221e-01	
 2.5975e-01	
 2.8252e-01	
 1.4699e-01	
 3.8819e-01	
 3.6103e-01	
 2.1706e-01	
 4.4112e-01	
 3.2838e-01	
 2.9470e-01	
 2.6647e-01	
 1.7809e-01	
 2.1721e-01	
 3.2401e-01	
 2.8554e-01	
 2.2864e-01	
 2.8845e-01	
 3.7216e-01	
 2.6275e-01	
 2.2440e-01	
 2.0377e-01	
 2.7117e-01	
 3.5775e-01	
 2.6447e-01	
 3.9430e-01	
 3.6353e-01	
 4.2925e-01	
 2.0339e-01	
 2.2497e-01	
 3.5729e-01	
 4.3658e-01	
 3.3855e-01	
 2.0871e-01	
 4.1069e-01	
 2.8212e-01	
 2.1569e-01	
 3.5379e-01	
 6.5297e-01	
 2.7700e-01	
 1.9052e-01	
 3.8998e-01	
 3.0795e-01	
 2.5918e-01	
 2.5559e-01	
 4.4049e-01	
 5.3113e-01	
 3.1083e-01	
 4.4180e-01	
 2.1195e-01	
 2.9301e-01	
 6.9871e-01	
 2.0242e-01	
 3.2211e-01	
 3.7339e-01	
 3.6432e-01	
 2.8602e-01	
 3.5570e-01	
 2.9842e-01	
 3.9840e-01	
 2.5062e-01	
 3.2905e-01	
 3.4200e-01	
 4.8851e-01	
 2.0629e-01	
 3.3081e-01	
 5.0911e-01	
 2.3350e-01	
 2.5642e-01	
 4.9620e-01	
 6.4540e-01	
 2.7198e-01	
 3.1028e-01	
 2.5303e-01	
 3.5052e-01	
 7.2490e-01	
 2.6379e-01	
 2.5415e-01	
 2.6022e-01	
 3.1507e-01	
 3.4081e-01	
 3.5731e-01	
 3.1591e-01	
 3.1192e-01	
 4.0122e-01	
 3.2272e-01	
 4.6564e-01	
 2.6699e-01	
 3.5895e-01	
 3.5649e-01	
 2.8521e-01	
 4.3768e-01	
 3.3050e-01	
 3.8570e-01	
 3.7424e-01	
 3.6523e-01	
 3.0675e-01	
 3.4519e-01	
 4.5910e-01	
 3.9034e-01	
 3.9267e-01	
 3.9423e-01	
 3.9184e-01	
 3.3686e-01	
 1.6642e-01	
 3.0015e-01	
 3.0607e-01	
 2.4323e-01	
 2.3904e-01	
 3.9249e-01	
 2.6039e-01	
 2.3672e-01	
 1.9352e-01	
 3.4481e-01	
 1.7550e-01	
 3.6397e-01	
 3.2890e-01	
 6.8343e-01	
 3.6340e-01	
 5.5149e-01	
 2.6811e-01	
 1.0125e+00	
 3.6893e-01	
 1.1007e+00	
 5.1238e-01	
 6.7392e-01	
 6.7148e-01	
 3.6511e-01	
 3.5803e-01	
 4.3951e-01	
 1.8187e-01	
 3.2890e-01	
 3.4510e-01	
 4.3764e-01	
 3.1036e-01	
 3.5251e-01	
 3.3678e-01	
 8.0656e-01	
 2.1191e-01	
 2.9259e-01	
 2.1883e-01	
 4.1820e-01	
 2.1605e-01	
 3.3782e-01	
 3.6026e-01	
 2.6495e-01	
 2.0932e-01	
 1.9363e-01	
 2.5508e-01	
 2.1685e-01	
 2.6540e-01	
 1.4830e-01	
 2.0835e-01	
 2.3914e-01	
 2.2156e-01	
 2.2313e-01	
 2.5363e-01	
 2.9453e-01	
 3.9482e-01	
 3.3076e-01	
 2.2276e-01	
 4.2631e-01	
 2.4834e-01	
 6.6294e-01	
 4.9768e-01	
 2.6514e-01	
 3.8592e-01	
 5.3485e-01	
 3.7406e-01	
 3.6638e-01	
 3.4222e-01	
 4.3490e-01	
 4.2120e-01	
 2.8949e-01	
 4.2173e-01	
 1.8423e-01	
 3.4440e-01	
 4.8577e-01	
 3.4648e-01	
 3.9061e-01	
 2.9117e-01	
 7.6515e-01	
 2.2696e-01	
 3.5737e-01	
 3.8020e-01	
 3.4412e-01	
 3.5657e-01	
 7.4209e-01	
 2.6020e-01	
 5.3360e-01	
 3.5134e-01	
 2.8738e-01	
 2.7369e-01	
 2.6988e-01	
 2.9918e-01	
 4.0241e-01	
 3.1397e-01	
 3.6551e-01	
 2.3880e-01	
 2.9406e-01	
 3.3183e-01	
 3.5070e-01	
 3.1800e-01	
 3.9508e-01	
 4.0345e-01	
 4.6069e-01	
 2.8435e-01	
 4.3815e-01	
 3.8405e-01	
 4.5033e-01	
 3.5592e-01	
 3.4650e-01	
 1.8331e-01	
 2.2798e-01	
 4.6691e-01	
 2.6866e-01	
 3.0577e-01	
 3.1924e-01	
 3.3006e-01	
 2.0757e-01	
 5.4524e-01	
 2.7036e-01	
 3.7819e-01	
 2.1113e-01	
 5.2396e-01	
 2.7494e-01	
 3.1241e-01	
 3.6535e-01	
 4.7492e-01	
 3.1863e-01	
 3.1524e-01	
 2.0659e-01	
 3.1144e-01	
 2.6996e-01	
 3.5795e-01	
 2.2686e-01	
 2.6366e-01	
 1.9127e-01	
 4.0675e-01	
 5.1948e-01	
 2.8288e-01	
 2.9297e-01	
 3.7480e-01	
 4.1804e-01	
 4.2236e-01	
 3.0147e-01	
 3.4310e-01	
 2.5381e-01	
 3.8130e-01	
 2.1928e-01	
 2.9508e-01	
 2.4422e-01	
 2.0329e-01	
 2.6803e-01	
 2.9818e-01	
 2.3452e-01	
 1.9735e-01	
 2.4335e-01	
 2.7121e-01	
 3.0078e-01	
 3.0208e-01	
 2.2133e-01	
 2.9044e-01	
 4.9013e-01	
 7.4574e-01	
 2.5257e-01	
 3.5708e-01	
 4.9034e-01	
 2.5291e-01	
 2.8898e-01	
 3.7537e-01	
 2.4408e-01	
 3.4718e-01	
 3.3111e-01	
 2.9464e-01	
 2.1200e-01	
 2.7685e-01	
 2.7899e-01	
 1.2569e-01	
 2.7169e-01	
 2.0087e-01	
 4.2763e-01	
 2.3901e-01	
 3.7181e-01	
 2.8220e-01	
 3.0753e-01	
 2.6255e-01	
 2.8886e-01	
 1.7967e-01	
 2.3790e-01	
 2.0159e-01	
 2.5085e-01	
 3.2147e-01	
 3.4546e-01	
 4.6043e-01	
 5.9469e-01	
 5.6880e-01	
 3.7969e-01	
 5.5989e-01	
 3.5737e-01	
 4.6033e-01	
 2.7551e-01	
 3.9783e-01	
 2.0122e-01	
 2.0825e-01	
 2.4555e-01	
 5.8320e-01	
 2.1042e-01	
 2.1135e-01	
 4.2190e-01	
 6.2071e-01	
 1.5311e-01	
 2.9776e-01	
 1.8775e-01	
 3.4934e-01	
 2.5074e-01	
 2.0439e-01	
 2.0755e-01	
 2.6134e-01	
 3.2281e-01	
 5.0108e-01	
 3.2190e-01	
 2.1335e-01	
 4.4760e-01	
 1.8218e-01	
 4.2542e-01	
 2.8278e-01	
 4.8800e-01	
 2.8360e-01	
 4.5072e-01	
 2.3598e-01	
 3.9116e-01	
 3.0605e-01	
 3.0918e-01	
 3.2595e-01	
 2.6934e-01	
 2.3370e-01	
 2.8197e-01	
 2.0990e-01	
 2.9725e-01	
 2.6230e-01	
 5.9372e-01	
 2.1821e-01	
 4.5130e-01	
 3.6516e-01	
 2.6072e-01	
 4.7950e-01	
 2.9986e-01	
 2.5454e-01	
 2.9315e-01	
 3.9611e-01	
 1.2090e-01	
 2.4035e-01	
 2.2081e-01	
 5.5033e-01	
 1.6739e-01	
 5.2399e-01	
 3.6632e-01	
 3.3062e-01	
 2.5857e-01	
 1.7806e-01	
 1.2502e-01	
 1.5268e-01	
 1.3638e-01	
 2.3635e-01	
 3.1787e-01	
 2.6710e-01	
 2.3655e-01	
 3.7052e-01	
 2.9804e-01	
 2.7396e-01	
 3.5809e-01	
 3.2460e-01	
 4.1631e-01	
 1.8640e-01	
 3.3690e-01	
 2.6576e-01	
 2.8891e-01	
 2.8846e-01	
 2.3448e-01	
 3.7855e-01	
 4.5932e-01	
 2.3207e-01	
 2.3155e-01	
 4.0392e-01	
 2.5397e-01	
 6.8991e-01	
 3.1322e-01	
 3.7421e-01	
 2.2385e-01	
 4.1106e-01	
 3.6596e-01	
 7.3445e-01	
 5.6075e-01	
 4.0690e-01	
 2.3594e-01	
 2.7341e-01	
 3.8717e-01	
 4.2222e-01	
 2.8963e-01	
 4.8776e-01	
 5.4206e-01	
 2.8539e-01	
 3.3666e-01	
 3.4655e-01	
 4.1569e-01	
 3.1712e-01	
 2.8024e-01	
 3.0374e-01	
 5.6464e-01	
 2.8357e-01	
 3.6043e-01	
 5.2541e-01	
 2.5425e-01	
 7.8661e-01	
 2.9119e-01	
 6.9378e-01	
 3.1647e-01	
 3.0584e-01	
 2.0379e-01	
 3.1700e-01	
 3.2085e-01	
 3.2396e-01	
 1.9919e-01	
 3.7766e-01	
 2.1802e-01	
 3.9351e-01	
 2.4056e-01	
 8.5516e-01	
 4.8301e-01	
 2.5977e-01	
 2.0691e-01	
 5.2226e-01	
 4.3038e-01	
 3.8637e-01	
 2.3747e-01	
 4.7017e-01	
 2.3196e-01	
 4.8122e-01	
 3.4714e-01	
 4.3887e-01	
 3.3264e-01	
 5.7369e-01	
 4.7495e-01	
 2.2276e-01	
 2.8516e-01	
 5.0251e-01	
 4.1661e-01	
 6.5870e-01	
 3.8093e-01	
 1.8722e-01	
 7.1735e-01	
 3.0909e-01	
 4.2531e-01	
 6.3630e-01	
 3.4484e-01	
 3.0947e-01	
 5.5242e-01	
 4.1801e-01	
 7.2580e-01	
 4.3563e-01	
 4.1335e-01	
 2.5868e-01	
 6.9304e-01	
 2.4200e-01	
 2.6619e-01	
 5.7096e-01	
 3.1062e-01	
 5.1529e-01	
 3.0276e-01	
 4.3513e-01	
 3.6430e-01	
 5.2940e-01	
 4.0776e-01	
 3.2756e-01	
 4.4933e-01	
 3.4458e-01	
 2.7113e-01	
 2.2302e-01	
 3.3370e-01	
 5.1692e-01	
 2.6501e-01	
 3.4181e-01	
 2.6295e-01	
 3.1788e-01	
 1.7885e-01	
 2.5785e-01	
 3.1099e-01	
 3.2100e-01	
 5.4814e-01	
 2.6201e-01	
 2.7689e-01	
 3.3124e-01	
 1.6892e-01	
 3.3885e-01	
 5.1933e-01	
 3.1283e-01	
 1.9837e-01	
 4.9586e-01	
 3.1613e-01	
 3.3567e-01	
 2.6041e-01	
 2.9536e-01	
 2.7303e-01	
 2.7830e-01	
 2.7254e-01	
 2.1333e-01	
 2.5591e-01	
 2.7689e-01	
 1.9717e-01	
 2.8968e-01	
 3.4710e-01	
 3.9017e-01	
 2.6849e-01	
 4.7056e-01	
 7.0164e-01	
 3.6193e-01	
 3.0694e-01	
 3.6808e-01	
 3.0858e-01	
 3.5848e-01	
 1.9393e-01	
 3.5434e-01	
 2.9921e-01	
 3.8551e-01	
 2.6628e-01	
 4.0167e-01	
 2.9800e-01	
 3.1607e-01	
 2.9787e-01	
 3.4762e-01	
 3.0876e-01	
 3.0874e-01	
 2.7314e-01	
 2.4074e-01	
 3.5152e-01	
 2.7289e-01	
 2.6209e-01	
 2.4798e-01	
 4.8215e-01	
 5.9466e-01	
 4.1983e-01	
 3.6628e-01	
 2.5241e-01	
 3.9506e-01	
 2.9167e-01	
 2.6335e-01	
 7.3011e-01	
 5.5261e-01	
 4.4342e-01	
 5.2118e-01	
 5.6037e-01	
 3.8302e-01	
 3.5960e-01	
 3.6046e-01	
 4.6558e-01	
 3.2013e-01	
 2.3491e-01	
 3.9017e-01	
 7.3961e-01	
 2.6671e-01	
 3.1473e-01	
 4.9538e-01	
 3.3904e-01	
 3.5229e-01	
 3.4464e-01	
 5.5521e-01	
 5.4469e-01	
 4.1485e-01	
 2.8078e-01	
 3.6550e-01	
 2.5815e-01	
 2.6120e-01	
 2.3572e-01	
 7.4122e-01	
 5.2108e-01	
 3.5866e-01	
 4.4092e-01	
 2.9085e-01	
 3.8113e-01	
 3.3575e-01	
 1.6769e-01	
 4.4755e-01	
 6.3042e-01	
 4.1693e-01	
 2.8370e-01	
 3.5433e-01	
 4.3690e-01	
 5.3635e-01	
 3.3488e-01	
 4.5076e-01	
 3.0297e-01	
 2.8009e-01	
 3.8590e-01	
 8.0222e-01	
 8.3099e-01	
 3.1252e-01	
 3.0492e-01	
 2.2472e-01	
 2.2909e-01	
 3.3148e-01	
 3.0851e-01	
 3.3734e-01	
 1.9790e-01	
 6.5764e-01	
 3.0534e-01	
 3.5020e-01	
 6.2362e-01	
 9.1766e-01	
 5.1586e-01	
 4.2250e-01	
 3.3079e-01	
 6.7379e-01	
 5.1527e-01	
 5.7156e-01	
 3.9532e-01	
 3.1646e-01	
 3.7338e-01	
 2.1435e-01	
 4.2164e-01	
 3.8361e-01	
 5.4306e-01	
 4.1133e-01	
 5.0957e-01	
 5.2831e-01	
 3.0465e-01	
 3.7543e-01	
 3.5090e-01	
 4.8606e-01	
 4.8264e-01	
 3.5487e-01	
 8.1764e-01	
 4.4579e-01	
 2.4039e-01	
 6.6982e-01	
 8.6184e-01	
 5.0641e-01	
 4.9532e-01	
 4.1000e-01	
 2.3872e-01	
 3.5424e-01	
 4.9796e-01	
 1.0939e+00	
 3.1051e-01	
 5.5706e-01	
 3.1542e-01	
 3.2909e-01	
 3.8425e-01	
 2.8514e-01	
 2.4217e-01	
 3.8562e-01	
 3.6611e-01	
 4.1274e-01	
 3.2585e-01	
 3.3907e-01	
 2.4109e-01	
 8.4749e-01	
 4.2198e-01	
 4.5413e-01	
 3.5209e-01	
 5.3405e-01	
 2.9746e-01	
 6.2525e-01	
 2.7523e-01	
 2.8459e-01	
 3.6942e-01	
 5.6883e-01	
 5.4869e-01	
 4.8166e-01	
 5.1550e-01	
 3.0560e-01	
 3.3193e-01	
 5.8086e-01	
 5.0555e-01	
 3.1304e-01	
 1.9029e-01	
 4.1403e-01	
 3.3606e-01	
 3.0540e-01	
 3.0096e-01	
 7.0058e-01	
 7.4943e-01	
 3.0859e-01	
 1.9361e-01	
 3.9900e-01	
 3.8197e-01	
 4.7078e-01	
 2.3427e-01	
 3.0794e-01	
 3.0209e-01	
 3.1588e-01	
 2.2219e-01	
 2.2210e-01	
 3.0153e-01	
 4.3875e-01	
 2.7753e-01	
 3.0946e-01	
 2.9293e-01	
 3.2302e-01	
 2.4526e-01	
 2.5639e-01	
 1.4486e-01	
 5.1256e-01	
 2.5091e-01	
 3.1002e-01	
 2.7328e-01	
 5.8004e-01	
 3.9519e-01	
 3.5501e-01	
 4.7976e-01	
 2.6897e-01	
 2.2695e-01	
 4.0095e-01	
 3.4943e-01	
 3.3278e-01	
 1.7719e-01	
 6.6775e-01	
 4.2808e-01	
 1.9044e-01	
 4.9804e-01	
 5.7114e-01	
 2.9858e-01	
 2.3301e-01	
 3.5715e-01	
 2.6628e-01	
 3.6731e-01	
 2.9630e-01	
 3.0410e-01	
 4.5972e-01	
 3.3399e-01	
 2.1980e-01	
 3.4819e-01	
 3.6347e-01	
 3.9886e-01	
 3.7429e-01	
 4.1436e-01	
 3.4659e-01	
 2.1785e-01	
 3.0392e-01	
 4.5323e-01	
 6.5673e-01	
 2.2102e-01	
 2.5548e-01	
 2.5219e-01	
 4.2721e-01	
 1.7714e-01	
 3.1569e-01	
 3.1190e-01	
 2.9427e-01	
 2.7623e-01	
 3.2453e-01	
 3.5327e-01	
 3.4975e-01	
 4.7309e-01	
 4.0740e-01	
 2.1434e-01	
 2.9608e-01	
 2.1421e-01	
 3.8842e-01	
 2.5050e-01	
 2.5298e-01	
 2.6415e-01	
 2.5302e-01	
 3.4144e-01	
 5.9938e-01	
 2.1337e-01	
 2.2536e-01	
 3.2207e-01	
 3.8809e-01	
 2.1576e-01	
 3.1220e-01	
 3.6007e-01	
 3.8104e-01	
 3.1914e-01	
 2.9243e-01	
 3.5949e-01	
 6.9930e-01	
 3.0916e-01	
 3.7303e-01	
 4.0312e-01	
 3.6299e-01	
 2.2517e-01	
 2.4598e-01	
 2.3286e-01	
 4.6663e-01	
 3.3727e-01	
 4.5516e-01	
 2.3680e-01	
 4.9672e-01	
 4.7776e-01	
 2.4742e-01	
 4.6092e-01	
 2.4336e-01	
 2.1209e-01	
 2.1260e-01	
 3.0527e-01	
 3.4925e-01	
 2.5877e-01	
 4.4043e-01	
 4.2293e-01	
 3.8045e-01	
 3.7019e-01	
 2.2177e-01	
 2.6769e-01	
 2.1160e-01	
 2.3415e-01	
 4.2610e-01	
 2.5594e-01	
 2.2395e-01	
 2.2268e-01	
 3.0972e-01	
 1.8667e-01	
 3.0182e-01	
 4.4349e-01	
 2.5235e-01	
 2.8746e-01	
 2.4054e-01	
 2.4528e-01	
 2.3411e-01	
 3.4049e-01	
 2.6963e-01	
 2.9081e-01	
 2.7736e-01	
 4.0880e-01	
 5.7630e-01	
 4.6654e-01	
 3.8650e-01	
 3.3995e-01	
 3.8699e-01	
 4.3712e-01	
 3.8548e-01	
 3.3899e-01	
 3.8385e-01	
 2.5074e-01	
 1.7053e-01	
 3.6103e-01	
 2.5384e-01	
 5.5758e-01	
 3.9906e-01	
 5.5992e-01	
 4.4026e-01	
 3.4115e-01	
 4.3863e-01	
 4.5030e-01	
 1.6803e-01	
 5.3276e-01	
 2.5393e-01	
 2.8142e-01	
 4.7508e-01	
 4.2928e-01	
 5.4449e-01	
 5.4467e-01	
 2.9917e-01	
 3.8856e-01	
 3.8886e-01	
 2.0882e-01	
 4.2252e-01	
 3.1994e-01	
 2.3910e-01	
 2.2158e-01	
 4.3275e-01	
 4.7696e-01	
 5.2942e-01	
 3.6207e-01	
 3.7735e-01	
 3.0697e-01	
 5.3651e-01	
 2.6998e-01	
 3.9560e-01	
 3.0254e-01	
 3.9747e-01	
 3.5106e-01	
 2.7127e-01	
 2.2104e-01	
 2.3844e-01	
 3.7666e-01	
 4.2051e-01	
 2.2326e-01	
 2.9681e-01	
 2.9874e-01	
 2.5763e-01	
 4.6250e-01	
 3.1914e-01	
 3.5689e-01	
 3.1205e-01	
 2.4934e-01	
 2.8624e-01	
 4.2069e-01	
 2.2407e-01	
 3.6856e-01	
 2.5859e-01	
 3.8150e-01	
 3.6283e-01	
 5.4178e-01	
 3.4385e-01	
 2.7375e-01	
 5.6486e-01	
 4.0181e-01	
 3.2868e-01	
 2.7400e-01	
 5.8594e-01	
 2.6450e-01	
 3.6240e-01	
 3.0023e-01	
 2.3497e-01	
 2.5006e-01	
 6.4855e-01	
 3.3589e-01	
 2.9476e-01	
 2.8601e-01	
 3.7830e-01	
 4.3060e-01	
 2.6754e-01	
 3.9575e-01	
 3.0632e-01	
 2.4208e-01	
 2.9840e-01	
 3.1482e-01	
 3.7724e-01	
 2.3396e-01	
 3.4111e-01	
 4.9931e-01	
 4.3676e-01	
 2.7952e-01	
 4.7315e-01	
 4.5768e-01	
 4.2260e-01	
 3.2994e-01	
 1.8218e-01	
 4.1364e-01	
 2.9078e-01	
 3.1589e-01	
 3.6882e-01	
 4.3746e-01	
 3.8774e-01	
 4.4671e-01	
 2.4186e-01	
 3.9046e-01	
 4.6103e-01	
 1.9069e-01	
 2.7477e-01	
 4.0270e-01	
 3.1756e-01	
 2.9118e-01	
 5.2998e-01	
 5.0727e-01	
 3.3250e-01	
 1.7620e-01	
 7.5721e-01	
 2.7600e-01	
 2.2186e-01	
 5.8560e-01	
 4.2643e-01	
 3.1156e-01	
 5.7641e-01	
 2.1734e-01	
 3.1373e-01	
 3.4462e-01	
 5.0490e-01	
 3.7283e-01	
 2.5793e-01	
 4.5084e-01	
 3.5773e-01	
 4.3799e-01	
 4.2179e-01	
 5.1784e-01	
 5.9027e-01	
 4.6340e-01	
 3.8479e-01	
 3.4756e-01	
 3.3036e-01	
 3.1142e-01	
 2.8738e-01	
 5.1385e-01	
 3.8850e-01	
 2.7506e-01	
 2.2242e-01	
 6.7073e-01	
 5.3235e-01	
 4.4980e-01	
 2.7067e-01	
 3.7729e-01	
 3.9556e-01	
 3.6648e-01	
 5.3199e-01	
 3.8401e-01	
 4.9458e-01	
 2.0358e-01	
 2.2503e-01	
 3.2452e-01	
 2.6208e-01	
 3.3670e-01	
 2.6879e-01	
 3.4699e-01	
 3.8116e-01	
 2.1556e-01	
 1.9251e-01	
 2.3709e-01	
 2.9997e-01	
 2.6176e-01	
 2.7437e-01	
 2.3921e-01	
 2.2268e-01	
 2.7679e-01	
 4.5018e-01	
 2.4643e-01	
 2.0101e-01	
 3.6661e-01	
 3.3409e-01	
 2.7479e-01	
 2.6363e-01	
 2.3902e-01	
 3.2257e-01	
 3.0895e-01	
 2.4503e-01	
 3.4781e-01	
 6.2281e-01	
 4.2301e-01	
 2.4775e-01	
 2.1555e-01	
 1.9912e-01	
 1.9076e-01	
 2.5518e-01	
 2.7540e-01	
 2.5821e-01	
 3.8696e-01	
 2.1739e-01	
 4.9850e-01	
 4.4131e-01	
 2.9495e-01	
 3.4722e-01	
 3.0883e-01	
 2.0351e-01	
 3.8436e-01	
 3.3377e-01	
 2.1577e-01	
 4.5771e-01	
 3.1769e-01	
 3.6712e-01	
 2.1915e-01	
 2.3781e-01	
 3.1991e-01	
 3.3298e-01	
 2.2594e-01	
 5.4273e-01	
 3.3219e-01	
 3.6512e-01	
 2.7511e-01	
 2.6504e-01	
 4.0353e-01	
 2.1445e-01	
 1.6197e-01	
 2.1886e-01	
 4.3405e-01	
 3.7004e-01	
 1.8318e-01	
 2.2986e-01	
 4.8630e-01	
 2.2590e-01	
 5.5670e-01	
 4.5198e-01	
 7.5221e-01	
 4.1732e-01	
 2.7042e-01	
 3.7693e-01	
 5.5293e-01	
 3.5857e-01	
 3.5706e-01	
 5.6888e-01	
 6.2631e-01	
 4.5189e-01	
 2.7144e-01	
 1.9139e-01	
 4.5435e-01	
 4.5866e-01	
 2.7964e-01	
 7.2123e-01	
 2.1295e-01	
 2.4331e-01	
 2.9083e-01	
 3.4327e-01	
 3.9452e-01	
 2.3725e-01	
 2.8679e-01	
 2.7935e-01	
 2.3716e-01	
 3.0732e-01	
 3.3421e-01	
 2.2701e-01	
 3.3827e-01	
 3.3331e-01	
 2.6430e-01	
 3.9570e-01	
 2.3770e-01	
 4.0090e-01	
 2.5017e-01	
 2.3000e-01	
 3.2274e-01	
 7.5809e-01	
 3.0048e-01	
 1.9630e-01	
 4.6249e-01	
 4.1937e-01	
 8.1801e-01	
 4.1681e-01	
 2.7977e-01	
 3.9431e-01	
 5.1583e-01	
 2.7560e-01	
 4.2652e-01	
 3.4411e-01	
 5.9884e-01	
 2.5595e-01	
 5.0333e-01	
 4.8962e-01	
 2.7324e-01	
 2.4292e-01	
 2.4585e-01	
 3.1214e-01	
 2.0973e-01	
 4.9828e-01	
 2.1106e-01	
 3.2415e-01	
 2.3391e-01	
 5.2684e-01	
 3.4548e-01	
 3.2514e-01	
 3.0139e-01	
 2.7454e-01	
 5.6975e-01	
 3.4617e-01	
 2.3834e-01	
 3.1188e-01	
 2.7951e-01	
 2.8224e-01	
 1.9857e-01	
 2.6901e-01	
 3.1373e-01	
 2.9676e-01	
 1.9123e-01	
 5.1074e-01	
 2.6089e-01	
 5.6851e-01	
 3.3197e-01	
 2.4957e-01	
 2.5884e-01	
 2.3055e-01	
 3.0921e-01	
 4.0971e-01	
 2.5902e-01	
 2.1639e-01	
 5.3794e-01	
 2.4636e-01	
 2.5495e-01	
 3.5028e-01	
 3.4034e-01	
 2.6293e-01	
 2.1358e-01	
 3.4639e-01	
 3.2934e-01	
 2.9101e-01	
 4.4271e-01	
 8.6578e-01	
 4.2992e-01	
 3.6459e-01	
 6.0226e-01	
 3.3118e-01	
 2.6315e-01	
 3.4438e-01	
 3.2119e-01	
 3.1212e-01	
 5.4839e-01	
 5.1741e-01	
 2.9171e-01	
 6.0675e-01	
 3.9632e-01	
 1.9159e-01	
 3.6767e-01	
 4.1436e-01	
 4.6059e-01	
 6.5480e-01	
 4.2868e-01	
 2.9996e-01	
 6.0522e-01	
 4.7326e-01	
 3.3062e-01	
 3.2598e-01	
 3.6852e-01	
 7.9330e-01	
 3.9131e-01	
 2.7848e-01	
 3.8042e-01	
 2.0422e-01	
 3.5909e-01	
 2.7947e-01	
 4.8698e-01	
 2.3569e-01	
 2.5629e-01	
 4.8592e-01	
 2.9665e-01	
 3.5059e-01	
 2.7776e-01	
 2.0192e-01	
 2.5804e-01	
 4.2884e-01	
 1.6586e-01	
 2.6692e-01	
 2.2465e-01	
 2.3164e-01	
 3.3180e-01	
 2.5546e-01	
 3.3582e-01	
 2.9284e-01	
 9.4154e-01	
 2.7252e-01	
 4.6743e-01	
 2.3073e-01	
 2.2298e-01	
 2.7106e-01	
 2.5453e-01	
 4.6144e-01	
 3.1604e-01	
 1.7422e-01	
 2.8650e-01	
 3.1995e-01	
 2.9045e-01	
 2.6297e-01	
 4.9003e-01	
 2.9780e-01	
 4.2539e-01	
 4.3713e-01	
 4.4881e-01	
 2.4201e-01	
 3.1327e-01	
 3.9582e-01	
 2.1490e-01	
 2.7544e-01	
 3.2469e-01	
 2.6455e-01	
 3.0196e-01	
 6.4085e-01	
 2.2407e-01	
 3.0236e-01	
 3.1858e-01	
 2.6822e-01	
 2.6139e-01	
 3.8853e-01	
 5.9075e-01	
 3.0465e-01	
 4.9920e-01	
 5.5447e-01	
 4.0495e-01	
 4.6762e-01	
 5.2065e-01	
 2.2109e-01	
 2.3825e-01	
 3.9991e-01	
 6.4031e-01	
 3.2896e-01	
 3.8341e-01	
 4.5609e-01	
 3.6619e-01	
 1.7630e-01	
 3.4497e-01	
 4.4489e-01	
 2.6528e-01	
 2.3761e-01	
 5.5491e-01	
 2.8108e-01	
 2.2022e-01	
 2.2008e-01	
 2.8794e-01	
 3.7876e-01	
 2.2642e-01	
 2.2249e-01	
 2.8936e-01	
 3.0442e-01	
 2.1919e-01	
 1.9138e-01	
 5.6112e-01	
 2.6610e-01	
 4.1445e-01	
 2.9021e-01	
 2.2168e-01	
 2.3114e-01	
 2.6491e-01	
 2.8949e-01	
 2.8498e-01	
 6.1317e-01	
 3.3010e-01	
 2.5139e-01	
 5.1714e-01	
 3.3044e-01	
 2.9291e-01	
 6.5517e-01	
 2.6063e-01	
 3.9656e-01	
 4.2037e-01	
 3.5405e-01	
 3.1492e-01	
 5.1972e-01	
 2.6313e-01	
 4.2511e-01	
 2.7182e-01	
 2.3518e-01	
 4.7311e-01	
 5.2610e-01	
 2.2796e-01	
 5.9561e-01	
 3.9172e-01	
 5.0844e-01	
 5.9093e-01	
 2.3864e-01	
 2.7469e-01	
 3.2283e-01	
 3.9290e-01	
 3.1156e-01	
 4.8310e-01	
 3.8461e-01	
 4.3688e-01	
 2.7743e-01	
 4.0591e-01	
 2.7794e-01	
 2.6742e-01	
 5.1645e-01	
 2.6927e-01	
 3.6092e-01	
 3.2148e-01	
 3.9974e-01	
 2.4716e-01	
 2.9386e-01	
 3.9020e-01	
 5.6213e-01	
 3.6244e-01	
 6.3623e-01	
 3.9020e-01	
 5.1713e-01	
 3.2765e-01	
 2.1994e-01	
 2.8161e-01	
 4.5643e-01	
 4.6442e-01	
 3.0516e-01	
 4.1099e-01	
 5.4635e-01	
 1.6995e-01	
 1.7236e-01	
 4.0567e-01	
 1.7393e-01	
 1.5066e-01	
 2.0013e-01	
 2.8952e-01	
 2.6257e-01	
 2.0938e-01	
 3.1304e-01	
 2.8808e-01	
 2.6990e-01	
 2.6246e-01	
 2.7497e-01	
 3.4805e-01	
 3.5671e-01	
 2.5838e-01	
 4.6295e-01	
 4.4077e-01	
 3.1789e-01	
 1.9137e-01	
 4.6659e-01	
 4.4893e-01	
 2.8083e-01	
 4.3005e-01	
 2.5401e-01	
 2.7459e-01	
 3.3952e-01	
 2.1395e-01	
 2.5316e-01	
 3.2129e-01	
 3.6677e-01	
 4.6554e-01	
 4.7373e-01	
 2.5955e-01	
 3.7648e-01	
 3.7403e-01	
 5.1878e-01	
 3.1260e-01	
 4.3798e-01	
 1.9561e-01	
 6.4550e-01	
 3.3421e-01	
 2.4113e-01	
 4.6581e-01	
 8.1254e-01	
 3.4100e-01	
 2.6580e-01	
 4.5118e-01	
