% loss (train set)	
 1.8465e+01	
 1.3798e+01	
 1.0236e+01	
 9.0376e+00	
 6.2083e+00	
 6.8202e+00	
 4.6266e+00	
 4.2862e+00	
 3.9569e+00	
 3.0532e+00	
 3.2624e+00	
 3.3275e+00	
 2.7211e+00	
 2.4147e+00	
 2.3459e+00	
 2.2294e+00	
 1.9450e+00	
 1.9587e+00	
 1.8101e+00	
 1.8119e+00	
 1.5972e+00	
 1.3312e+00	
 1.3817e+00	
 1.2284e+00	
 1.2844e+00	
 1.3092e+00	
 1.0303e+00	
 1.2330e+00	
 1.1560e+00	
 9.3394e-01	
 9.7156e-01	
 8.8899e-01	
 8.8899e-01	
 8.7248e-01	
 8.5321e-01	
 8.3486e-01	
 8.1835e-01	
 7.0550e-01	
 6.4679e-01	
 7.1835e-01	
 7.6055e-01	
 5.9266e-01	
