% score (train set)	
 1.0179e+02	
 1.0215e+02	
 7.0500e+01	
 7.8904e+01	
 1.0482e+02	
 1.1556e+02	
 1.1607e+02	
 1.2397e+02	
 1.2013e+02	
 1.2106e+02	
 1.2955e+02	
 1.1494e+02	
 1.2267e+02	
 1.2066e+02	
 1.2198e+02	
 1.2713e+02	
 1.2244e+02	
 1.1136e+02	
 1.1761e+02	
 1.2140e+02	
 1.1407e+02	
 1.2633e+02	
 1.1764e+02	
 1.1837e+02	
 1.2735e+02	
 1.2547e+02	
 1.1940e+02	
 1.2672e+02	
 1.1873e+02	
 1.1633e+02	
 1.1953e+02	
 1.0671e+02	
 1.1772e+02	
 1.1326e+02	
 1.1435e+02	
 1.1958e+02	
 1.1564e+02	
 1.1876e+02	
 1.1463e+02	
 1.1960e+02	
 1.2661e+02	
 1.1531e+02	
