% grad norm (train set)	
 3.2081e-01	
 1.4524e-01	
 2.2255e-01	
 2.1330e-01	
 5.5862e-01	
 2.0300e-01	
 0.0000e+00	
 2.7025e-01	
 3.3140e-01	
 0.0000e+00	
 3.7959e-01	
 0.0000e+00	
 3.8576e-01	
 2.9268e-01	
 4.4782e-01	
 8.9480e-02	
 2.0065e-01	
 6.1034e-01	
 4.0602e-01	
 0.0000e+00	
 2.1600e-01	
 3.3112e-01	
 0.0000e+00	
 9.4151e-02	
 4.9634e-01	
 9.5238e-02	
 3.4842e-01	
 2.9528e-01	
 1.8003e-01	
 3.7469e-01	
 5.2008e-02	
 3.3798e-01	
 2.1248e-01	
 7.5750e-01	
 0.0000e+00	
 5.4747e-01	
 2.6278e-01	
 2.0577e-01	
 1.5440e-01	
 3.3284e-01	
 3.4567e-01	
 3.7943e-01	
 5.4206e-01	
 2.8912e-01	
 1.2844e-01	
 3.5304e-01	
 5.8744e-01	
 8.9384e-02	
 3.9439e-01	
 0.0000e+00	
 2.6275e-01	
 1.2845e-01	
 1.4458e-01	
 4.5113e-02	
 4.7922e-01	
 6.0672e-02	
 1.0088e-01	
 7.1804e-01	
 3.3498e-01	
 1.1859e-01	
 2.3360e-01	
 0.0000e+00	
 0.0000e+00	
 1.2486e-01	
 2.2758e-01	
 2.8617e-01	
 1.3973e-01	
 1.4065e-01	
 8.0600e-01	
 7.5186e-01	
 1.3947e-01	
 1.1055e+00	
 1.9750e-01	
 5.0510e-01	
 2.1025e-01	
 1.6565e-01	
 1.8393e-01	
 5.1997e-02	
 0.0000e+00	
 2.3562e-01	
 1.2512e-01	
 1.4582e-01	
 2.2049e-01	
 7.2127e-01	
 2.7220e-01	
 4.0472e-01	
 1.7326e-01	
 5.4112e-01	
 1.5606e+00	
 7.1542e-01	
 0.0000e+00	
 4.4638e-02	
 2.6936e-01	
 1.3886e-01	
 2.0682e-01	
 0.0000e+00	
 5.8077e-01	
 6.4675e-01	
 0.0000e+00	
 2.4565e-01	
 1.8158e-01	
 1.1590e-01	
 5.1916e-01	
 8.5123e-01	
 1.9513e-01	
 6.5929e-01	
 1.5005e-01	
 5.3571e-01	
 1.5623e-01	
 2.7086e-01	
 8.5375e-02	
 9.0020e-02	
 1.7302e-01	
 0.0000e+00	
 5.0907e-01	
 8.6860e-01	
 5.2813e-01	
 2.3360e-01	
 0.0000e+00	
 4.7881e-01	
 3.4648e-01	
 2.0866e-01	
 2.9324e-01	
 1.2957e-01	
 3.6072e-01	
 1.6012e-01	
 2.1083e-01	
 5.6049e-01	
 3.6022e-01	
 5.5934e-01	
 1.8058e-01	
 2.2843e-01	
 2.4988e-01	
 2.9636e-01	
 2.1073e-01	
 4.8494e-01	
 4.2857e-01	
 2.2428e-01	
 0.0000e+00	
 2.1339e-01	
 2.8579e-01	
 2.4631e-01	
 2.8131e-01	
 1.6203e-01	
 3.0085e-01	
 3.4936e-01	
 4.6156e-01	
 1.4569e+00	
 2.4069e-01	
 0.0000e+00	
 9.1410e-01	
 3.9895e-01	
 4.0008e-01	
 3.2415e-01	
 3.0666e-01	
 2.9439e-01	
 3.5495e-01	
 1.5700e-01	
 2.7900e-02	
 8.1387e-01	
 4.0524e-01	
 1.1368e-01	
 2.0484e-01	
 1.9626e-01	
 2.3972e-01	
 1.6661e-01	
 9.3504e-02	
 1.8196e-01	
 0.0000e+00	
 1.9877e-01	
 2.9716e-01	
 3.0954e-01	
 0.0000e+00	
 9.3691e-01	
 3.0647e-01	
 0.0000e+00	
 1.5968e-01	
 4.9255e-01	
 2.2640e-01	
 0.0000e+00	
 3.2077e-01	
 9.8949e-01	
 1.1218e-01	
 8.3536e-02	
 1.6321e-01	
 2.3372e-01	
 4.9473e-01	
 3.5356e-01	
 2.0157e-01	
 1.3217e-01	
 2.3901e-01	
 1.1488e+00	
 3.7634e-01	
 1.6289e-01	
 7.7346e-01	
 1.9091e-01	
 2.7405e-01	
 8.0335e-01	
 2.1807e-01	
 4.4377e-01	
 1.9063e+00	
 3.0505e-01	
 2.2298e-01	
 1.3313e-01	
 9.5725e-02	
 3.4066e-01	
 1.6219e-01	
 3.6249e-01	
 1.5065e-01	
 3.4659e-01	
 0.0000e+00	
 2.2174e-01	
 6.0676e-01	
 1.4703e-01	
 1.2998e+00	
 3.5724e-01	
 1.3288e-01	
 0.0000e+00	
 2.5443e-01	
 2.6576e-01	
 8.4216e-02	
 2.1264e-01	
 2.3156e-01	
 1.3277e-01	
 4.4373e-01	
 9.9964e-01	
 4.1679e-01	
 2.0757e-01	
 2.3488e-01	
 3.5840e-01	
 2.7243e-01	
 1.0398e-01	
 2.0612e-01	
 3.6198e-01	
 7.0517e-01	
 2.1844e-01	
 3.1498e-01	
 6.5224e-01	
 3.0350e-01	
 1.0175e-01	
 2.5584e-01	
 2.1287e-01	
 1.8658e-01	
 6.5663e-02	
 2.6675e-01	
 3.3886e-01	
 2.5700e-01	
 0.0000e+00	
 2.8858e-01	
 8.3830e-02	
 4.6716e-01	
 0.0000e+00	
 1.5207e+00	
 8.3007e-01	
 1.7559e-01	
 2.0677e-01	
 1.4053e-01	
 4.9811e-01	
 2.6214e-01	
 4.0167e-01	
 1.3348e-01	
 1.8180e-01	
 0.0000e+00	
 3.4306e-01	
 1.3021e-01	
 1.8072e-01	
 5.4860e-02	
 5.4289e-01	
 6.0295e-01	
 4.5320e-01	
 5.9016e-01	
 0.0000e+00	
 2.5728e-01	
 1.3635e-01	
 2.2514e-01	
 0.0000e+00	
 0.0000e+00	
 2.8217e-01	
 2.4137e-01	
 2.6157e-01	
 1.3845e+00	
 1.2626e+00	
 2.4236e-01	
 1.0721e+00	
 1.6640e-01	
 4.9677e-01	
 1.7460e-01	
 2.6772e-01	
 2.1886e-01	
 2.8444e-01	
 2.0784e-01	
 3.3817e-01	
 1.9271e+00	
 7.4765e-01	
 3.9981e-01	
 2.0534e-01	
 4.6137e-01	
 4.0851e-01	
 7.8294e-01	
 3.3351e-01	
 1.4007e-01	
 9.4363e-02	
 5.0961e-01	
 1.6408e-01	
 9.1280e-02	
 2.6028e-01	
 2.3228e-01	
 0.0000e+00	
 1.0325e-01	
 5.7427e-01	
 2.1655e-01	
 1.5933e-01	
 0.0000e+00	
 4.1420e-01	
 0.0000e+00	
 1.3436e-01	
 2.7401e-01	
 7.2763e-01	
 1.6064e-01	
 6.1049e-01	
 3.1184e-01	
 0.0000e+00	
 6.7976e-01	
 2.4047e-01	
 5.7803e-01	
 4.5518e-01	
 7.7668e-02	
 8.9489e-02	
 1.7500e-01	
 7.1920e-01	
 0.0000e+00	
 2.2262e-01	
 3.8907e-01	
 1.4613e-01	
 0.0000e+00	
 7.1359e-01	
 1.7278e-01	
 0.0000e+00	
 2.1515e-01	
 2.7169e-01	
 0.0000e+00	
 1.4879e-01	
 1.4290e-01	
 2.9226e-01	
 0.0000e+00	
 4.3899e-01	
 2.8338e-01	
 2.1783e-01	
 4.5802e-01	
 3.5231e-01	
 0.0000e+00	
 2.4634e-01	
 0.0000e+00	
 0.0000e+00	
 1.1060e-01	
 0.0000e+00	
 3.7773e-01	
 1.1033e-01	
 1.7700e-01	
 0.0000e+00	
 4.2811e-01	
 3.5967e-01	
 6.4009e-01	
 2.7009e-01	
 2.6887e-01	
 7.7761e-02	
 1.2409e-01	
 2.5642e-01	
 4.4373e-01	
 0.0000e+00	
 5.1066e-01	
 4.7761e-01	
 9.3959e-02	
 4.7350e-01	
 4.1505e-01	
 3.4275e-01	
 8.1878e-01	
 7.7629e-01	
 2.2208e-01	
 5.2943e-01	
 1.9852e-01	
 2.3422e-01	
 0.0000e+00	
 3.2887e-01	
 0.0000e+00	
 2.0288e-01	
 1.2094e-01	
 3.8832e-02	
 1.0062e+00	
 5.7587e-01	
 2.6470e-01	
 3.8241e-01	
 4.3725e-01	
 1.1484e-01	
 1.8608e-01	
 5.5620e-01	
 0.0000e+00	
 3.2432e-01	
 0.0000e+00	
 6.8850e-01	
 2.6725e-01	
 3.3397e-01	
 3.2995e-01	
 3.6887e-01	
 3.4976e-01	
 2.7004e-01	
 8.0009e-01	
 1.6440e-01	
 5.6782e-01	
 4.9559e-01	
 1.2003e+00	
 7.6866e-01	
 4.1692e-01	
 1.1165e-01	
 2.6126e-01	
 1.3504e+00	
 2.7576e-01	
 2.1681e-01	
 4.8590e-01	
 1.8147e-01	
 1.3206e-01	
 3.2631e-01	
 3.1658e-01	
 1.5082e-01	
 3.8853e-01	
 6.3365e-01	
 0.0000e+00	
 3.4803e-01	
 1.3291e-01	
 9.0674e-02	
 1.8021e-01	
 1.7340e-01	
 1.7494e-01	
 7.4068e-01	
 4.6168e-01	
 1.2309e+00	
 1.3862e-01	
 2.2627e-01	
 7.0713e-01	
 1.7900e-01	
 5.3585e-01	
 3.2352e-01	
 1.8754e-01	
 5.5038e-01	
 0.0000e+00	
 5.9899e-01	
 6.2862e-01	
 1.4544e-01	
 2.4856e-01	
 2.4603e-01	
 1.7269e-01	
 1.3578e-01	
 2.2970e-01	
 2.3043e-01	
 2.6861e-01	
 1.1657e-01	
 3.8730e-01	
 1.8458e-01	
 1.8829e-01	
 2.0421e-01	
 1.5595e-01	
 1.9988e-01	
 1.9248e-01	
 1.6615e-01	
 2.2612e-01	
 1.7450e-01	
 1.0251e-01	
 1.8771e-01	
 1.3079e-01	
 2.3042e-01	
 3.4174e-01	
 3.0969e-01	
 2.0375e-01	
 1.0141e-01	
 1.2694e-01	
 5.7386e-02	
 1.1490e-01	
 2.0042e-01	
 3.9411e-01	
 2.2849e-01	
 6.6508e-01	
 3.4600e-01	
 1.5935e-01	
 1.4935e-01	
 2.5921e-01	
 4.2287e-01	
 4.7982e-01	
 2.8113e-01	
 5.8798e-01	
 2.1392e-01	
 1.8558e-01	
 1.6245e-01	
 1.0788e-01	
 1.9909e-01	
 1.4215e-01	
 1.4856e-01	
 1.6234e-01	
 2.9923e-01	
 2.1508e-01	
 6.3109e-01	
 2.3863e-01	
 6.4620e-01	
 2.0317e-01	
 3.2784e-01	
 1.5716e-01	
 3.7899e-01	
 6.2135e-01	
 3.7660e-01	
 3.0927e-01	
 5.6106e-01	
 7.8273e-02	
 1.8955e-01	
 8.1107e-01	
 4.1823e-01	
 0.0000e+00	
 2.0365e-01	
 3.4023e-01	
 3.2122e-01	
 9.2339e-02	
 3.1195e-01	
 8.8837e-02	
 3.8937e-01	
 3.2577e-01	
 1.6160e-01	
 2.7874e-01	
 4.8572e-02	
 4.5956e-01	
 1.8069e-01	
 5.7817e-01	
 0.0000e+00	
 3.3295e-01	
 2.0888e-01	
 0.0000e+00	
 1.7039e-01	
 2.5977e-01	
 3.9710e-01	
 4.1467e-01	
 4.9060e-01	
 2.9222e-01	
 1.6203e-01	
 4.7997e-01	
 3.4066e-01	
 4.1312e-02	
 4.7454e-01	
 5.9046e-01	
 2.5717e-01	
 1.9611e-01	
 2.2931e-01	
 5.1766e-02	
 3.2304e-01	
 7.9055e-02	
 1.5270e-01	
 8.6458e-01	
 3.0811e-01	
 1.2244e-01	
 2.8778e-01	
 0.0000e+00	
 2.5684e-01	
 1.0163e-01	
 3.1162e-01	
 0.0000e+00	
 1.4396e-01	
 0.0000e+00	
 4.2980e-01	
 7.7176e-01	
 4.9927e-01	
 3.7350e-01	
 2.6815e-01	
 3.8294e-01	
 2.6739e-01	
 1.4926e-01	
 2.7110e-01	
 5.0001e-02	
 0.0000e+00	
 1.4333e-01	
 4.1285e-01	
 1.5474e-01	
 1.4343e-01	
 6.9993e-01	
 1.7646e-01	
 5.1823e-01	
 0.0000e+00	
 5.8056e-01	
 1.7705e+00	
 5.8126e-01	
 0.0000e+00	
 1.1148e-01	
 2.2391e-01	
 1.2726e-01	
 2.4046e-01	
 1.9303e-01	
 6.8263e-01	
 5.9808e-01	
 7.1608e-02	
 2.0344e-01	
 1.5982e-01	
 1.5921e-01	
 4.2113e-01	
 1.0892e+00	
 1.8693e-01	
 2.7348e-01	
 2.1502e-01	
 5.2501e-01	
 3.1328e-01	
 3.0798e-01	
 7.7421e-02	
 8.0267e-02	
 1.7095e-01	
 0.0000e+00	
 4.1236e-01	
 1.1199e+00	
 6.8273e-01	
 1.3864e-01	
 2.7699e-01	
 4.3787e-01	
 3.4733e-01	
 2.0150e-01	
 1.8883e-01	
 5.7552e-02	
 4.4841e-01	
 2.9948e-01	
 2.9934e-01	
 3.3720e-01	
 3.4808e-01	
 3.6529e-01	
 2.7342e-01	
 3.4577e-01	
 3.2247e-01	
 3.0882e-01	
 2.9746e-01	
 4.9487e-01	
 5.7523e-01	
 1.1266e-01	
 4.7106e-01	
 1.9751e-01	
 6.1648e-01	
 2.7645e-01	
 0.0000e+00	
 2.5938e-01	
 3.2801e-01	
 3.5530e-01	
 6.3348e-01	
 1.3066e+00	
 1.9047e-01	
 0.0000e+00	
 9.1116e-01	
 2.3170e-01	
 1.5138e-01	
 2.3651e-01	
 3.3596e-01	
 3.1606e-01	
 1.9388e-01	
 5.0686e-01	
 6.3751e-02	
 8.0195e-01	
 3.6369e-01	
 1.5514e-01	
 9.6671e-02	
 2.1835e-01	
 0.0000e+00	
 5.0691e-01	
 9.4849e-02	
 2.4584e-01	
 3.1082e-01	
 2.6194e-01	
 3.8165e-01	
 2.0259e-01	
 1.9641e-01	
 4.2525e-01	
 3.8933e-01	
 1.4678e-01	
 1.7565e-01	
 5.4418e-01	
 2.0548e-01	
 3.3153e-01	
 1.7770e-01	
 7.2462e-01	
 1.1049e-01	
 1.5220e-01	
 1.2090e-01	
 2.2310e-01	
 3.5403e-01	
 1.3324e-01	
 0.0000e+00	
 1.1232e-01	
 2.3688e-01	
 1.0936e+00	
 4.7488e-01	
 2.7664e-01	
 9.5357e-01	
 2.4476e-01	
 2.7989e-01	
 7.8813e-01	
 1.0911e-01	
 8.3331e-01	
 1.1555e+00	
 4.4219e-01	
 2.1367e-01	
 1.3813e-01	
 1.3930e-01	
 2.1856e-01	
 1.6613e-01	
 2.7861e-01	
 2.1160e-01	
 3.2072e-01	
 9.1379e-02	
 2.0375e-01	
 6.9554e-01	
 1.8781e-01	
 1.5086e+00	
 3.2616e-01	
 9.0369e-02	
 0.0000e+00	
 1.3236e-01	
 3.5066e-01	
 1.6293e-01	
 2.1789e-01	
 3.0061e-01	
 1.1564e-01	
 3.2977e-01	
 1.1380e+00	
 1.2761e+00	
 2.4532e-01	
 3.7352e-01	
 3.0421e-01	
 2.1322e-01	
 1.7958e-01	
 4.4565e-01	
 3.6513e-01	
 9.7857e-01	
 3.3861e-01	
 3.5216e-01	
 5.2390e-01	
 2.8601e-01	
 6.8821e-02	
 3.4919e-01	
 2.7150e-01	
 2.6210e-01	
 1.2499e-01	
 3.8120e-01	
 2.8120e-01	
 2.8866e-01	
 1.8700e-01	
 2.8012e-01	
 9.5582e-02	
 2.9347e-01	
 0.0000e+00	
 9.8540e-01	
 6.8344e-01	
 1.3402e-01	
 1.8668e-01	
 1.8392e-01	
 0.0000e+00	
 2.6174e-01	
 1.0410e+00	
 1.2113e-01	
 1.5333e-01	
 0.0000e+00	
 3.3538e-01	
 1.6053e-01	
 2.8311e-01	
 1.4239e-01	
 5.5276e-01	
 6.9564e-01	
 3.3378e-01	
 5.6172e-01	
 1.4591e-01	
 6.8804e-01	
 1.5536e-01	
 3.4023e-01	
 3.0117e-01	
 1.9888e-01	
 3.0965e-01	
 1.9741e-01	
 2.5431e-01	
 3.2088e-01	
 1.3200e+00	
 3.3169e-01	
 7.6819e-01	
 1.5351e-01	
 1.6402e-01	
 7.6122e-02	
 2.6784e-01	
 1.6955e-01	
 3.1245e-01	
 2.0086e-01	
 3.2485e-01	
 0.0000e+00	
 6.8382e-01	
 5.5694e-01	
 2.0414e-01	
 0.0000e+00	
 2.7599e-01	
 6.5601e-01	
 3.0320e-01	
 1.8217e-01	
 0.0000e+00	
 5.4840e-01	
 1.6068e-01	
 1.4022e-01	
 3.8590e-01	
 2.1378e-01	
 2.2951e-01	
 7.8485e-02	
 3.9413e-01	
 3.9754e-01	
 2.7197e-01	
 0.0000e+00	
 5.0922e-01	
 0.0000e+00	
 1.4374e-01	
 2.5916e-01	
 0.0000e+00	
 1.4812e-01	
 3.8871e-01	
 3.3202e-01	
 0.0000e+00	
 9.0027e-01	
 3.4952e-01	
 4.1485e-01	
 4.4034e-01	
 1.7747e-01	
 2.4747e-01	
 3.0611e-01	
 0.0000e+00	
 4.3746e-01	
 1.9436e-01	
 7.4871e-01	
 1.1543e-01	
 0.0000e+00	
 0.0000e+00	
 1.6315e-01	
 1.9891e-01	
 1.9509e-01	
 2.8535e-01	
 2.0625e-01	
 1.8724e-01	
 2.2245e-01	
 4.5666e-01	
 1.7459e-01	
 2.8484e-01	
 2.9368e-01	
 2.6839e-01	
 5.1217e-01	
 3.8094e-01	
 5.0557e-01	
 2.4458e-01	
 5.1271e-01	
 9.8225e-02	
 9.8269e-02	
 2.4397e-01	
 2.2332e-01	
 1.2105e-01	
 1.8211e-01	
 6.5691e-01	
 4.1836e-01	
 5.0310e-01	
 8.2095e-01	
 2.4993e-01	
 3.2746e-01	
 8.7446e-02	
 2.7026e-01	
 2.2877e-01	
 7.5216e-01	
 2.1873e-01	
 4.6833e-01	
 3.8446e-01	
 8.1313e-02	
 0.0000e+00	
 4.7153e-01	
 3.6653e-01	
 7.0126e-01	
 6.2122e-01	
 2.4118e-01	
 4.9054e-01	
 2.6369e-01	
 3.2142e-01	
 2.9328e-01	
 4.9980e-01	
 1.8348e-01	
 1.5712e-01	
 1.1798e-01	
 1.1926e-01	
 9.2612e-01	
 6.3926e-01	
 5.4200e-01	
 7.5663e-01	
 3.2548e-01	
 1.1788e-01	
 2.0440e-01	
 5.4492e-01	
 2.8737e-01	
 3.1258e-01	
 1.0614e-01	
 5.8721e-01	
 3.0970e-01	
 2.3137e-01	
 3.8524e-01	
 3.2845e-01	
 3.1813e-01	
 2.3138e-01	
 6.5492e-01	
 1.8671e-01	
 0.0000e+00	
 4.6320e-01	
 1.3651e+00	
 3.5698e-01	
 3.8711e-01	
 1.5550e-01	
 0.0000e+00	
 8.7224e-01	
 3.4632e-01	
 0.0000e+00	
 3.3509e-01	
 8.1096e-02	
 0.0000e+00	
 2.5462e-01	
 2.3952e-01	
 5.5513e-02	
 4.0809e-01	
 6.9040e-01	
 0.0000e+00	
 3.1250e-01	
 1.5834e-01	
 9.1726e-02	
 1.9435e-01	
 2.6106e-01	
 2.0540e-01	
 6.8357e-01	
 2.4419e-01	
 1.2867e+00	
 1.5608e-01	
 1.8598e-01	
 0.0000e+00	
 1.2185e-01	
 3.0549e-01	
 2.5233e-01	
 2.0437e-01	
 5.7524e-01	
 1.1582e+00	
 4.2235e-01	
 4.8583e-01	
 3.7070e-01	
 2.6490e-01	
 3.3512e-01	
 7.5150e-02	
 9.3813e-02	
 2.5554e-01	
 2.4128e-01	
 2.3207e-01	
 1.7626e-01	
 3.2731e-01	
 1.1930e-01	
 1.7099e-01	
 1.7457e-01	
 6.7821e-02	
 1.3307e-01	
 1.8432e-01	
 2.5608e-01	
 5.3727e-01	
 1.1406e-01	
 6.0593e-02	
 2.0624e-01	
 1.1421e-01	
 2.1763e-01	
 4.4223e-01	
 3.1478e-01	
 2.9547e-01	
 6.7724e-02	
 1.2687e-01	
 6.3691e-02	
 6.9784e-02	
 1.5629e-01	
 0.0000e+00	
 3.2734e-01	
 4.9771e-01	
 0.0000e+00	
 3.3661e-01	
 1.7325e-01	
 2.3886e-01	
 3.6334e-01	
 0.0000e+00	
 1.5628e-01	
 7.8132e-01	
 2.2445e-01	
 1.9539e-01	
 1.2525e-01	
 1.1040e-01	
 2.6552e-01	
 9.0091e-02	
 1.5375e-01	
 1.5699e-01	
 2.2384e-01	
 2.0109e-01	
 5.8745e-01	
 2.3134e-01	
 0.0000e+00	
 4.2985e-01	
 2.8486e-01	
 0.0000e+00	
 2.6239e-01	
 6.5579e-01	
 3.7593e-01	
 3.0756e-01	
 5.1253e-01	
 1.2322e-01	
 3.8311e-01	
 7.1403e-01	
 4.8619e-01	
 1.7253e-01	
 3.0118e-01	
 3.3727e-01	
 3.2695e-01	
 8.6226e-02	
 1.1243e+00	
 1.2671e-01	
 4.1683e-01	
 1.7931e-01	
 2.1293e-01	
 3.2291e-01	
 6.2667e-02	
 1.7017e-01	
 5.5563e-01	
 6.9116e-01	
 4.0607e-01	
 6.3173e-01	
 1.0351e-01	
 2.0591e-01	
 1.4120e-01	
 3.1839e-01	
 4.0557e-01	
 3.9094e-01	
 4.6594e-01	
 3.0406e-01	
 1.6434e-01	
 4.2262e-01	
 1.0870e-01	
 4.5227e-02	
 4.6555e-01	
 2.4594e-01	
 2.5429e-01	
 2.1298e-01	
 1.5278e-01	
 1.1817e-01	
 0.0000e+00	
 1.3755e-01	
 0.0000e+00	
 6.3561e-01	
 2.5686e-01	
 1.1643e-01	
 0.0000e+00	
 1.2680e-01	
 6.8637e-01	
 2.1286e-01	
 2.3313e-01	
 0.0000e+00	
 7.1937e-02	
 8.9273e-02	
 3.9965e-01	
 6.7643e-01	
 4.5713e-01	
 3.3150e-01	
 1.1466e-01	
 4.3330e-01	
 1.4377e-01	
 2.5555e-01	
 2.6747e-01	
 4.2993e-02	
 0.0000e+00	
 1.9493e-01	
 2.3854e-01	
 1.7732e-01	
 0.0000e+00	
 7.0571e-01	
 1.2944e-01	
 4.2496e-01	
 3.5529e-01	
 3.0070e-01	
 1.3686e+00	
 7.6546e-01	
 4.8897e-01	
 8.4193e-02	
 3.1225e-01	
 0.0000e+00	
 2.0897e-01	
 1.7593e-01	
 6.9066e-01	
 6.1348e-01	
 1.6620e-01	
 2.0826e-01	
 1.4711e-01	
 1.4144e-01	
 5.7364e-01	
 1.0447e+00	
 1.5504e-01	
 5.9500e-01	
 2.1525e-01	
 8.0547e-01	
 4.7404e-01	
 2.9027e-01	
 1.0141e-01	
 1.3862e-01	
 0.0000e+00	
 4.6208e-01	
 3.3404e-01	
 8.8426e-01	
 5.4536e-01	
 8.7449e-02	
 2.0815e-01	
 4.3602e-01	
 3.0651e-01	
 2.3879e-01	
 1.9339e-01	
 5.6732e-02	
 3.7075e-01	
 1.2016e-01	
 3.0774e-01	
 4.9738e-01	
 3.4734e-01	
 6.3681e-01	
 3.2772e-01	
 1.9590e-01	
 3.2171e-01	
 2.7306e-01	
 2.1155e-01	
 5.6160e-01	
 6.2603e-01	
 1.1700e-01	
 2.9896e-01	
 1.7553e-01	
 3.3320e-01	
 2.2312e-01	
 0.0000e+00	
 2.3360e-01	
 3.7421e-01	
 3.2123e-01	
 7.1717e-01	
 1.6082e+00	
 2.5810e-01	
 0.0000e+00	
 9.1590e-01	
 4.3602e-01	
 2.1568e-01	
 3.9071e-01	
 1.6935e-01	
 3.3355e-01	
 2.4854e-01	
 1.9320e-01	
 1.8959e-01	
 7.1490e-01	
 3.2303e-01	
 1.2266e-01	
 2.2477e-01	
 0.0000e+00	
 4.8811e-01	
 1.2646e-01	
 9.3537e-02	
 2.5050e-01	
 1.4580e-01	
 3.0151e-01	
 3.7725e-01	
 3.1940e-01	
 8.4464e-02	
 8.0096e-01	
 2.8527e-01	
 2.4533e-01	
 1.4367e-01	
 6.1699e-01	
 1.9953e-01	
 0.0000e+00	
 2.4531e-01	
 7.4902e-01	
 1.2618e-01	
 0.0000e+00	
 9.5172e-02	
 1.7999e-01	
 4.0910e-01	
 2.6015e-01	
 4.2716e-01	
 1.0689e-01	
 3.5419e-01	
 4.1320e-01	
 4.3251e-01	
 2.5237e-01	
 8.6519e-01	
 1.6350e-01	
 2.7934e-01	
 1.0299e+00	
 1.0901e-01	
 0.0000e+00	
 1.1575e+00	
 3.4777e-01	
 2.5287e-01	
 1.4959e-01	
 0.0000e+00	
 2.8092e-01	
 1.5457e-01	
 2.6611e-01	
 1.1831e-01	
 3.0907e-01	
 6.4221e-02	
 1.6651e-01	
 9.4383e-01	
 2.1923e-01	
 1.3915e+00	
 2.5015e-01	
 1.2742e-01	
 0.0000e+00	
 2.3916e-01	
 3.2740e-01	
 7.5022e-02	
 1.6415e-01	
 3.4649e-01	
 1.5149e-01	
 2.3610e-01	
 8.6841e-01	
 6.5706e-01	
 3.0823e-01	
 3.2900e-01	
 3.5167e-01	
 2.7408e-01	
 1.4313e-01	
 1.9991e-01	
 4.1148e-01	
 5.9980e-01	
 2.3482e-01	
 2.9723e-01	
 5.0698e-01	
 2.5941e-01	
 1.0310e-01	
 2.0271e-01	
 2.6874e-01	
 2.2595e-01	
 6.5376e-02	
 0.0000e+00	
 2.9259e-01	
 2.3747e-01	
 7.3855e-01	
 2.7134e-01	
 1.8019e-01	
 2.2625e-01	
 1.4231e-01	
 1.5284e+00	
 8.8858e-01	
 1.4086e-01	
 1.9379e-01	
 1.5044e-01	
 2.7780e-01	
 2.6744e-01	
 0.0000e+00	
 1.3551e-01	
 9.4091e-02	
 6.8079e-01	
 1.9382e-01	
 1.8058e-01	
 2.3349e-01	
 3.6913e-02	
 4.6577e-01	
 3.5306e-01	
 5.2939e-01	
 3.0645e-01	
 0.0000e+00	
 5.0030e-01	
 1.7958e-01	
 2.0555e-01	
 1.7187e-01	
 1.8405e-01	
 4.0172e-01	
 2.5368e-01	
 3.3042e-01	
 0.0000e+00	
 1.3101e+00	
 2.5505e-01	
 1.0557e+00	
 1.7787e-01	
 0.0000e+00	
 1.6449e-01	
 2.7832e-01	
 1.4144e-01	
 2.8841e-01	
 2.6524e-01	
 4.4619e-01	
 1.3076e+00	
 6.4249e-01	
 4.2215e-01	
 2.1740e-01	
 2.7603e-01	
 3.1172e-01	
 6.6864e-01	
 3.0441e-01	
 1.5162e-01	
 7.3927e-02	
 5.3453e-01	
 1.2789e-01	
 1.3012e-01	
 3.0608e-01	
 1.9231e-01	
 4.5748e-01	
 7.0263e-02	
 2.7444e-01	
 3.6396e-01	
 2.4128e-01	
 0.0000e+00	
 5.1351e-01	
 1.6448e-01	
 1.8103e-01	
 2.8037e-01	
 0.0000e+00	
 1.4584e-01	
 5.2277e-01	
 3.8811e-01	
 2.6179e-01	
 5.0015e-01	
 3.5316e-01	
 8.3762e-01	
 4.0050e-01	
 6.9516e-02	
 2.3803e-01	
 2.6256e-01	
 3.2738e-01	
 0.0000e+00	
 2.1477e-01	
 6.7522e-01	
 1.1752e-01	
 0.0000e+00	
 2.8047e-01	
 1.7066e-01	
 1.4546e-01	
 0.0000e+00	
 2.1679e-01	
 9.1060e-02	
 1.7397e-01	
 3.7988e-01	
 3.2498e-01	
 0.0000e+00	
 3.1867e-01	
 3.8060e-01	
 3.2214e-01	
 5.2748e-01	
 1.8995e-01	
 0.0000e+00	
 2.6668e-01	
 0.0000e+00	
 1.1061e-01	
 1.4510e-01	
 4.4594e-01	
 2.8408e-01	
 1.9219e-01	
 1.7733e-01	
 1.1795e+00	
 3.9980e-01	
 4.8127e-01	
 8.9257e-01	
 2.9644e-01	
 2.5644e-01	
 1.1318e-01	
 1.8992e-01	
 2.3317e-01	
 2.9136e-01	
 2.4366e-01	
 4.9375e-01	
 3.7869e-01	
 1.0617e-01	
 3.6822e-01	
 4.1180e-01	
 3.2328e-01	
 5.8794e-01	
 5.8988e-01	
 1.7369e-01	
 5.2583e-01	
 2.3601e-01	
 2.9595e-01	
 0.0000e+00	
 3.4975e-01	
 1.5406e-01	
 1.5251e-01	
 1.0719e-01	
 1.3148e-01	
 0.0000e+00	
 6.5091e-01	
 3.2699e-01	
 7.7738e-01	
 3.5149e-01	
 1.7716e-01	
 1.9261e-01	
 7.7601e-01	
 0.0000e+00	
 3.8582e-01	
 1.1750e-01	
 4.2317e-01	
 2.8922e-01	
 4.2701e-01	
 2.6344e-01	
 3.4566e-01	
 3.2042e-01	
 2.5606e-01	
 8.0470e-01	
 1.7144e-01	
 6.1762e-01	
 4.4705e-01	
 1.4543e+00	
 6.1484e-01	
 4.6409e-01	
 9.0650e-02	
 5.1103e-01	
 1.1642e+00	
 2.8612e-01	
 0.0000e+00	
 3.8370e-01	
 9.5368e-02	
 9.3120e-02	
 2.2372e-01	
 2.0296e-01	
 1.2740e-01	
 2.6876e-01	
 6.1486e-01	
 1.9838e-01	
 2.8121e-01	
 1.2621e-01	
 8.6448e-02	
 1.7031e-01	
 2.5505e-01	
 0.0000e+00	
 5.6611e-01	
 4.2053e-01	
 1.0931e+00	
 6.5555e-02	
 2.6589e-01	
 5.5870e-01	
 9.2080e-02	
 4.0658e-01	
 4.1043e-01	
 1.7689e-01	
 3.8803e-01	
 6.5243e-01	
 3.4936e-01	
 7.4288e-01	
 0.0000e+00	
 0.0000e+00	
 3.3746e-01	
 8.3462e-02	
 1.9059e-01	
 3.3412e-01	
 2.1600e-01	
 2.3912e-01	
 1.9278e-01	
 4.5280e-01	
 1.1215e-01	
 1.6440e-01	
 1.8373e-01	
 1.5818e-01	
 3.7140e-01	
 1.9617e-01	
 2.1031e-01	
 2.2083e-01	
 2.6355e-02	
 7.9648e-02	
 2.9544e-01	
 1.3917e-01	
 2.3289e-01	
 3.7412e-01	
 4.3272e-01	
 3.2644e-01	
 1.8273e-01	
 1.4049e-01	
 7.9322e-02	
 5.4281e-02	
 1.7406e-01	
 4.6877e-01	
 3.3719e-01	
 7.7438e-01	
 0.0000e+00	
 2.2059e-01	
 1.8597e-01	
 3.5030e-01	
 4.6410e-01	
 0.0000e+00	
 1.8669e-01	
 9.1384e-01	
 1.7996e-01	
 2.0610e-01	
 1.2947e-01	
 9.9798e-02	
 1.0332e-01	
 1.9920e-01	
 3.8710e-01	
 1.5713e-01	
 2.0266e-01	
 2.0011e-01	
 9.4810e-01	
 2.8620e-01	
 6.3086e-01	
 4.5696e-01	
 3.9842e-01	
 2.0494e-01	
 4.5584e-01	
 5.0485e-01	
 3.0359e-01	
 1.1267e-01	
 5.2578e-01	
 5.7873e-02	
 0.0000e+00	
 6.7738e-01	
 4.3441e-01	
 1.6469e-01	
 2.6251e-01	
 1.9763e-01	
 0.0000e+00	
 9.8313e-02	
 9.6282e-01	
 1.1802e-01	
 3.8990e-01	
 2.5254e-01	
 1.8064e-01	
 3.2651e-01	
 4.3321e-02	
 4.6524e-01	
 0.0000e+00	
 5.2628e-01	
 7.3055e-01	
 5.1346e-01	
 2.1343e-01	
 0.0000e+00	
 1.2301e-01	
 2.9259e-01	
 2.5904e-01	
 3.7500e-01	
 5.3823e-01	
 3.0343e-01	
 1.0215e-01	
 4.7952e-01	
 1.3416e-01	
 3.9644e-02	
 4.4025e-01	
 7.4251e-01	
 2.4181e-01	
 4.9994e-02	
 2.5026e-01	
 5.7767e-02	
 3.3127e-01	
 1.4156e-01	
 1.3573e-01	
 6.3625e-01	
 3.1023e-01	
 1.0881e-01	
 5.2612e-01	
 4.4108e-01	
 4.1421e-01	
 1.8111e-01	
 2.6610e-01	
 5.6870e-01	
 2.3874e-01	
 2.5581e-01	
 3.9030e-01	
 7.5669e-01	
 5.1540e-01	
 2.6868e-01	
 1.1442e-01	
 5.2659e-01	
 1.5783e-01	
 1.6389e-01	
 2.3666e-01	
 1.1580e-01	
 0.0000e+00	
 1.9126e-01	
 1.8352e-01	
 1.5529e-01	
 0.0000e+00	
 6.4701e-01	
 1.2430e-01	
 4.3081e-01	
 2.2835e-01	
 4.0887e-01	
 1.7225e+00	
 7.6695e-01	
 2.5713e-01	
 1.0741e-01	
 2.7379e-01	
 1.8153e-01	
 2.7829e-01	
 1.8607e-01	
 8.8226e-01	
 6.4861e-01	
 5.2389e-02	
 1.7448e-01	
 1.5501e-01	
 1.0444e-01	
 5.4153e-01	
 8.0604e-01	
 1.7005e-01	
 5.7619e-01	
 3.2866e-01	
 8.7737e-01	
 2.2021e-01	
 4.0358e-01	
 7.4776e-02	
 6.8699e-02	
 3.0433e-01	
 5.4751e-01	
 2.0267e-01	
 1.1170e+00	
 6.8530e-01	
 2.0030e-01	
 0.0000e+00	
 3.2431e-01	
 2.8771e-01	
 3.2103e-01	
 3.0489e-01	
 6.5380e-02	
 3.4159e-01	
 1.4673e-01	
 2.6363e-01	
 4.1033e-01	
 5.9498e-01	
 5.4847e-01	
 1.8870e-01	
 2.3019e-01	
 3.6517e-01	
 4.1874e-01	
 2.1673e-01	
 6.5680e-01	
 6.2036e-01	
 1.7284e-01	
 4.7696e-01	
 1.6904e-01	
 6.5429e-01	
 2.4569e-01	
 2.8608e-01	
 2.9199e-01	
 3.1002e-01	
 3.4283e-01	
 6.1207e-01	
 1.2883e+00	
 2.3806e-01	
 0.0000e+00	
 8.2497e-01	
 4.0860e-01	
 3.5297e-01	
 2.6812e-01	
 1.6448e-01	
 4.0588e-01	
 3.4455e-01	
 3.6290e-01	
 1.7961e-01	
 3.9678e-01	
 4.1982e-01	
 1.2078e-01	
 1.5110e-01	
 1.7187e-01	
 5.1054e-01	
 2.4065e-01	
 8.1652e-02	
 2.5869e-01	
 1.6746e-01	
 2.9385e-01	
 3.7391e-01	
 2.8263e-01	
 1.5881e-01	
 0.0000e+00	
 2.9519e-01	
 2.4200e-01	
 2.0608e-01	
 5.7822e-01	
 1.4984e-01	
 0.0000e+00	
 3.1565e-01	
 7.0497e-01	
 1.2697e-01	
 0.0000e+00	
 8.3437e-02	
 1.3754e-01	
 2.1485e-01	
 2.2488e-01	
 2.2000e-01	
 1.3854e-01	
 2.7779e-01	
 5.3693e-01	
 6.3695e-01	
 0.0000e+00	
 0.0000e+00	
 1.5318e-01	
 2.4930e-01	
 8.9741e-01	
 1.3206e-01	
 0.0000e+00	
 1.0450e+00	
 3.9031e-01	
 3.1351e-01	
 1.4350e-01	
 1.0031e-01	
 2.8007e-01	
 1.9551e-01	
 2.7334e-01	
 1.6372e-01	
 3.6887e-01	
 3.3412e-01	
 1.3498e-01	
 6.4958e-01	
 1.9495e-01	
 1.5485e+00	
 3.0310e-01	
 1.1589e-01	
 0.0000e+00	
 1.8337e-01	
 3.8933e-01	
 1.5643e-01	
 2.1263e-01	
 4.8088e-01	
 1.2786e-01	
 4.6164e-01	
 8.8544e-01	
 6.7567e-01	
 5.0640e-01	
 2.9890e-01	
 3.6481e-01	
 3.4702e-01	
 1.5703e-01	
 4.7240e-01	
 4.2436e-01	
 4.9751e-01	
 2.1062e-01	
 3.5904e-01	
 5.0800e-01	
 2.5083e-01	
 5.2289e-02	
 2.1863e-01	
 2.4475e-01	
 2.1068e-01	
 6.7241e-02	
 0.0000e+00	
 2.7092e-01	
 2.8551e-01	
 4.8829e-01	
 1.2266e-01	
 9.4638e-02	
 5.2350e-01	
 0.0000e+00	
 0.0000e+00	
 7.9750e-01	
 1.6056e-01	
 1.9891e-01	
 1.9101e-01	
 5.2921e-01	
 2.8682e-01	
 3.3757e-01	
 1.1781e-01	
 1.5141e-01	
 0.0000e+00	
 2.9529e-01	
 1.8314e-01	
 3.3407e-01	
 5.5495e-02	
 5.1480e-01	
 3.7173e-01	
 5.5364e-01	
 3.0286e-01	
 1.9778e-01	
 9.0021e-01	
 1.5558e-01	
 4.9782e-01	
 2.4330e-01	
 0.0000e+00	
 4.1999e-01	
 3.1682e-01	
 2.7112e-01	
 0.0000e+00	
 7.1643e-01	
 2.6909e-01	
 1.0043e+00	
 1.9252e-01	
 0.0000e+00	
 1.9054e-01	
 2.6030e-01	
 1.5735e-01	
 3.2447e-01	
 1.4154e-01	
 2.3797e-01	
 5.9317e-01	
 6.5568e-01	
 7.8260e-01	
 2.8261e-01	
 2.9284e-01	
 2.5678e-01	
 5.6886e-01	
 2.6551e-01	
 2.4920e-01	
 1.6199e-01	
 6.1440e-01	
 2.3576e-01	
 1.2346e-01	
 3.4224e-01	
 2.2942e-01	
 0.0000e+00	
 8.5733e-02	
 0.0000e+00	
 4.2234e-01	
 2.1228e-01	
 1.0228e+00	
 7.5816e-01	
 0.0000e+00	
 1.3670e-01	
 2.1181e-01	
 9.7089e-01	
 1.6470e-01	
 6.4862e-01	
 2.9765e-01	
 0.0000e+00	
 4.1220e-01	
 2.9264e-01	
 8.1975e-01	
 4.3878e-01	
 6.0037e-02	
 2.2281e-01	
 1.5669e-01	
 8.2955e-01	
 0.0000e+00	
 2.3464e-01	
 4.0783e-01	
 1.3646e-01	
 0.0000e+00	
 2.3587e-01	
 1.6251e-01	
 2.2168e-01	
 3.3211e-01	
 2.9243e-01	
 8.8023e-02	
 2.4679e-01	
 1.9971e-01	
 5.1263e-01	
 0.0000e+00	
 2.6685e-01	
 3.6370e-01	
 2.5874e-01	
 0.0000e+00	
 4.1670e-01	
 5.0107e-01	
 2.4385e-01	
 8.6041e-01	
 1.1560e-01	
 4.0263e-02	
 0.0000e+00	
 3.5149e-01	
 1.8570e-01	
 1.2003e-01	
 0.0000e+00	
 3.5762e-01	
 4.7127e-01	
 8.1255e-01	
 3.4833e-01	
 3.0465e-01	
 8.3918e-02	
 1.6886e-01	
 2.1922e-01	
 3.0423e-01	
 1.0532e-01	
 3.5312e-01	
 5.3206e-01	
 1.1287e-01	
 3.0363e-01	
 4.7986e-01	
 2.7640e-01	
 4.4864e-01	
 9.7870e-01	
 2.4332e-01	
 4.7825e-01	
 2.2120e-01	
 3.6510e-01	
 2.5092e-01	
 3.5378e-01	
 0.0000e+00	
 1.8018e-01	
 1.1997e-01	
 5.9231e-02	
 5.3358e-01	
 6.8147e-01	
 3.3453e-01	
 4.7831e-01	
 6.0493e-01	
 1.2619e-01	
 0.0000e+00	
 4.2117e-01	
 2.5411e-01	
 2.6837e-01	
 1.0827e-01	
 4.6106e-01	
 2.6101e-01	
 3.9221e-01	
 3.3795e-01	
 3.3061e-01	
 2.9116e-01	
 3.7250e-01	
 8.3909e-01	
 9.6797e-02	
 0.0000e+00	
 4.9647e-01	
 1.4910e+00	
 4.0244e-01	
 2.9373e-01	
 1.7696e-01	
 0.0000e+00	
 1.2278e+00	
 2.0037e-01	
 8.0509e-01	
 4.3534e-01	
 8.7634e-02	
 2.9902e-01	
 2.3160e-01	
 2.1553e-01	
 6.0906e-02	
 4.9397e-01	
 5.6509e-01	
 9.9725e-02	
 3.7029e-01	
 1.2166e-01	
 1.9063e-01	
 1.5065e-01	
 2.0698e-01	
 2.3525e-01	
 6.9229e-01	
 2.9026e-01	
 1.1792e+00	
 1.6551e-01	
 3.3068e-01	
 5.7242e-01	
 2.0747e-01	
 3.5489e-01	
 2.7953e-01	
 1.8732e-01	
 4.5959e-01	
 7.2075e-01	
 3.3532e-01	
 7.5799e-01	
 4.0332e-01	
 1.4046e-01	
 2.5986e-01	
 1.7565e-01	
 9.0665e-02	
 3.2236e-01	
 2.2020e-01	
 2.1671e-01	
 2.5307e-01	
 3.3174e-01	
 1.8399e-01	
 1.7574e-01	
 2.1798e-01	
 7.7379e-02	
 1.6370e-01	
 1.8034e-01	
 2.4066e-01	
 2.4414e-01	
 1.9545e-01	
 7.3983e-02	
 2.2818e-01	
 1.2602e-01	
 2.0540e-01	
 3.2612e-01	
 4.0222e-01	
 3.1005e-01	
 1.6592e-01	
 1.1960e-01	
 1.4474e-01	
 1.3697e-01	
 2.2399e-01	
 9.0014e-02	
 3.9952e-01	
 0.0000e+00	
 3.0808e-01	
 2.0659e-01	
 1.7603e-01	
 0.0000e+00	
 4.1212e-01	
 2.0692e-01	
 2.2014e-01	
 7.6625e-01	
 2.2240e-01	
 1.9763e-01	
 1.3055e-01	
 9.3322e-02	
 1.3049e-01	
 1.1383e-01	
 4.6025e-01	
 2.3234e-01	
 3.1859e-01	
 2.0337e-01	
 5.6546e-01	
 2.5837e-01	
 5.6361e-01	
 2.0682e-01	
 2.6813e-01	
 0.0000e+00	
 2.9260e-01	
 5.8108e-01	
 3.7640e-01	
 3.3363e-01	
 2.1547e-01	
 1.0596e-01	
 1.8016e-01	
 6.7087e-01	
 4.2059e-01	
 2.5216e-01	
 2.1607e-01	
 1.6932e-01	
 0.0000e+00	
 1.1388e-01	
 4.3451e-01	
 6.5537e-02	
 4.2603e-01	
 3.6209e-01	
 1.4084e-01	
 2.6280e-01	
 8.0232e-02	
 4.0699e-01	
 7.3920e-01	
 6.8184e-01	
 7.4089e-01	
 7.5270e-01	
 1.9021e-01	
 3.4832e-01	
 1.6559e-01	
 2.9738e-01	
 3.1349e-01	
 5.8111e-01	
 5.1211e-01	
 3.2468e-01	
 7.8570e-02	
 5.0498e-01	
 1.6399e-01	
 4.6075e-02	
 4.7941e-01	
 0.0000e+00	
 2.5669e-01	
 1.1939e-01	
 2.2660e-01	
 7.1691e-02	
 2.4325e-01	
 9.0299e-02	
 1.5566e-01	
 6.2992e-01	
 2.4644e-01	
 1.6440e-01	
 4.1751e-01	
 0.0000e+00	
 4.8317e-01	
 0.0000e+00	
 2.4182e-01	
 2.0311e-01	
 0.0000e+00	
 1.5648e-01	
 3.7643e-01	
 7.7076e-01	
 5.3509e-01	
 3.0181e-01	
 1.7779e-01	
 5.6516e-01	
 1.4931e-01	
 2.0213e-01	
 2.0248e-01	
 5.1814e-02	
 0.0000e+00	
 1.8061e-01	
 2.4851e-01	
 1.5560e-01	
 2.1096e-01	
 6.3008e-01	
 1.2819e-01	
 4.0735e-01	
 1.5897e-01	
 4.7175e-01	
 1.4828e+00	
 6.5700e-01	
 1.7708e-01	
 6.6004e-02	
 1.9443e-01	
 1.7785e-01	
 1.3179e-01	
 2.4418e-01	
 3.8107e-01	
 6.0746e-01	
 0.0000e+00	
 2.3911e-01	
 1.4793e-01	
 0.0000e+00	
 6.2473e-01	
 7.0030e-01	
 1.1623e-01	
 2.6671e-01	
 2.7417e-01	
 7.7196e-01	
 3.8208e-01	
 4.3947e-01	
 1.0440e-01	
 1.6068e-01	
 2.9625e-01	
 4.8316e-01	
 4.0174e-01	
 1.2027e+00	
 7.2009e-01	
 4.4208e-02	
 3.3042e-01	
 5.4217e-01	
 3.1939e-01	
 4.2093e-01	
 2.8986e-01	
 5.1043e-02	
 3.2822e-01	
 1.2651e-01	
 2.9679e-01	
 5.4832e-01	
 5.4541e-01	
 6.1183e-01	
 3.5868e-01	
 2.4943e-01	
 1.8976e-01	
 3.2504e-01	
 1.7382e-01	
 7.1401e-01	
 5.2094e-01	
 1.8008e-01	
 3.6109e-01	
 1.9621e-01	
 3.7067e-01	
 2.3390e-01	
 0.0000e+00	
 4.0655e-01	
 3.7478e-01	
 2.8916e-01	
 6.1696e-01	
 1.5262e+00	
 2.0439e-01	
 0.0000e+00	
 7.6885e-01	
 4.0192e-01	
 1.5357e-01	
 3.4005e-01	
 2.0746e-01	
 3.4408e-01	
 1.9244e-01	
 2.6429e-01	
 0.0000e+00	
 8.4486e-01	
 3.7023e-01	
 1.2960e-01	
 2.1770e-01	
 0.0000e+00	
 4.3691e-01	
 2.6250e-01	
 0.0000e+00	
 2.6157e-01	
 3.0150e-01	
 2.8944e-01	
 3.4226e-01	
 2.2118e-01	
 2.0596e-01	
 1.0402e+00	
 4.2763e-01	
 0.0000e+00	
 2.0191e-01	
 6.2454e-01	
 2.0555e-01	
 0.0000e+00	
 2.6811e-01	
 0.0000e+00	
 0.0000e+00	
 0.0000e+00	
 1.3982e-01	
 1.1275e-01	
 3.0041e-01	
 3.9820e-01	
 3.1193e-01	
 1.3134e-01	
 2.5890e-01	
 1.7015e+00	
 5.2804e-01	
 1.6225e-01	
 9.7505e-01	
 1.8122e-01	
 3.1578e-01	
 1.0040e+00	
 2.2256e-01	
 3.4926e-01	
 1.4767e+00	
 2.9141e-01	
 2.6647e-01	
 1.5925e-01	
 0.0000e+00	
 2.6068e-01	
 1.9211e-01	
 2.9400e-01	
 0.0000e+00	
 3.0207e-01	
 9.5982e-02	
 1.5825e-01	
 6.7532e-01	
 2.0615e-01	
 1.4164e+00	
 3.2168e-01	
 9.0891e-02	
 5.4938e-01	
 2.3118e-01	
 3.2680e-01	
 1.1868e-01	
 2.2484e-01	
 2.7755e-01	
 1.6446e-01	
 3.1290e-01	
 1.0303e+00	
 3.2923e-01	
 1.7946e-01	
 3.9859e-01	
 3.1591e-01	
 2.8918e-01	
 1.8638e-01	
 1.6118e-01	
 1.8698e-01	
 7.4519e-01	
 1.4334e-01	
 3.2121e-01	
 4.9734e-01	
 3.2738e-01	
 1.0556e-01	
 2.4925e-01	
 3.3972e-01	
 1.6865e-01	
 6.0451e-02	
 2.9114e-01	
 3.0042e-01	
 2.9206e-01	
 4.6460e-01	
 2.6721e-01	
 8.9132e-02	
 2.0931e-01	
 2.3277e-01	
 1.4746e+00	
 9.3626e-01	
 1.6631e-01	
 2.5670e-01	
 1.4016e-01	
 4.6705e-01	
 1.7640e-01	
 6.5735e-01	
 1.7605e-01	
 1.0195e-01	
 4.3138e-01	
 3.5403e-01	
 1.3956e-01	
 3.0076e-01	
 1.0250e-01	
 4.7433e-01	
 4.2327e-01	
 6.0094e-01	
 5.1457e-01	
 0.0000e+00	
 5.3480e-01	
 1.3658e-01	
 2.6549e-01	
 1.2217e-01	
 1.5962e-01	
 3.3835e-01	
 2.4525e-01	
 2.6458e-01	
 0.0000e+00	
 1.4221e+00	
 2.4183e-01	
 1.0023e+00	
 2.0701e-01	
 0.0000e+00	
 2.2759e-01	
 2.7504e-01	
 1.8370e-01	
 3.7501e-01	
 1.4712e-01	
 4.8599e-01	
 1.0233e+00	
 9.5859e-01	
 4.2826e-01	
 2.8062e-01	
 3.5863e-01	
 3.9246e-01	
 5.4847e-01	
 1.2068e-01	
 1.6350e-01	
 6.4213e-02	
 5.2023e-01	
 1.9126e-01	
 1.5757e-01	
 2.7586e-01	
 1.8137e-01	
 5.2083e-01	
 6.3703e-02	
 2.7879e-01	
 3.4539e-01	
 2.4051e-01	
 0.0000e+00	
 5.6458e-01	
 0.0000e+00	
 1.2804e-01	
 2.5191e-01	
 0.0000e+00	
 1.8894e-01	
 6.8908e-01	
 3.3803e-01	
 1.5936e-01	
 6.9655e-01	
 2.5797e-01	
 6.7513e-01	
 3.8720e-01	
 9.3550e-02	
 1.8235e-01	
 1.7147e-01	
 0.0000e+00	
 7.3175e-01	
 2.3243e-01	
 6.3094e-01	
 1.5112e-01	
 0.0000e+00	
 5.1840e-01	
 1.5627e-01	
 1.8980e-01	
 2.0462e-01	
 2.6174e-01	
 9.1983e-02	
 1.9633e-01	
 2.4625e-01	
 2.7084e-01	
 2.4633e-01	
 2.6431e-01	
 3.5783e-01	
 3.1051e-01	
 4.1684e-01	
 3.5046e-01	
 3.8455e-01	
 2.0595e-01	
 0.0000e+00	
 1.0253e-01	
 3.3766e-02	
 2.8090e-01	
 1.5044e-01	
 1.6465e-01	
 1.8239e-01	
 9.9759e-01	
 3.6604e-01	
 4.7554e-01	
 3.9284e-01	
 2.1216e-01	
 2.6701e-01	
 1.1184e-01	
 1.7361e-01	
 2.2986e-01	
 3.1757e-01	
 2.8188e-01	
 4.4188e-01	
 4.2898e-01	
 9.3359e-02	
 3.9030e-01	
 5.1934e-01	
 2.1817e-01	
 6.5249e-01	
 3.4538e-01	
 2.4098e-01	
 4.7238e-01	
 1.7541e-01	
 2.9607e-01	
 4.1434e-01	
 3.6324e-01	
 6.9088e-02	
 1.8658e-01	
 8.3776e-02	
 5.3330e-02	
 8.8289e-01	
 5.2640e-01	
 2.4986e-01	
 5.7245e-01	
 4.5635e-01	
 1.6708e-01	
 0.0000e+00	
 6.1080e-01	
 0.0000e+00	
 2.6818e-01	
 1.5924e-01	
 4.3692e-01	
 2.8640e-01	
 3.2921e-01	
 3.2699e-01	
 3.5615e-01	
 2.7011e-01	
 2.9530e-01	
 8.7916e-01	
 1.9383e-01	
 7.1355e-01	
 3.4710e-01	
 1.4954e+00	
 3.3178e-01	
 3.4721e-01	
 1.9784e-01	
 5.0968e-01	
 9.9962e-01	
 4.6623e-01	
 7.5416e-01	
 3.8034e-01	
 6.6601e-02	
 0.0000e+00	
 2.2850e-01	
 2.9169e-01	
 5.9181e-02	
 3.5220e-01	
 6.5720e-01	
 0.0000e+00	
 3.1626e-01	
 2.0331e-01	
 1.7418e-01	
 1.9027e-01	
 2.7390e-01	
 1.5978e-01	
 6.0770e-01	
 4.0660e-01	
 1.0112e+00	
 1.5104e-01	
 2.5715e-01	
 3.1241e-01	
 1.5720e-01	
 3.2809e-01	
 2.8467e-01	
 4.6817e-01	
 5.4898e-01	
 7.7452e-01	
 3.8380e-01	
 7.4667e-01	
 0.0000e+00	
 3.7015e-01	
 2.6993e-01	
 0.0000e+00	
 1.1811e-01	
 1.1105e-01	
 1.9364e-01	
 6.9066e-02	
 2.4453e-01	
 4.5275e-01	
 1.4959e-01	
 3.5797e-01	
 2.1825e-01	
 5.8957e-02	
 1.6446e-01	
 2.2999e-01	
 1.6674e-01	
 0.0000e+00	
 2.1963e-01	
 7.5012e-02	
 1.2924e-01	
 1.2297e-01	
 2.6619e-01	
 4.2219e-01	
 4.6657e-01	
 2.6835e-01	
 0.0000e+00	
 1.7108e-01	
 1.1041e-01	
 1.4505e-01	
 1.6684e-01	
 0.0000e+00	
 3.1718e-01	
 6.6910e-01	
 0.0000e+00	
 1.7725e-01	
 1.6373e-01	
 9.2525e-02	
 4.0458e-01	
 2.1649e-01	
 2.2558e-01	
 1.0531e+00	
 1.8886e-01	
 2.4133e-01	
 2.6880e-01	
 1.1920e-01	
 2.6804e-01	
 4.4006e-02	
 1.2356e-01	
 2.1001e-01	
 2.1987e-01	
 1.4764e-01	
 6.6916e-01	
 2.4769e-01	
 3.6832e-01	
 1.8400e-01	
 3.1524e-01	
 1.1012e-01	
 3.3914e-01	
 8.9404e-01	
 3.7746e-01	
 4.2717e-01	
 3.9876e-01	
 8.4789e-02	
 1.5540e-01	
 4.2906e-01	
 5.0612e-01	
 4.3534e-01	
 2.3980e-01	
 2.8300e-01	
 0.0000e+00	
 5.0978e-02	
 3.6270e-01	
 6.9808e-02	
 4.3374e-01	
 3.4262e-01	
 1.0487e-01	
 2.7752e-01	
 7.7965e-02	
 3.5029e-01	
 0.0000e+00	
 5.4293e-01	
 4.0167e-01	
 4.0568e-01	
 2.6527e-01	
 0.0000e+00	
 1.2713e-01	
 3.0997e-01	
 2.3030e-01	
 4.5542e-01	
 4.1569e-01	
 3.4746e-01	
 1.1963e-01	
 3.8209e-01	
 1.3461e-01	
 3.7728e-02	
 6.3323e-01	
 0.0000e+00	
 1.9533e-01	
 7.8629e-02	
 1.8807e-01	
 5.3028e-02	
 0.0000e+00	
 1.5599e-01	
 1.5124e-01	
 5.4268e-01	
 4.3452e-01	
 2.3238e-01	
 4.3817e-01	
 1.7897e-01	
 0.0000e+00	
 0.0000e+00	
 2.9981e-01	
 1.8304e-01	
 1.9337e-01	
 1.4241e-01	
 5.5353e-01	
 8.9849e-01	
 7.0945e-01	
 0.0000e+00	
 2.8640e-01	
 2.7105e-01	
 1.6984e-01	
 1.6308e-01	
 1.7929e-01	
 5.5443e-02	
 1.6506e-01	
 2.2874e-01	
 2.5134e-01	
 1.8657e-01	
 2.4406e-01	
 4.9744e-01	
 1.4631e-01	
 4.7428e-01	
 1.9687e-01	
 4.7822e-01	
 1.5415e+00	
 7.2341e-01	
 2.5129e-01	
 1.4169e-01	
 2.0233e-01	
 2.0386e-01	
 1.2498e-01	
 1.9562e-01	
 3.9342e-01	
 4.7600e-01	
 6.0332e-02	
 1.9645e-01	
 1.4835e-01	
 0.0000e+00	
 5.7223e-01	
 9.4943e-01	
 9.1703e-02	
 3.1329e-01	
 1.5163e-01	
 0.0000e+00	
 2.0131e-01	
 4.5504e-01	
 7.5743e-02	
 1.7497e-01	
 2.1247e-01	
 4.8836e-01	
 2.5638e-01	
 7.3995e-01	
 6.4020e-01	
 1.6726e-01	
 0.0000e+00	
 4.6681e-01	
 3.0589e-01	
 1.9180e-01	
 2.5650e-01	
 7.6892e-02	
 3.8145e-01	
 2.1347e-01	
 1.9182e-01	
 2.9402e-01	
 2.5483e-01	
 4.6407e-01	
 3.7626e-01	
 2.0897e-01	
 3.4043e-01	
 3.6115e-01	
 2.2216e-01	
 4.8910e-01	
 5.0505e-01	
 2.2455e-01	
 4.6505e-01	
 2.0376e-01	
 0.0000e+00	
 2.2627e-01	
 2.8196e-01	
 2.7843e-01	
 4.2119e-01	
