% grad norm (train set)	
 1.7860e-02	
 2.6962e-02	
 4.4597e-02	
 3.8827e-02	
 9.9295e-01	
 6.0451e-02	
 7.4956e-02	
 7.1071e-02	
 4.5772e-02	
 5.6928e-02	
 6.6060e-02	
 6.9900e-02	
 6.2491e-02	
 5.1543e-02	
 1.2870e-01	
 4.1635e-02	
 1.4337e-01	
 1.1015e-01	
 8.8320e-02	
 4.5523e-02	
 4.4123e-02	
 8.5230e-02	
 2.5535e-02	
 1.1997e-01	
 7.8533e-02	
 6.6940e-02	
 6.2070e-02	
 7.4363e-02	
 8.8903e-02	
 7.3720e-02	
 3.9291e-02	
 4.2547e-02	
 4.8646e-02	
 3.4092e-02	
 6.2867e-02	
 3.4384e-02	
 3.9493e-02	
 4.1706e-02	
 3.1471e-02	
 3.8254e-02	
 3.0290e-02	
 3.3167e-02	
 5.5122e-02	
 3.7270e-02	
 3.8277e-02	
 2.6157e-02	
 5.0680e-02	
 4.7146e-02	
 4.2932e-02	
 6.2751e-02	
 8.7104e-02	
 4.5481e-02	
 5.6013e-02	
 5.5732e-02	
 5.8348e-02	
 4.2971e-02	
 4.9703e-02	
 7.3110e-02	
 2.5549e-02	
 2.5488e-02	
 3.6732e-02	
 4.0573e-02	
 8.6111e-02	
 5.5076e-02	
 3.8660e-02	
 3.0954e-02	
 3.6598e-02	
 7.7514e-02	
 3.7960e-02	
 6.7438e-02	
 3.5498e-02	
 4.4261e-02	
 4.4049e-02	
 3.1470e-02	
 5.0643e-02	
 3.6359e-02	
 2.7118e-02	
 3.6545e-02	
 5.5740e-02	
 2.5462e-02	
 4.0447e-02	
 4.5844e-02	
 3.4267e-02	
 3.7871e-02	
 3.1939e-02	
 4.8376e-02	
 3.1502e-02	
 3.1396e-02	
 3.6918e-02	
 3.4152e-02	
 3.3493e-02	
 3.6608e-02	
 2.4274e-02	
 3.1937e-02	
 4.7750e-02	
 2.8659e-02	
 5.6536e-02	
 4.3392e-02	
 2.6542e-02	
 3.5860e-02	
 5.8969e-02	
 3.5404e-02	
 2.4064e-02	
 6.1526e-02	
 2.6548e-02	
 3.2579e-02	
 3.9453e-02	
 5.5866e-02	
 6.1695e-02	
 4.0739e-02	
 4.3183e-02	
 2.5673e-02	
 9.4039e-02	
 2.1520e-02	
 3.4606e-02	
 3.4657e-02	
 3.6680e-02	
 3.5533e-02	
 2.6956e-02	
 2.5541e-02	
 3.4030e-02	
 4.1618e-02	
 2.4491e-02	
 4.3372e-02	
 3.6682e-02	
 4.0145e-02	
 3.8403e-02	
 2.7809e-02	
 2.1589e-02	
 2.5989e-02	
 5.2824e-02	
 3.4791e-02	
 3.3779e-02	
 2.7949e-02	
 3.5488e-02	
 2.3371e-02	
 6.6376e-02	
 3.6181e-02	
 2.9252e-02	
 3.4516e-02	
 3.2501e-02	
 2.9287e-02	
 3.7666e-02	
 2.3307e-01	
 4.0540e-02	
 4.6279e-02	
 3.2616e-02	
 5.3618e-02	
 2.9729e-02	
 3.6315e-02	
 3.8841e-02	
 4.4711e-02	
 4.1427e-02	
 8.7800e-02	
 1.4434e-01	
 2.4052e-02	
 6.0263e-02	
 2.5152e-02	
 2.8868e-02	
 3.2597e-02	
 4.4389e-02	
 6.0978e-02	
 2.5686e-02	
 3.1794e-02	
 4.2980e-02	
 5.6839e-02	
 5.9552e-02	
 2.6718e-02	
 3.4274e-02	
 3.9012e-02	
 3.9334e-02	
 2.6401e-02	
 3.1457e-02	
 2.7210e-02	
 2.5372e-02	
 3.2364e-02	
 6.5312e-02	
 3.7230e-02	
 3.6155e-02	
 4.1178e-02	
 6.3255e-02	
 3.8903e-02	
 2.7401e-02	
 3.7202e-02	
 3.0513e-02	
 3.8739e-02	
 2.7394e-02	
 3.4844e-02	
 4.5253e-02	
 1.7990e-02	
 2.5619e-02	
 2.7461e-02	
 2.5722e-02	
 2.7632e-02	
 3.4741e-02	
 3.0800e-02	
 3.0200e-02	
 2.5717e-02	
 2.9513e-02	
 2.4451e-02	
