% grad norm (train set)	
 3.1075e-02	
 3.1310e-02	
 3.9756e-02	
 4.0279e-02	
 3.7519e-02	
 4.1191e-02	
 4.2476e-02	
 4.2012e-02	
 4.4709e-02	
 4.4879e-02	
 4.9946e-02	
 4.8797e-02	
 4.9947e-02	
 5.0071e-02	
 5.8854e-02	
 5.1920e-02	
 5.7247e-02	
 5.6728e-02	
 5.5339e-02	
 5.5013e-02	
 5.5549e-02	
 5.9390e-02	
 5.6302e-02	
 6.2976e-02	
 6.6840e-02	
 5.7534e-02	
 6.3377e-02	
 6.7016e-02	
 9.5041e-02	
 5.5678e-02	
 1.0040e-01	
 5.6917e-02	
 7.1349e-02	
 5.9948e-02	
 6.3259e-02	
 5.6048e-02	
 7.5078e-02	
 5.7935e-02	
 6.0534e-02	
 6.1076e-02	
 3.4254e-02	
 6.8465e-02	
 1.0958e-01	
 1.1515e-01	
 8.8648e-02	
 1.1307e-01	
 7.5452e-02	
 1.0076e-01	
 9.8014e-02	
 8.3568e-02	
 9.9313e-02	
 1.4504e-01	
 8.0242e-02	
 9.9643e-02	
 7.7899e-02	
 9.3226e-02	
 7.7625e-02	
 7.6377e-02	
 7.6088e-02	
 7.8535e-02	
 6.8930e-02	
 1.0284e-01	
 1.2913e-01	
 1.4167e-01	
 8.5380e-02	
 9.7994e-02	
 1.6188e-01	
 1.2889e-01	
 8.2828e-02	
 8.7349e-02	
 8.8641e-02	
 7.0880e-02	
 8.4209e-02	
 1.3032e-01	
 7.3630e-02	
 7.0009e-02	
 8.3566e-02	
 1.0161e-01	
 7.7752e-02	
 1.2731e-01	
 6.5143e-02	
 7.0003e-02	
 7.5633e-02	
 6.3543e-02	
 6.7181e-02	
 8.5348e-02	
 1.8922e-01	
 8.3519e-02	
 6.5547e-02	
 9.5007e-02	
 1.4242e-01	
 6.7797e-02	
 1.3575e-01	
 1.4294e-01	
 9.2383e-02	
 7.6177e-02	
 7.7805e-02	
 1.1311e-01	
 8.3967e-02	
 1.4700e-01	
 7.4955e-02	
 7.6908e-02	
 7.5806e-02	
 2.7349e-01	
 8.0634e-02	
 1.2496e-01	
 1.5482e-01	
 7.7535e-02	
 8.1331e-02	
 7.9358e-02	
 8.0563e-02	
 8.2768e-02	
 7.2974e-02	
 8.7178e-02	
 7.7735e-02	
 7.8900e-02	
 8.0563e-02	
 1.0874e-01	
 8.2658e-02	
 7.4110e-02	
 1.1813e-01	
 7.7147e-02	
 1.0440e-01	
 7.1221e-02	
 9.0054e-02	
 9.5568e-02	
 7.2567e-02	
 1.8210e-01	
 9.3802e-02	
 1.7353e-01	
 1.8894e-01	
 1.0096e-01	
 2.3317e-01	
 1.6488e-01	
 3.7147e-01	
 3.0891e-01	
 2.0722e-01	
 2.3226e-01	
 9.7355e-02	
 1.4507e-01	
 1.1805e-01	
 9.8544e-02	
 1.2205e-01	
 1.3121e-01	
 1.3232e-01	
 1.2536e-01	
 9.5738e-02	
 8.6738e-02	
 8.1422e-02	
 1.0327e-01	
 1.7148e-01	
 9.0760e-02	
 2.4404e-01	
 7.2309e-02	
 1.1110e-01	
 1.2584e-01	
 8.3877e-02	
 9.8970e-02	
 7.6730e-02	
 1.2089e-01	
 1.5066e-01	
 8.2711e-02	
 1.0557e-01	
 8.2644e-02	
 1.0192e-01	
 1.6865e-01	
 1.3001e-01	
 8.0418e-02	
 2.5871e-01	
 5.5297e-01	
 8.1395e-02	
 1.1212e-01	
 7.6135e-02	
 1.6530e-01	
 2.9427e-01	
 2.1295e-01	
 1.1936e-01	
 1.2852e-01	
 1.4241e-01	
 9.1570e-02	
 2.2119e-01	
 7.8072e-02	
 1.6455e-01	
 7.7655e-02	
 2.4006e-01	
 1.3062e-01	
 9.8058e-02	
 9.6060e-02	
 8.7037e-02	
 9.5743e-02	
 1.1541e-01	
 8.5495e-02	
 9.8881e-02	
 8.3532e-02	
 7.0287e-02	
 8.6507e-02	
 2.8512e-01	
 7.0342e-02	
 9.5549e-02	
 1.0891e-01	
 7.6356e-02	
 2.6973e-01	
 9.9561e-02	
 7.6866e-02	
 1.0943e-01	
 1.4063e-01	
 7.9636e-02	
 8.9696e-02	
 1.0034e-01	
 2.5699e-01	
 2.4132e-01	
 8.5724e-02	
 1.0420e-01	
 1.0021e-01	
 7.4578e-02	
 1.1369e-01	
 2.1392e-01	
 2.0546e-01	
 2.0289e-01	
 1.3450e-01	
 2.1079e-01	
 2.5449e-01	
 3.2746e-01	
 1.3559e-01	
 2.2848e-01	
 1.1480e-01	
 9.6304e-02	
 2.8187e-01	
 1.7659e-01	
 1.8923e-01	
 1.6153e-01	
 2.6641e-01	
 1.6454e-01	
 2.0966e-01	
 1.6701e-01	
 2.3096e-01	
 1.3027e-01	
 1.7097e-01	
 2.3411e-01	
 3.4816e-01	
 3.5206e-01	
 1.5767e-01	
 1.8911e-01	
 2.6012e-01	
 1.6971e-01	
 1.6164e-01	
 9.1640e-02	
 1.3649e-01	
 2.7555e-01	
 1.9593e-01	
 1.2817e-01	
 2.0552e-01	
 4.2834e-01	
 1.4704e-01	
 2.0996e-01	
 1.2760e-01	
 1.5519e-01	
 9.7182e-02	
 1.3827e-01	
 8.1900e-02	
 7.6524e-02	
 1.6476e-01	
 1.2491e-01	
 1.0157e-01	
 1.5109e-01	
 9.3256e-02	
 1.0047e-01	
 1.4107e-01	
 6.1578e-02	
 1.1595e-01	
 2.3628e-01	
 1.7011e-01	
 1.4152e-01	
 1.8252e-01	
 1.7166e-01	
 1.0338e-01	
 1.3673e-01	
 1.5576e-01	
 1.6123e-01	
 2.2597e-01	
 1.2349e-01	
 1.0388e-01	
 1.5735e-01	
 1.3870e-01	
 1.0127e-01	
 1.3321e-01	
 1.1683e-01	
 1.2184e-01	
 1.3893e-01	
 1.9967e-01	
 1.1495e-01	
 2.9432e-01	
 2.4607e-01	
 9.7582e-02	
 1.8475e-01	
 5.4945e-02	
 1.1699e-01	
 1.9051e-01	
 1.2033e-01	
 1.5877e-01	
 1.1493e-01	
 1.9670e-01	
 2.2961e-01	
 1.5475e-01	
 2.1514e-01	
 2.1062e-01	
 1.3523e-01	
 1.6359e-01	
 2.3226e-01	
 1.1152e-01	
 2.4414e-01	
 1.5271e-01	
 2.7281e-01	
 1.4694e-01	
 2.3369e-01	
 1.3649e-01	
 2.0925e-01	
 1.6998e-01	
 2.0241e-01	
 6.6605e-02	
 1.1695e-01	
 8.1156e-02	
 2.3534e-01	
 3.1368e-01	
 2.6973e-01	
 2.9755e-01	
 2.4185e-01	
 3.5500e-01	
 9.5865e-02	
 2.1622e-01	
 1.0831e-01	
 1.3679e-01	
 1.1124e-01	
 1.4331e-01	
 1.5631e-01	
 1.6091e-01	
 1.5834e-01	
 3.0242e-01	
 9.4359e-02	
 1.4879e-01	
 2.3646e-01	
 1.1846e-01	
 8.4174e-02	
 1.6181e-01	
 1.3993e-01	
 1.6895e-01	
 3.0009e-01	
 1.4946e-01	
 1.3801e-01	
 1.6943e-01	
 2.2683e-01	
 1.4251e-01	
 2.1717e-01	
 2.3025e-01	
 1.4989e-01	
 1.4552e-01	
 1.7970e-01	
 2.3762e-01	
 4.2910e-01	
 2.1696e-01	
 1.2461e-01	
 4.8105e-01	
 1.5563e-01	
 2.1025e-01	
 1.7261e-01	
 1.8951e-01	
 1.3431e-01	
 2.0283e-01	
 1.1012e-01	
 2.4796e-01	
 1.3617e-01	
 1.1693e-01	
 1.0520e-01	
 8.5621e-02	
 1.3887e-01	
 1.6113e-01	
 2.0741e-01	
 2.3209e-01	
 2.6835e-01	
 2.1937e-01	
 8.1354e-02	
 1.4404e-01	
 3.2371e-01	
 2.4023e-01	
 1.4709e-01	
 1.3619e-01	
 3.8251e-01	
 2.0486e-01	
 1.7927e-01	
 1.3111e-01	
 1.8475e-01	
 1.5085e-01	
 1.7537e-01	
 2.3510e-01	
 1.1456e-01	
 1.2639e-01	
 2.1128e-01	
 1.5467e-01	
 2.7531e-01	
 1.7424e-01	
 2.0966e-01	
 3.2298e-01	
 2.3161e-01	
 2.6101e-01	
 2.7146e-01	
 1.4927e-01	
 1.5725e-01	
 2.6494e-01	
 1.2871e-01	
 2.5440e-01	
 2.1611e-01	
 1.3651e-01	
 1.2067e-01	
 2.0012e-01	
 1.5616e-01	
 1.1526e-01	
 1.3603e-01	
 1.4963e-01	
 2.2864e-01	
 1.9652e-01	
 9.7483e-02	
 1.6245e-01	
 1.0475e-01	
 1.0712e-01	
 1.3042e-01	
 1.9578e-01	
 5.9514e-02	
 2.2253e-01	
 4.6546e-01	
 1.7672e-01	
 8.3760e-02	
 1.8657e-01	
 1.3571e-01	
 8.7783e-02	
 1.0263e-01	
 1.5041e-01	
 1.1102e-01	
 1.4754e-01	
 1.3466e-01	
 1.2361e-01	
 1.5768e-01	
 8.6011e-02	
 1.5412e-01	
 1.0343e-01	
 8.0480e-02	
 1.3920e-01	
 7.8341e-02	
 7.9998e-02	
 1.7450e-01	
 8.3834e-02	
 1.4281e-01	
 2.1473e-01	
 1.3784e-01	
 7.0115e-02	
 1.2412e-01	
 9.5592e-02	
 1.0190e-01	
 8.5099e-02	
 8.8854e-02	
 4.5805e-02	
 1.1352e-01	
 1.1980e-01	
 2.1844e-01	
 1.1843e-01	
 9.0312e-02	
 9.3584e-02	
 1.5467e-01	
 8.1825e-02	
 1.9559e-01	
 1.4825e-01	
 2.0594e-01	
 1.7602e-01	
 1.4193e-01	
 1.5451e-01	
 1.9875e-01	
 1.9786e-01	
 2.3304e-01	
 1.6050e-01	
 1.9563e-01	
 1.4137e-01	
 1.5746e-01	
 1.0032e-01	
 1.6388e-01	
 1.3496e-01	
 1.9001e-01	
 3.0010e-01	
 2.1738e-01	
 1.6424e-01	
 1.0347e-01	
 1.8887e-01	
 2.2714e-01	
 1.8632e-01	
 3.3968e-01	
 1.4838e-01	
 1.7919e-01	
 1.5082e-01	
 1.5671e-01	
 1.4634e-01	
 1.2646e-01	
 1.1460e-01	
 2.2787e-01	
 1.4821e-01	
 2.1595e-01	
 1.7616e-01	
 2.3375e-01	
 1.7734e-01	
 1.2079e-01	
 6.4140e-02	
 2.0329e-01	
 1.3725e-01	
 1.5641e-01	
 2.0032e-01	
 1.0878e-01	
 2.1406e-01	
 1.5790e-01	
 1.3281e-01	
 1.9374e-01	
 2.7139e-01	
 1.3520e-01	
 6.5691e-02	
 1.4290e-01	
 1.6744e-01	
 1.3850e-01	
 1.2448e-01	
 1.8223e-01	
 1.8847e-01	
 1.0087e-01	
 1.1314e-01	
 1.3490e-01	
 1.1085e-01	
 1.6653e-01	
 1.7086e-01	
 8.4401e-02	
 1.9152e-01	
 1.7139e-01	
 1.3835e-01	
 8.3841e-02	
 1.7113e-01	
 1.1678e-01	
 1.8436e-01	
 1.6259e-01	
 5.6896e-01	
 1.1377e-01	
 1.4600e-01	
 1.1220e-01	
 1.2896e-01	
 1.4456e-01	
 1.5054e-01	
 8.2593e-02	
 1.0901e-01	
 1.5526e-01	
 9.6549e-02	
 1.4447e-01	
 4.2576e-01	
 1.1888e-01	
 2.1064e-01	
 8.4113e-02	
 1.0354e-01	
 2.3931e-01	
 1.0136e-01	
 1.8077e-01	
 1.7513e-01	
 9.0637e-02	
 9.6519e-02	
 4.9979e-01	
 8.2450e-02	
 1.5006e-01	
 1.0714e-01	
 6.5499e-02	
 1.3795e-01	
 1.4325e-01	
 2.2874e-01	
 1.4350e-01	
 3.2514e-01	
 2.2849e-01	
 1.3057e-01	
 1.5119e-01	
 1.3042e-01	
 1.9053e-01	
 1.4478e-01	
 1.4328e-01	
 1.2044e-01	
 1.3013e-01	
 2.1799e-01	
 1.1341e-01	
 1.5333e-01	
 1.2967e-01	
 1.0975e-01	
 1.6312e-01	
 1.4948e-01	
 2.4194e-01	
 1.2061e-01	
 1.4932e-01	
 2.2060e-01	
 1.0405e-01	
 4.4949e-02	
 3.0033e-01	
 2.7265e-01	
 1.1978e-01	
 2.0624e-01	
 3.3207e-01	
 2.1845e-01	
 9.0996e-02	
 1.9342e-01	
 1.6449e-01	
 1.1053e-01	
 2.9074e-01	
 3.4522e-01	
 2.2224e-01	
 1.4688e-01	
 2.0669e-01	
 2.1247e-01	
 1.0423e-01	
 1.3292e-01	
 1.7534e-01	
 1.8741e-01	
 1.0785e-01	
 1.0579e-01	
 1.7186e-01	
 2.6199e-01	
 2.8650e-01	
 1.2277e-01	
 1.1986e-01	
 2.8343e-01	
 1.4433e-01	
 1.7898e-01	
 2.2496e-01	
 2.4791e-01	
 6.8822e-02	
 2.2995e-01	
 1.8089e-01	
 1.1542e-01	
 2.9413e-01	
 2.0320e-01	
 1.9999e-01	
 3.0798e-01	
 1.8298e-01	
 1.2130e-01	
 1.9704e-01	
 2.8875e-01	
 2.3783e-01	
 1.0219e-01	
 1.2518e-01	
 2.6704e-01	
 1.3567e-01	
 2.4427e-01	
 1.3986e-01	
 3.1450e-01	
 1.8336e-01	
 2.8650e-01	
 3.6738e-01	
 2.5956e-01	
 2.1173e-01	
 2.7014e-01	
 1.4725e-01	
 1.8091e-01	
 1.6288e-01	
 4.3357e-01	
 2.6051e-01	
 2.9178e-01	
 1.1753e-01	
 1.8141e-01	
 2.3567e-01	
 1.3221e-01	
 1.6074e-01	
 1.3315e-01	
 1.3036e-01	
 2.5193e-01	
 1.1106e-01	
 2.2545e-01	
 2.0474e-01	
 9.3040e-02	
 1.5351e-01	
 1.3598e-01	
 3.2473e-01	
 2.3959e-01	
 1.2622e-01	
 3.2614e-01	
 8.6642e-02	
 1.0803e-01	
 2.4452e-01	
 1.5165e-01	
 1.3534e-01	
 1.6954e-01	
 3.1010e-01	
 1.3073e-01	
 7.1005e-01	
 4.4782e-01	
 1.1954e-01	
 2.9819e-01	
 1.4014e-01	
 1.1747e-01	
 3.7845e-01	
 1.4123e-01	
 1.5182e-01	
 1.3709e-01	
 2.5786e-01	
 1.8759e-01	
 9.4867e-02	
 2.8695e-01	
 2.0961e-01	
 1.2107e-01	
 2.4253e-01	
 3.2316e-01	
 1.3116e-01	
 1.0782e-01	
 1.7766e-01	
 2.2854e-01	
 1.2167e-01	
 2.8826e-01	
 8.1181e-02	
 1.0330e-01	
 1.1008e-01	
 2.1284e-01	
 7.9029e-02	
 8.9848e-02	
 2.0561e-01	
 2.2298e-01	
 1.8591e-01	
 3.6909e-01	
 1.4508e-01	
 1.3033e-01	
 2.9210e-01	
 9.6440e-02	
 8.2291e-02	
 2.5851e-01	
 1.8585e-01	
 1.0349e-01	
 5.7388e-01	
 1.4019e-01	
 9.8976e-02	
 1.4640e-01	
 2.9579e-01	
 1.9867e-01	
 1.0500e-01	
 2.3967e-01	
 4.1573e-01	
 1.2707e-01	
 4.8473e-01	
 2.4971e-01	
 1.3935e-01	
 1.4721e-01	
 5.9550e-01	
 1.2305e-01	
 2.5411e-01	
 1.1554e-01	
 2.3260e-01	
 7.1161e-01	
 1.1954e-01	
 3.0108e-01	
 2.0929e-01	
 1.2280e-01	
 1.6459e-01	
 2.0822e-01	
 1.0258e-01	
 2.3726e-01	
 1.4516e-01	
 1.4288e-01	
 2.3607e-01	
 2.1344e-01	
 5.5608e-02	
 2.3066e-01	
 1.0538e-01	
 1.5564e-01	
 1.2334e-01	
 1.2121e-01	
 1.9578e-01	
 1.7770e-01	
 2.0188e-01	
 2.2967e-01	
 3.9226e-01	
 1.3777e-01	
 4.3567e-01	
 2.4382e-01	
 1.1978e-01	
 4.2214e-01	
 1.2152e-01	
 4.0952e-01	
 1.4250e-01	
 1.1699e-01	
 2.2980e-01	
 1.2155e-01	
 3.8695e-01	
 1.8718e-01	
 1.7995e-01	
 1.8913e-01	
 1.6645e-01	
 1.0850e-01	
 1.5580e-01	
 1.5784e-01	
 1.1334e-01	
 2.8990e-01	
 2.1656e-01	
 2.1531e-01	
 2.2925e-01	
 2.2800e-01	
 1.2892e-01	
 2.2006e-01	
 9.8975e-02	
 1.2095e-01	
 7.5503e-02	
 3.3580e-01	
 2.2200e-01	
 2.4975e-01	
 2.5905e-01	
 2.7944e-01	
 9.9232e-02	
 1.6935e-01	
 1.9631e-01	
 2.0020e-01	
 1.6455e-01	
 1.1073e-01	
 1.2664e-01	
 1.0043e-01	
 1.5245e-01	
 1.5059e-01	
 1.4878e-01	
 2.6423e-01	
 2.1052e-01	
 4.9617e-01	
 4.4871e-01	
 1.6059e-01	
 1.8114e-01	
 2.1422e-01	
 8.9705e-02	
 2.5629e-01	
 1.9707e-01	
 1.3402e-01	
 1.5491e-01	
 1.3739e-01	
 4.5278e-01	
 3.2091e-01	
 9.4277e-02	
 1.3983e-01	
 1.8084e-01	
 2.0421e-01	
 1.8012e-01	
 3.1430e-01	
 1.1528e-01	
 1.0909e-01	
 1.3748e-01	
 6.1147e-02	
 1.6134e-01	
 1.6731e-01	
 2.5372e-01	
 1.1708e-01	
 3.4342e-01	
 8.3046e-02	
 1.6597e-01	
 1.5035e-01	
 1.3826e-01	
 2.0712e-01	
 1.2170e-01	
 2.1144e-01	
 2.6126e-01	
 1.0254e-01	
 1.5237e-01	
 1.7351e-01	
 2.3936e-01	
 1.8820e-01	
 1.1748e-01	
 2.3326e-01	
 1.7760e-01	
 1.0602e-01	
 2.1463e-01	
 1.5893e-01	
 1.6810e-01	
 1.7366e-01	
 3.0171e-01	
 1.2648e-01	
 3.6949e-01	
 8.0354e-02	
 1.8532e-01	
 1.1924e-01	
 1.0420e-01	
 1.3713e-01	
 1.2908e-01	
 1.1073e-01	
 2.4511e-01	
 1.4667e-01	
 1.2750e-01	
 2.0899e-01	
 3.2807e-01	
 1.3048e-01	
 1.1483e-01	
 2.9918e-01	
 1.4478e-01	
 1.2090e-01	
 1.1964e-01	
 9.9000e-02	
 3.4787e-01	
 1.2339e-01	
 1.6615e-01	
 1.6301e-01	
 7.8564e-02	
 2.2193e-01	
 1.6828e-01	
 1.5788e-01	
 1.7240e-01	
 1.8716e-01	
 1.3266e-01	
 1.5340e-01	
 1.6833e-01	
 1.5153e-01	
 4.7179e-01	
 1.1668e-01	
 1.3328e-01	
 1.4853e-01	
 6.9982e-02	
 1.0126e-01	
 2.9767e-01	
 1.6920e-01	
 1.5476e-01	
 3.8094e-01	
 1.5138e-01	
 1.7906e-01	
 2.7726e-01	
 1.2222e-01	
 1.3489e-01	
 1.8110e-01	
 1.3619e-01	
 2.0845e-01	
 1.7542e-01	
 1.6346e-01	
 1.4986e-01	
 1.6272e-01	
 1.1927e-01	
 2.4193e-01	
 1.4487e-01	
 1.4623e-01	
 1.6691e-01	
 1.7907e-01	
 2.4297e-01	
 1.9805e-01	
 1.5017e-01	
 1.0941e-01	
 1.5269e-01	
 1.2308e-01	
 1.2536e-01	
 8.2032e-02	
 1.7794e-01	
 3.8131e-01	
 1.0115e-01	
 1.4188e-01	
 1.3376e-01	
 1.2790e-01	
 1.9008e-01	
 7.5697e-01	
 1.3656e-01	
 1.6213e-01	
 1.4260e-01	
 1.8936e-01	
 1.1375e-01	
 1.2619e-01	
 1.4328e-01	
 1.4909e-01	
 2.0605e-01	
 1.3504e-01	
 2.1435e-01	
 3.8735e-01	
 1.5409e-01	
 1.6666e-01	
 1.8507e-01	
 1.2364e-01	
 1.6278e-01	
 3.6418e-01	
 2.2122e-01	
 1.8224e-01	
 1.9586e-01	
 2.2411e-01	
 1.3144e-01	
 1.6664e-01	
 2.2403e-01	
 2.1263e-01	
 1.5986e-01	
 1.6395e-01	
 1.3764e-01	
 1.8856e-01	
 1.5785e-01	
 2.0619e-01	
 1.5802e-01	
 1.2666e-01	
 2.3804e-01	
 1.6093e-01	
 1.4170e-01	
 1.6704e-01	
 1.8267e-01	
 2.0748e-01	
 1.8192e-01	
 1.9214e-01	
 1.2048e-01	
 2.0316e-01	
 1.8360e-01	
 1.6430e-01	
 1.9499e-01	
 8.2436e-02	
 1.5657e-01	
 2.1319e-01	
 1.5316e-01	
 1.7752e-01	
 1.9525e-01	
 2.7871e-01	
 2.5794e-01	
 1.7290e-01	
 3.5397e-01	
 2.2896e-01	
 1.6714e-01	
 2.5429e-01	
 1.3522e-01	
 1.2908e-01	
 2.3532e-01	
 2.2476e-01	
 1.3961e-01	
 1.5516e-01	
 1.9467e-01	
 2.0402e-01	
 1.4505e-01	
 1.6488e-01	
 4.0682e-01	
 1.7866e-01	
 1.3817e-01	
 1.4583e-01	
 9.1789e-02	
 1.7190e-01	
 2.6914e-01	
 2.0434e-01	
 2.1590e-01	
 1.8078e-01	
 2.1842e-01	
 1.9771e-01	
 3.2535e-01	
 1.7070e-01	
 2.1601e-01	
 2.2264e-01	
 2.0281e-01	
 2.2110e-01	
 1.4713e-01	
 1.9919e-01	
 1.9590e-01	
 7.8950e-02	
 1.8803e-01	
 2.1285e-01	
 2.0408e-01	
 1.6014e-01	
 1.0963e-01	
 1.6008e-01	
 1.9494e-01	
 1.4743e-01	
 1.9407e-01	
 1.8006e-01	
 1.1873e-01	
 1.6260e-01	
 1.8269e-01	
 2.6912e-01	
 2.9195e-01	
 2.7830e-01	
 1.8271e-01	
 1.8439e-01	
 2.5669e-01	
 2.2254e-01	
 1.5678e-01	
 1.2794e-01	
 2.0575e-01	
 1.5124e-01	
 1.9355e-01	
 1.2911e-01	
 1.9762e-01	
 2.0420e-01	
 1.9339e-01	
 2.1528e-01	
 9.8422e-02	
 2.1117e-01	
 1.7706e-01	
 1.7232e-01	
 1.1234e-01	
 2.4141e-01	
 1.3193e-01	
 2.3457e-01	
 1.7489e-01	
 1.7301e-01	
 1.5122e-01	
 1.7296e-01	
 1.0818e-01	
 2.3373e-01	
 2.0700e-01	
 2.2415e-01	
 1.7130e-01	
 1.3671e-01	
 1.5326e-01	
 2.0437e-01	
 1.9223e-01	
 2.0714e-01	
 1.3987e-01	
 1.9079e-01	
 1.5141e-01	
 1.5361e-01	
 2.0999e-01	
 1.5365e-01	
 2.0908e-01	
 2.0065e-01	
 1.5132e-01	
 1.7501e-01	
 2.8577e-01	
 2.0122e-01	
 1.7954e-01	
 1.8311e-01	
 1.4001e-01	
 2.0831e-01	
 4.2276e-01	
 2.8765e-01	
 1.4481e-01	
 1.7571e-01	
 1.4133e-01	
 1.3625e-01	
 2.8058e-01	
 1.2808e-01	
 1.2590e-01	
 4.4210e-01	
 2.0062e-01	
 1.0818e-01	
 1.8442e-01	
 1.5815e-01	
 1.8069e-01	
 2.0502e-01	
 1.8589e-01	
 1.4661e-01	
 2.0817e-01	
 1.3146e-01	
 1.5809e-01	
 1.9238e-01	
 1.6671e-01	
 1.9703e-01	
 2.0528e-01	
 1.1929e-01	
 2.7529e-01	
 2.9259e-01	
 9.0855e-02	
 1.2275e-01	
 1.5200e-01	
 1.4472e-01	
 1.4327e-01	
 2.2714e-01	
 4.3092e-01	
 2.0794e-01	
 1.7529e-01	
 1.5497e-01	
 1.7302e-01	
 2.4990e-01	
 9.4238e-02	
 2.0717e-01	
 1.4581e-01	
 2.5177e-01	
 2.5166e-01	
 1.4000e-01	
 1.8394e-01	
 2.1364e-01	
 2.4510e-01	
 2.5133e-01	
 2.2831e-01	
 2.9449e-01	
 1.4725e-01	
 2.6014e-01	
 2.5938e-01	
 1.3043e-01	
 3.0987e-01	
 2.3045e-01	
 1.2204e-01	
 1.9341e-01	
 3.0659e-01	
 1.8627e-01	
 3.3180e-01	
 2.6506e-01	
 2.7007e-01	
 4.7953e-01	
 3.8241e-01	
 1.5411e-01	
 1.6784e-01	
 1.9076e-01	
 2.2370e-01	
 3.9856e-01	
 1.8114e-01	
 1.3619e-01	
 2.3452e-01	
 2.3394e-01	
 1.6004e-01	
 2.3034e-01	
 2.7056e-01	
 1.2316e-01	
 1.7611e-01	
 3.2795e-01	
 1.9622e-01	
 2.7509e-01	
 1.1936e-01	
 2.2797e-01	
 2.1810e-01	
 1.7910e-01	
 1.4645e-01	
 1.1764e-01	
 2.1799e-01	
 1.9827e-01	
 1.3798e-01	
 1.5696e-01	
 1.3461e-01	
 1.0948e-01	
 1.7334e-01	
 1.2467e-01	
 2.0262e-01	
 3.0619e-01	
 1.9927e-01	
 1.6069e-01	
 1.3052e-01	
 5.7395e-01	
 3.7866e-01	
 1.9138e-01	
 2.2425e-01	
 1.3535e-01	
 1.6672e-01	
 4.2028e-01	
 1.1366e-01	
 1.1864e-01	
 3.0081e-01	
 1.4305e-01	
 1.2604e-01	
 2.8114e-01	
 9.6757e-02	
 1.2766e-01	
 2.3931e-01	
 1.1143e-01	
 1.1832e-01	
 1.1112e-01	
 1.4689e-01	
 1.0366e-01	
 1.9669e-01	
 1.6004e-01	
 2.7971e-01	
 1.3584e-01	
 1.2960e-01	
 1.6153e-01	
 4.0992e-01	
 1.9559e-01	
 2.1016e-01	
 1.5806e-01	
 1.2746e-01	
 1.5956e-01	
 1.3913e-01	
 1.6703e-01	
 1.0214e-01	
 1.7119e-01	
 1.4973e-01	
 1.3998e-01	
 1.6316e-01	
 1.8027e-01	
 1.2950e-01	
 1.2860e-01	
 1.4645e-01	
 1.3107e-01	
 1.1991e-01	
 1.5114e-01	
 1.2302e-01	
 1.2897e-01	
 2.0357e-01	
 1.4473e-01	
 1.5738e-01	
 1.3578e-01	
 4.4302e-01	
 2.4448e-01	
 2.4759e-01	
 8.7701e-02	
 1.4989e-01	
 1.2304e-01	
 2.0264e-01	
 1.3539e-01	
 1.5829e-01	
 1.9161e-01	
 2.2905e-01	
 1.8477e-01	
 1.7512e-01	
 2.7769e-01	
 1.9775e-01	
 1.6359e-01	
 1.0764e-01	
 1.7009e-01	
 1.7618e-01	
 3.5860e-01	
 2.0563e-01	
 2.1729e-01	
 1.2727e-01	
 1.4199e-01	
 2.8561e-01	
 2.7228e-01	
 2.9448e-01	
 1.6776e-01	
 1.7853e-01	
 2.1392e-01	
 1.1941e-01	
 1.9327e-01	
 2.9873e-01	
 2.4320e-01	
 1.7922e-01	
 2.0913e-01	
 1.7899e-01	
 1.5537e-01	
 2.0993e-01	
 4.4114e-01	
 2.7288e-01	
 1.4361e-01	
 1.4274e-01	
 1.4032e-01	
 9.8992e-02	
 1.1509e-01	
 1.3935e-01	
 1.9930e-01	
 1.1552e-01	
 8.7508e-02	
 1.4501e-01	
 1.5379e-01	
 1.5977e-01	
 3.1213e-01	
 2.7009e-01	
 1.2431e-01	
 2.0266e-01	
 1.3371e-01	
 2.0210e-01	
 1.6834e-01	
 1.8136e-01	
 3.0139e-01	
 4.4004e-01	
 2.5276e-01	
 2.4900e-01	
 2.1493e-01	
 1.6122e-01	
 2.4095e-01	
 1.8153e-01	
 1.6173e-01	
 2.8942e-01	
 1.8477e-01	
 1.3496e-01	
 1.6246e-01	
 2.0834e-01	
 9.6538e-02	
 2.1300e-01	
 2.1139e-01	
 2.4832e-01	
 1.3427e-01	
 2.0522e-01	
 3.0704e-01	
 1.8446e-01	
 2.6420e-01	
 1.4398e-01	
 2.1723e-01	
 1.9181e-01	
 1.5577e-01	
 3.7963e-01	
 2.0645e-01	
 1.3300e-01	
 2.2704e-01	
 2.2648e-01	
 2.0340e-01	
 2.2025e-01	
 3.8546e-01	
 1.2568e-01	
 2.4334e-01	
 2.2552e-01	
 1.5821e-01	
 1.3334e-01	
 1.6417e-01	
 2.5010e-01	
 2.4880e-01	
 9.6439e-02	
 1.4685e-01	
 2.2664e-01	
 1.0593e-01	
 2.2224e-01	
 1.9149e-01	
 3.7312e-01	
 1.3802e-01	
 1.7662e-01	
 2.0108e-01	
 3.8470e-01	
 1.7095e-01	
 2.0007e-01	
 2.2159e-01	
 2.6696e-01	
 3.6919e-01	
 2.0902e-01	
 2.0708e-01	
 1.6875e-01	
 2.8984e-01	
 1.7109e-01	
 1.9091e-01	
 2.4274e-01	
 2.1060e-01	
 1.7865e-01	
 1.6292e-01	
 3.4831e-01	
 2.6776e-01	
 1.1691e-01	
 2.6131e-01	
 1.4520e-01	
 1.8475e-01	
 1.0601e-01	
 1.5495e-01	
 1.9320e-01	
 1.7884e-01	
 2.7540e-01	
 2.4595e-01	
 4.9144e-01	
 2.0373e-01	
 1.8555e-01	
 2.3323e-01	
 2.3047e-01	
 2.9657e-01	
 3.7421e-01	
 2.9916e-01	
 2.1107e-01	
 3.2687e-01	
 2.7069e-01	
 2.0972e-01	
 2.8766e-01	
 1.9098e-01	
 2.6296e-01	
 2.4110e-01	
 2.5190e-01	
 1.6377e-01	
 5.7015e-01	
 4.1804e-01	
 2.0522e-01	
 2.2466e-01	
 2.7956e-01	
 3.1136e-01	
 2.6919e-01	
 1.8767e-01	
 3.3982e-01	
 2.3613e-01	
 2.1936e-01	
 2.7836e-01	
 1.4359e-01	
 3.0364e-01	
 2.5283e-01	
 3.3433e-01	
 2.5671e-01	
 2.1837e-01	
 2.5294e-01	
 3.3331e-01	
 2.6279e-01	
 2.1282e-01	
 4.5783e-01	
 1.8908e-01	
 3.2598e-01	
 2.3761e-01	
 3.5219e-01	
 2.1465e-01	
 1.8892e-01	
 1.9865e-01	
 2.2083e-01	
 2.2719e-01	
 1.7150e-01	
 1.9794e-01	
 1.7264e-01	
 1.9169e-01	
 2.4484e-01	
 3.8658e-01	
 1.6969e-01	
 2.8035e-01	
 2.1995e-01	
 3.3559e-01	
 1.8509e-01	
 1.9667e-01	
 1.5351e-01	
 1.4660e-01	
 2.4568e-01	
 3.3784e-01	
 3.8552e-01	
 1.4478e-01	
 2.9077e-01	
 1.4678e-01	
 3.7337e-01	
 2.6845e-01	
 2.6292e-01	
 1.1933e-01	
 4.3577e-01	
 4.2836e-01	
 1.3758e-01	
 2.3401e-01	
 3.9146e-01	
 4.2229e-01	
 2.8393e-01	
 3.0277e-01	
 2.5205e-01	
 3.7190e-01	
 2.0250e-01	
 3.7365e-01	
 2.1881e-01	
 2.3728e-01	
 3.0235e-01	
 5.3465e-01	
 3.2140e-01	
 3.1820e-01	
 2.6996e-01	
 3.0476e-01	
 3.3501e-01	
 2.7508e-01	
 3.1592e-01	
 2.5367e-01	
 2.5115e-01	
 1.8454e-01	
 3.3345e-01	
 2.8238e-01	
 2.4204e-01	
 2.5649e-01	
 3.1679e-01	
 6.2917e-01	
 3.9268e-01	
 2.4041e-01	
 1.1956e-01	
 4.2646e-01	
 2.3447e-01	
 2.1764e-01	
 2.0839e-01	
 2.1310e-01	
 3.4151e-01	
 2.1735e-01	
 1.9336e-01	
 2.3079e-01	
 2.5363e-01	
 2.6249e-01	
 4.7502e-01	
 2.9251e-01	
 3.0861e-01	
 2.0285e-01	
 2.6546e-01	
 3.7961e-01	
 1.2620e-01	
 2.5091e-01	
 4.4338e-01	
 3.9005e-01	
 3.1773e-01	
 2.4531e-01	
 2.2661e-01	
 3.4469e-01	
 2.4846e-01	
 3.2944e-01	
 1.9698e-01	
 4.5616e-01	
 2.1142e-01	
 1.8410e-01	
 3.3748e-01	
 2.6021e-01	
 2.2623e-01	
 4.0279e-01	
 3.3090e-01	
 2.4091e-01	
 2.4662e-01	
 2.3802e-01	
 1.6445e-01	
 3.2019e-01	
 3.5974e-01	
 2.8523e-01	
 2.4612e-01	
 4.1028e-01	
 2.8032e-01	
 4.3923e-01	
 3.8533e-01	
 2.9826e-01	
 2.7527e-01	
 2.3056e-01	
 1.7601e-01	
 3.1144e-01	
 3.1181e-01	
 2.3403e-01	
 1.7695e-01	
 2.8382e-01	
 3.7081e-01	
 4.4603e-01	
 3.0039e-01	
 3.9582e-01	
 2.3026e-01	
 2.1742e-01	
 2.4173e-01	
 3.1445e-01	
 3.4022e-01	
 2.5123e-01	
 2.4174e-01	
 5.0175e-01	
 1.6461e-01	
 3.7925e-01	
 4.2857e-01	
 2.2017e-01	
 2.4123e-01	
 2.0958e-01	
 2.1913e-01	
 2.3928e-01	
 3.5609e-01	
 2.3344e-01	
 2.1296e-01	
 2.8250e-01	
 4.9212e-01	
 1.8635e-01	
 4.1291e-01	
 3.5794e-01	
 2.7268e-01	
 2.6821e-01	
 3.0811e-01	
 2.6614e-01	
 1.6557e-01	
 1.6608e-01	
 2.4432e-01	
 1.9031e-01	
 2.7468e-01	
 2.3471e-01	
 3.3220e-01	
 2.1838e-01	
 2.2613e-01	
 2.7644e-01	
 3.5858e-01	
 1.0593e-01	
 2.6794e-01	
 1.5790e-01	
 2.3742e-01	
 2.0271e-01	
 2.1075e-01	
 7.8781e-01	
 2.0248e-01	
 2.6934e-01	
 3.5061e-01	
 2.4883e-01	
 1.9670e-01	
 2.2433e-01	
 3.4138e-01	
 2.7501e-01	
 4.3553e-01	
 3.0187e-01	
 1.3133e-01	
 1.2925e-01	
 3.0327e-01	
 1.9699e-01	
 2.8731e-01	
 2.4049e-01	
 8.0582e-01	
 2.1120e-01	
 3.4403e-01	
 6.5227e-01	
 2.4226e-01	
 1.5660e-01	
 2.9299e-01	
 2.8803e-01	
 3.2412e-01	
 3.7524e-01	
 2.2262e-01	
 4.2180e-01	
 2.5767e-01	
 2.9578e-01	
 1.9619e-01	
 1.9633e-01	
 3.3990e-01	
 2.5897e-01	
 2.3589e-01	
 2.7313e-01	
 3.5699e-01	
 3.1115e-01	
 3.2209e-01	
 1.9230e-01	
 4.0355e-01	
 1.5341e-01	
 1.9702e-01	
 3.5642e-01	
 1.8618e-01	
 2.5301e-01	
 3.0977e-01	
 5.4374e-01	
 3.3921e-01	
 1.9043e-01	
 2.7603e-01	
 2.6406e-01	
 1.9427e-01	
 8.2104e-02	
 2.6831e-01	
 2.1192e-01	
 2.0796e-01	
 3.8051e-01	
 2.7787e-01	
 2.9145e-01	
 2.5383e-01	
 3.0639e-01	
 1.5038e-01	
 2.2960e-01	
 2.3300e-01	
 3.0212e-01	
 2.9194e-01	
 2.2339e-01	
 2.0885e-01	
 3.0923e-01	
 2.7705e-01	
 3.6266e-01	
 3.8255e-01	
 2.4313e-01	
 4.4975e-01	
 2.0174e-01	
 2.3972e-01	
 1.2750e-01	
 3.1558e-01	
 2.8286e-01	
 1.3681e-01	
 2.6805e-01	
 1.8002e-01	
 2.7802e-01	
 2.1780e-01	
 2.3500e-01	
 4.7692e-01	
 2.4685e-01	
 3.8746e-01	
 2.5070e-01	
 2.2051e-01	
 2.6229e-01	
 2.3230e-01	
 2.2199e-01	
 3.1518e-01	
 1.9264e-01	
 2.2541e-01	
 2.0648e-01	
 5.2540e-01	
 2.3271e-01	
 2.4621e-01	
 1.3587e-02	
 1.8385e-01	
 3.6914e-01	
 4.7848e-01	
 1.8670e-01	
 2.9888e-01	
 2.0656e-01	
 4.0297e-01	
 2.8590e-01	
 2.5795e-01	
 3.6069e-01	
 4.0934e-01	
 2.9282e-01	
 3.6967e-01	
 2.5953e-01	
 1.1242e-01	
 1.8426e-01	
 5.0671e-01	
 2.5112e-01	
 3.1642e-01	
 5.0269e-01	
 2.6720e-01	
 3.3557e-01	
 3.3517e-01	
 2.6017e-01	
 4.9369e-01	
 3.2041e-01	
 3.1609e-01	
 1.8168e-01	
 2.0868e-01	
 2.6329e-01	
 1.8468e-01	
 3.0563e-01	
 1.9401e-01	
 3.6869e-01	
 2.8130e-01	
 2.9050e-01	
 3.1991e-01	
 2.6733e-01	
 7.7550e-01	
 7.5628e-02	
 4.2838e-01	
 9.2393e-02	
 5.7904e-01	
 2.8301e-01	
 2.0952e-01	
 3.2898e-01	
 2.7353e-01	
 2.0918e-01	
 2.5118e-01	
 5.0064e-01	
 1.9245e-01	
 2.2076e-01	
 3.5644e-01	
 3.2146e-01	
 1.6170e-01	
 1.9838e-01	
 2.2191e-01	
 1.1506e-01	
 2.5908e-01	
 2.0540e-01	
 2.2534e-01	
 3.1446e-01	
 3.6493e-01	
 2.4646e-01	
 1.8945e-01	
 5.0232e-01	
 2.3775e-01	
 6.5994e-01	
 2.4068e-01	
 2.0551e-01	
 2.0593e-01	
 2.0910e-01	
 2.3291e-01	
 3.7483e-01	
 2.6017e-01	
 2.6591e-01	
 1.6723e-01	
 2.7253e-01	
 3.8640e-01	
 3.6810e-01	
 4.9226e-01	
 2.4706e-01	
 2.3427e-01	
 2.5237e-01	
 7.3932e-02	
 4.9137e-01	
 2.9717e-01	
 1.5958e-01	
 3.7358e-01	
 3.2865e-01	
 2.7831e-01	
 2.5370e-01	
 2.3390e-01	
 2.3297e-01	
 2.8646e-01	
 2.1217e-01	
 2.4300e-01	
 2.0174e-01	
 1.9044e-01	
 2.6614e-01	
 2.3085e-01	
 1.6366e-01	
 2.7955e-01	
 3.1952e-01	
 3.8924e-01	
 4.9782e-01	
 1.6003e-01	
 4.3064e-01	
 2.1779e-01	
 1.8821e-01	
 2.6561e-01	
 2.5093e-01	
 5.8846e-01	
 2.6148e-01	
 2.4231e-01	
 3.0609e-01	
 3.8961e-01	
 2.9856e-01	
 2.9570e-01	
 2.2708e-01	
 3.2271e-01	
 2.0257e-01	
 3.1139e-01	
 2.0246e-01	
 2.2353e-01	
 4.4591e-01	
 1.4321e-01	
 3.9282e-01	
 5.2696e-01	
 1.7564e-01	
 2.1567e-01	
 2.2702e-01	
 1.1669e-01	
 2.3163e-01	
 2.6118e-01	
 1.6820e-01	
 3.0488e-01	
 1.8198e-01	
 2.7930e-01	
 1.5457e-01	
 2.5189e-01	
 2.1545e-01	
 7.3942e-01	
 1.9837e-01	
 2.5808e-01	
 9.7914e-02	
 3.0628e-01	
 2.3792e-01	
 2.6644e-01	
 2.4474e-01	
 3.0832e-01	
 1.9431e-01	
 1.9722e-01	
 2.9006e-01	
 2.9476e-01	
 2.6297e-01	
 2.6546e-01	
 4.0056e-01	
 3.8104e-01	
 2.3069e-01	
 2.0125e-01	
 2.6704e-01	
 2.9896e-01	
 2.9433e-01	
 2.3040e-01	
 4.6376e-01	
 2.0465e-01	
 3.5098e-01	
 4.0366e-01	
 3.1532e-01	
 2.3587e-01	
 2.1655e-01	
 3.1502e-01	
 2.4139e-01	
 2.9631e-01	
 2.8967e-01	
 3.9850e-01	
 3.7104e-01	
 2.3422e-01	
 2.9174e-01	
 1.6419e-01	
 2.2105e-01	
 2.8342e-01	
 2.6618e-01	
 2.6709e-01	
 2.7762e-01	
 3.0749e-01	
 3.6759e-01	
 2.0064e-01	
 3.9147e-01	
 2.2340e-01	
 3.0313e-01	
 2.7952e-01	
 9.4031e-02	
 2.9631e-01	
 2.8131e-01	
 1.9615e-01	
 2.8630e-01	
 2.0796e-01	
 2.4685e-01	
 3.8417e-01	
 2.1466e-01	
 3.8562e-01	
 3.0412e-01	
 1.9061e-01	
 2.9012e-01	
 4.1539e-01	
 3.6091e-01	
 3.1697e-01	
 3.3833e-01	
 3.2569e-01	
 2.7406e-01	
 1.6435e-01	
 2.5340e-01	
 2.2641e-01	
 2.3453e-01	
 2.4891e-01	
 2.3453e-01	
 2.4213e-01	
 2.2249e-01	
 3.4244e-01	
 3.9345e-01	
 2.2870e-01	
 2.8749e-01	
 1.1733e-01	
 2.8052e-01	
 3.0870e-01	
 2.4341e-01	
 3.8058e-01	
 3.7389e-01	
 1.7525e-01	
 2.1644e-01	
 3.2314e-01	
 2.0925e-01	
 2.8833e-01	
 2.0456e-01	
 3.3602e-01	
 3.8853e-01	
 2.2154e-01	
 2.7005e-01	
 3.1252e-01	
 2.0650e-01	
 3.0146e-01	
 2.0419e-01	
 2.1127e-01	
 2.2079e-01	
 1.9890e-01	
 2.6280e-01	
 1.9801e-01	
 2.4386e-01	
 3.7468e-01	
 2.0614e-01	
 1.8368e-01	
 2.9584e-01	
 3.3255e-01	
 2.5113e-01	
 2.6552e-01	
 2.4410e-01	
 3.6666e-01	
 4.9966e-01	
 1.8380e-01	
 2.2692e-01	
 3.9871e-01	
 1.7342e-01	
 2.6528e-01	
 2.8744e-01	
 4.7521e-01	
 2.4751e-01	
 2.5146e-01	
 2.6839e-01	
 2.1298e-01	
 1.8997e-01	
 2.8212e-01	
 2.0538e-01	
 1.8694e-01	
 3.7340e-01	
 2.2864e-01	
 2.9230e-01	
 2.5759e-01	
 3.2877e-01	
 2.1634e-01	
 3.2633e-01	
 1.7977e-01	
 2.6580e-01	
 2.3208e-01	
 1.5182e-01	
 2.9560e-01	
 3.3104e-01	
 2.3925e-01	
 2.6010e-01	
 1.5635e-01	
 3.4382e-01	
 2.4907e-01	
 1.9453e-01	
 1.8776e-01	
 2.1109e-01	
 2.8769e-01	
 2.1886e-01	
 2.3525e-01	
 2.0221e-01	
 4.1961e-01	
 3.1252e-01	
 3.0761e-01	
 2.2527e-01	
 1.2826e-01	
 3.3208e-01	
 3.2852e-01	
 2.0803e-01	
 3.0137e-01	
 3.0413e-01	
 2.0728e-01	
 2.1739e-01	
 4.6239e-01	
 2.9286e-01	
 4.5594e-01	
 1.4695e-01	
 2.2644e-01	
 2.6909e-01	
 3.2982e-01	
 2.3588e-01	
 3.5454e-01	
 2.2438e-01	
 1.8200e-01	
 2.9190e-01	
 3.1236e-01	
 2.8215e-01	
 3.1859e-01	
 2.1888e-01	
 4.3732e-01	
 2.2850e-01	
 3.0259e-01	
 4.8593e-01	
 3.6966e-01	
 2.4448e-01	
 3.0971e-01	
 2.4309e-01	
 2.9558e-01	
 4.5064e-01	
 2.6397e-01	
 2.6828e-01	
 1.2014e-01	
 2.0602e-01	
 1.4774e-01	
 3.3734e-01	
 1.5413e-01	
 3.4868e-01	
 2.4670e-01	
 3.8125e-01	
 2.3120e-01	
 2.7128e-01	
 2.0230e-01	
 1.8799e-01	
 3.0900e-01	
 4.4066e-01	
 3.5955e-01	
 2.7912e-01	
 1.7470e-01	
 2.6173e-01	
 3.5142e-01	
 3.3198e-01	
 2.2805e-01	
 4.9560e-01	
 2.5687e-01	
 1.8754e-01	
 2.2681e-01	
 1.9191e-01	
 1.7829e-01	
 2.2370e-01	
 2.5153e-01	
 2.3285e-01	
 3.9314e-01	
 2.3777e-01	
 2.8082e-01	
 3.2315e-01	
 1.9872e-01	
 1.9169e-01	
 1.6902e-01	
 2.2435e-01	
 2.6446e-01	
 2.7694e-01	
 2.8600e-01	
 2.0684e-01	
 2.6685e-01	
 2.2454e-01	
 4.7987e-01	
 3.6574e-01	
 2.7169e-01	
 7.3419e-01	
 4.8634e-01	
 3.8228e-01	
 6.5591e-01	
 4.1020e-01	
 1.9499e-01	
 2.9930e-01	
 3.2609e-01	
 3.1794e-01	
 2.5349e-01	
 2.5710e-01	
 3.5825e-01	
 1.7699e-01	
 2.5422e-01	
 5.0284e-01	
 2.2290e-01	
 2.5217e-01	
 2.9694e-01	
 1.4985e-01	
 1.0507e-01	
 2.2326e-01	
 5.7755e-01	
 2.7583e-01	
 4.9319e-01	
 4.0571e-01	
 2.3490e-01	
 2.1851e-01	
 2.8620e-01	
 2.1229e-01	
 3.5552e-01	
 2.5530e-01	
 2.3309e-01	
 1.3684e-01	
 1.9928e-01	
 4.0228e-01	
 3.8317e-01	
 2.4020e-01	
 1.8357e-01	
 3.5041e-01	
 2.7198e-01	
 3.6337e-01	
 2.9199e-01	
 2.1803e-01	
 4.4681e-01	
 2.3395e-01	
 2.0888e-01	
 2.1868e-01	
 1.7005e-01	
 2.4307e-01	
 5.1326e-01	
 3.5621e-01	
 2.5539e-01	
 2.2153e-01	
 2.4938e-01	
 1.8971e-01	
 3.8902e-01	
 2.7554e-01	
 3.1934e-01	
 2.9302e-01	
 3.1216e-01	
 2.6248e-01	
 4.1822e-01	
 2.8685e-01	
 2.7440e-01	
 2.4428e-01	
 5.4162e-01	
 2.3414e-01	
 4.9384e-01	
 2.4791e-01	
 3.1336e-01	
 3.5146e-01	
 2.5108e-01	
 2.0066e-01	
 4.1460e-01	
 2.9405e-01	
 4.1037e-01	
 2.4428e-01	
 2.0373e-01	
 2.1501e-01	
 2.8072e-01	
 4.0884e-01	
 2.8579e-01	
 6.5150e-01	
 3.7467e-01	
 1.8145e-01	
 2.7504e-01	
 5.6323e-01	
 2.8112e-01	
 3.2119e-01	
 1.5388e-01	
 2.2939e-01	
 3.8191e-01	
 1.9861e-01	
 2.9434e-01	
 2.6426e-01	
 1.7656e-01	
 3.1752e-01	
 3.7042e-01	
 5.6002e-01	
 2.5934e-01	
 1.7528e-01	
 1.5311e-01	
 5.1248e-01	
 3.3295e-01	
 2.8996e-01	
 1.5910e-01	
 2.6718e-01	
 2.5226e-01	
 3.1055e-01	
 2.6513e-01	
 2.7852e-01	
 4.4168e-01	
 2.9368e-01	
 1.6587e-01	
 4.0911e-01	
 3.2956e-01	
 3.6944e-01	
 3.7595e-01	
 2.5210e-01	
 2.8618e-01	
 2.1572e-01	
 1.3671e-01	
 1.9964e-01	
 2.1927e-01	
 3.7533e-01	
 2.7710e-01	
 3.0723e-01	
 2.5701e-01	
 3.5008e-01	
 3.5117e-01	
 4.3677e-01	
 1.3934e-01	
 1.3814e-01	
 1.7524e-01	
 2.5526e-01	
 3.1180e-01	
 1.5276e-01	
 4.6150e-01	
 3.1293e-01	
 3.2894e-01	
 1.2486e-01	
 3.5751e-01	
 2.7548e-01	
 2.3882e-01	
 2.1824e-01	
 2.4445e-01	
 2.8754e-01	
 2.1923e-01	
 2.7621e-01	
 2.8647e-01	
 2.4493e-01	
 3.2652e-01	
 4.0307e-01	
 9.4488e-02	
 2.7512e-01	
 3.2960e-01	
 3.3299e-01	
 2.1669e-01	
 3.2475e-01	
 2.3551e-01	
 4.9841e-01	
 3.0871e-01	
 5.0381e-01	
 3.3438e-01	
 2.8635e-01	
 2.5164e-01	
 2.8645e-01	
 2.1975e-01	
 6.2375e-01	
 2.2540e-01	
 2.3558e-01	
 9.9825e-02	
 2.8350e-01	
 2.2633e-01	
 2.4844e-01	
 8.1045e-01	
 5.8569e-01	
 4.6317e-01	
 5.1173e-01	
 3.4099e-01	
 3.9218e-01	
 3.6936e-01	
 7.2747e-01	
 2.6623e-01	
 3.1573e-01	
 3.1007e-01	
 4.3867e-01	
 3.9108e-01	
 2.6762e-01	
 3.4610e-01	
 4.7464e-01	
 3.8936e-01	
 4.0391e-01	
 4.0310e-01	
 5.2777e-01	
 3.6520e-01	
 2.7377e-01	
 3.1196e-01	
 1.1179e-01	
 3.2348e-01	
 3.6427e-01	
 3.5773e-01	
 5.2066e-01	
 2.2863e-01	
 5.8699e-01	
 4.1658e-01	
 2.4427e-01	
 4.3814e-01	
 3.8480e-01	
 3.6899e-01	
 2.2757e-01	
 4.7404e-01	
 3.9753e-01	
 3.4875e-01	
 4.0517e-01	
 3.7639e-01	
 4.1594e-01	
 2.5420e-01	
 1.3751e-01	
 3.3355e-01	
 3.4606e-01	
 4.3651e-01	
 2.3500e-01	
 3.3022e-01	
 3.0981e-01	
 3.2625e-01	
 2.3507e-01	
 2.8059e-01	
 4.2000e-01	
 4.5144e-01	
 1.3402e-01	
 4.1415e-01	
 2.6921e-01	
 2.6562e-01	
 3.7121e-01	
 3.6831e-01	
 2.7090e-01	
 2.4240e-01	
 2.8742e-01	
 4.0346e-01	
 2.4027e-01	
 2.2312e-01	
 1.4463e-01	
 3.6344e-01	
 3.7499e-01	
 4.6165e-01	
 2.2334e-01	
 2.8244e-01	
 3.8884e-01	
 3.7407e-01	
 6.6015e-01	
 3.0154e-01	
 3.9912e-01	
 4.1416e-01	
 3.9940e-01	
 3.2806e-01	
 4.1098e-01	
 3.5642e-01	
 2.4998e-01	
 3.5265e-01	
 2.0540e-01	
 3.0284e-01	
 4.1425e-01	
 3.2467e-01	
 1.8386e-01	
 1.8176e-01	
 3.6789e-01	
 1.6463e-01	
 1.9726e-01	
 2.3574e-01	
 1.6929e-01	
 2.0737e-01	
 2.6348e-01	
 1.7947e-01	
 3.2491e-01	
 1.9151e-01	
 3.3770e-01	
 2.1276e-01	
 1.5615e-01	
 3.1451e-01	
 1.6953e-01	
 3.5196e-01	
 2.5547e-01	
 2.4837e-01	
 2.9763e-01	
 3.4245e-01	
 2.2627e-01	
 2.7859e-01	
 2.4842e-01	
 2.4400e-01	
 2.4108e-01	
 2.4238e-01	
 4.4864e-01	
 4.0715e-01	
 2.2271e-01	
 2.0887e-01	
 2.0648e-01	
 2.0214e-01	
 2.5886e-01	
 3.0134e-01	
 2.2470e-01	
 3.2976e-01	
 2.1903e-01	
 1.9114e-01	
 1.4792e-01	
 2.2278e-01	
 3.0039e-01	
 3.2147e-01	
 2.7199e-01	
 2.3074e-01	
 2.0750e-01	
 1.7431e-01	
 2.8848e-01	
 3.1276e-01	
 2.5061e-01	
 2.6738e-01	
 2.3302e-01	
 3.2807e-01	
 2.0786e-01	
 3.1777e-01	
 2.5258e-01	
 2.9618e-01	
 1.8573e-01	
 2.3987e-01	
 2.6612e-01	
 2.9378e-01	
 2.3404e-01	
 2.7524e-01	
 1.9476e-01	
 2.0943e-01	
 2.4618e-01	
 2.8082e-01	
 3.1714e-01	
 1.9465e-01	
 1.1038e-01	
 2.5560e-01	
 2.5601e-01	
 2.0466e-01	
 2.2605e-01	
 1.3143e-01	
 1.9139e-01	
 3.2037e-01	
 1.8076e-01	
 2.4228e-01	
 2.8996e-01	
 2.4926e-01	
 2.2568e-01	
 5.9931e-01	
 3.5528e-01	
 3.8677e-01	
 3.3223e-01	
 2.5106e-01	
 3.6743e-01	
 1.7925e-01	
 1.7577e-01	
 2.7810e-01	
 2.9657e-01	
 2.5696e-01	
 5.1185e-01	
 2.4970e-01	
 4.3785e-01	
 3.3446e-01	
 3.6964e-01	
 2.5807e-01	
 3.3060e-01	
 5.0842e-01	
 4.3646e-01	
 2.1412e-01	
 1.7976e-01	
 3.0524e-01	
 1.8149e-01	
 2.8851e-01	
 4.0909e-01	
 3.4653e-01	
 2.3053e-01	
 4.2236e-01	
 1.9794e-01	
 1.1119e-01	
 1.2302e-01	
 1.9248e-01	
 2.2468e-01	
 3.1428e-01	
 2.5117e-01	
 4.3655e-01	
 2.8920e-01	
 2.6453e-01	
 2.7488e-01	
 2.4702e-01	
 2.3728e-01	
 3.3194e-01	
 2.2127e-01	
 3.8198e-01	
 4.1845e-01	
 3.0141e-01	
 2.4791e-01	
 1.6935e-01	
 5.9991e-01	
 2.5645e-01	
 1.8550e-01	
 1.0966e-01	
 2.5318e-01	
 3.1146e-01	
 3.5249e-01	
 3.9011e-01	
 2.2926e-01	
 2.5555e-01	
 3.0296e-01	
 3.8481e-01	
 3.9672e-01	
 2.8946e-01	
 4.3777e-01	
 2.8609e-01	
 5.7224e-01	
 3.7173e-01	
 3.2216e-01	
 1.9906e-01	
 3.3042e-01	
 2.9636e-01	
 2.5677e-01	
 4.3858e-01	
 4.4835e-01	
 2.9704e-01	
 4.6778e-01	
 3.0241e-01	
 2.8614e-01	
 2.6200e-01	
 2.2316e-01	
 2.2229e-01	
 4.6268e-01	
 1.9798e-01	
 3.1632e-01	
 4.4109e-01	
 3.8149e-01	
 2.5744e-01	
 3.4523e-01	
 1.7528e-01	
 4.4592e-01	
 2.0408e-01	
 2.5165e-01	
 5.0814e-01	
 4.3324e-01	
 1.9325e-01	
 3.6140e-01	
 2.2097e-01	
 2.2386e-01	
 2.0481e-01	
 2.2441e-01	
 1.7184e-01	
 1.7385e-01	
 1.6152e-01	
 1.6930e-01	
 2.2845e-01	
 3.7269e-01	
 1.7919e-01	
 2.2042e-01	
 2.2849e-01	
 1.4997e-01	
 2.4367e-01	
 2.6978e-01	
 2.5397e-01	
 5.4332e-01	
 3.3027e-01	
 1.6264e-01	
 5.6846e-01	
 2.1894e-01	
 2.1235e-01	
 2.4289e-01	
 2.8967e-01	
 2.5452e-01	
 2.6966e-01	
 1.0751e-01	
 2.5848e-01	
 2.3886e-01	
 2.0814e-01	
 2.6810e-01	
 2.7673e-01	
 2.6160e-01	
 4.8531e-01	
 5.9472e-01	
 3.0738e-01	
 4.8309e-01	
 1.8609e-01	
 1.4138e-01	
 2.5756e-01	
 1.4295e-01	
 2.8641e-01	
 3.0240e-01	
 3.2577e-01	
 6.2431e-01	
 2.0290e-01	
 2.9558e-01	
 2.9835e-01	
 3.8473e-01	
 2.2974e-01	
 3.5716e-01	
 2.1627e-01	
 2.6958e-01	
 4.6877e-01	
 2.9588e-01	
 6.2380e-01	
 2.8200e-01	
 2.7541e-01	
 2.0865e-01	
 4.5309e-01	
 2.8253e-01	
 2.2679e-01	
 2.3373e-01	
 2.9270e-01	
 3.5845e-01	
 2.8907e-01	
 1.7053e-01	
 1.7736e-01	
 3.5659e-01	
 4.6261e-01	
 1.8131e-01	
 2.0253e-01	
 1.7221e-01	
 4.7168e-01	
 3.2905e-01	
 2.3970e-01	
 4.6316e-01	
 1.5214e-01	
 3.5530e-01	
 1.9256e-01	
 2.0340e-01	
 4.7608e-01	
 2.4581e-01	
 3.8989e-01	
 2.4760e-01	
 1.3168e-01	
 2.2814e-01	
 4.1868e-01	
 3.1316e-01	
 3.5748e-01	
 5.6234e-01	
 2.1590e-01	
 3.1067e-01	
 1.3736e-01	
 2.6033e-01	
 3.4287e-01	
 1.8939e-01	
 2.1423e-01	
 1.4178e-01	
 2.8871e-01	
 2.0689e-01	
 4.8783e-01	
 1.9235e-01	
 3.4801e-01	
 4.1978e-01	
 4.5217e-01	
 2.2944e-01	
 2.5100e-01	
 3.1493e-01	
 2.2067e-01	
 2.4881e-01	
 1.9686e-01	
 2.7891e-01	
 1.8187e-01	
 2.5359e-01	
 3.1136e-01	
 2.7578e-01	
 2.6826e-01	
 4.0676e-01	
 3.1869e-01	
 2.4295e-01	
 2.6614e-01	
 6.0396e-01	
 8.1268e-02	
 2.0184e-01	
 3.8444e-01	
 4.8447e-01	
 1.1744e-01	
 2.6178e-01	
 4.4073e-01	
 7.3583e-01	
 3.0777e-01	
 2.1590e-01	
 3.2363e-01	
 2.5143e-01	
 6.9877e-01	
 3.4654e-01	
 2.4924e-01	
 3.2782e-01	
 2.6719e-01	
 3.8054e-01	
 2.7783e-01	
 1.2812e-01	
 3.0274e-01	
 1.9634e-01	
 3.2118e-01	
 3.8102e-01	
 3.2914e-01	
 1.6591e-01	
 2.5627e-01	
 3.7614e-01	
 3.4751e-01	
 4.6872e-01	
 2.9430e-01	
 4.3060e-01	
 2.9364e-01	
 2.0459e-01	
 3.0074e-01	
 2.6213e-01	
 2.4652e-01	
 2.5321e-01	
 1.8143e-01	
 3.3911e-01	
 3.3136e-01	
 3.2793e-01	
 3.6293e-01	
 1.7031e-01	
 1.9456e-01	
 2.7128e-01	
 2.4980e-01	
 2.8506e-01	
 4.1583e-01	
 2.6173e-01	
 2.6835e-01	
 3.3732e-01	
 4.7489e-01	
 3.0386e-01	
 5.0735e-01	
 1.6659e-01	
 2.3326e-01	
 4.0171e-01	
 3.8335e-01	
 3.7618e-01	
 3.3002e-01	
 3.0278e-01	
 3.4620e-01	
 3.5332e-01	
 3.8483e-01	
 3.2341e-01	
 4.6801e-01	
 4.1269e-01	
 4.7867e-01	
 4.1607e-01	
 2.7225e-01	
 4.1582e-01	
 4.5803e-01	
 1.9163e-01	
 5.7646e-01	
 4.2413e-01	
 5.6501e-01	
 5.5753e-01	
 4.3540e-01	
 3.6499e-01	
 4.0665e-01	
 2.1613e-01	
 3.9019e-01	
 4.5658e-01	
 3.6457e-01	
 4.0370e-01	
 3.4601e-01	
 9.7712e-01	
 4.1739e-01	
 2.7931e-01	
 3.2366e-01	
 4.8924e-01	
 5.4768e-01	
 7.8728e-01	
 8.3076e-01	
 3.5409e-01	
 1.0433e+00	
 7.9767e-01	
 4.7803e-01	
 6.6545e-01	
 2.7585e-01	
 5.3554e-01	
 7.4737e-01	
 4.3776e-01	
 5.1220e-01	
 3.8189e-01	
 5.3111e-01	
 7.7466e-01	
 5.4933e-01	
 3.6818e-01	
 5.6988e-01	
 3.7521e-01	
 5.8526e-01	
 5.3682e-01	
 2.8927e-01	
 3.5948e-01	
 4.9294e-01	
 1.2011e+00	
 2.8366e-01	
 1.1329e+00	
 3.4590e-01	
 5.5553e-01	
 7.9245e-01	
 1.0605e+00	
 6.6366e-01	
 9.0044e-01	
 7.1595e-01	
 4.1922e-01	
 5.3522e-01	
 1.7631e-01	
 1.7677e-01	
 2.7673e-01	
 6.8460e-01	
 5.0854e-01	
 6.8265e-01	
 1.9746e-01	
 4.8443e-01	
 5.2952e-01	
 3.4074e-01	
 4.0058e-01	
 4.0636e-01	
 6.1074e-01	
 2.8235e-01	
 3.8830e-01	
 4.8116e-01	
 3.9184e-01	
 6.8599e-01	
 4.0284e-01	
 5.8453e-01	
 1.0156e+00	
 6.5873e-01	
 4.5653e-01	
 3.2734e-01	
 3.1247e-01	
 3.5570e-01	
 2.1334e-01	
 2.7115e-01	
 3.8531e-01	
 4.6821e-01	
 3.3066e-01	
 4.4046e-01	
 2.1613e-01	
 3.5925e-01	
 6.2628e-01	
 1.3822e-01	
 6.6776e-01	
 2.9261e-01	
 3.3734e-01	
 3.3492e-01	
 3.5938e-01	
 4.5870e-01	
 2.2643e-01	
 5.8678e-01	
 2.8896e-01	
 1.8376e-01	
 3.4795e-01	
 3.9943e-01	
 4.9023e-01	
 2.8005e-01	
 3.8973e-01	
 3.3999e-01	
 2.2581e-01	
 2.4307e-01	
 3.5928e-01	
 1.3734e-01	
 2.7507e-01	
 3.4039e-01	
 1.9650e-01	
 3.7840e-01	
 2.3579e-01	
 3.0283e-01	
 1.1388e+00	
 3.3317e-01	
 2.7456e-01	
 3.2092e-01	
 4.3442e-01	
 4.5985e-01	
 3.7571e-01	
 2.7598e-01	
 4.9008e-01	
 3.7108e-01	
 3.3899e-01	
 2.5903e-01	
 2.7621e-01	
 2.2019e-01	
 2.0811e-01	
 2.9416e-01	
 2.0302e-01	
 3.4747e-01	
 2.6363e-01	
 2.4457e-01	
 4.3671e-01	
 3.6441e-01	
 4.6773e-01	
 1.2919e-01	
 1.2115e-01	
 2.1482e-01	
 3.5555e-01	
 3.2980e-01	
 8.0208e-01	
 5.5677e-01	
 4.2967e-01	
 2.0322e-01	
 3.5416e-01	
 3.3185e-01	
 2.6824e-01	
 4.3916e-01	
 3.5583e-01	
 3.4155e-01	
 2.1526e-01	
 2.9805e-01	
 1.8455e-01	
 5.5759e-01	
 3.6323e-01	
 4.8419e-01	
 2.5933e-01	
 4.2096e-01	
 3.0228e-01	
 1.9155e-01	
 3.0156e-01	
 3.7087e-01	
 2.9574e-01	
 2.7932e-01	
 3.3021e-01	
 3.1298e-01	
 2.9122e-01	
 2.7360e-01	
 3.2499e-01	
 3.7409e-01	
 2.0164e-01	
 3.3209e-01	
 4.1949e-01	
 2.1872e-01	
 3.8621e-01	
 2.3789e-01	
 4.2675e-01	
 6.1069e-01	
 2.6535e-01	
 5.3175e-01	
 2.1885e-01	
 1.9446e-01	
 3.0824e-01	
 5.2371e-01	
 3.7206e-01	
 2.2819e-01	
 3.1402e-01	
 8.3391e-01	
 4.8095e-01	
 2.5931e-01	
 3.6656e-01	
 1.9613e-01	
 3.0662e-01	
 2.6872e-01	
 2.6011e-01	
 4.0726e-01	
 2.6838e-01	
 4.0883e-01	
 6.1896e-01	
 4.2311e-01	
 2.0788e-01	
 2.6058e-01	
 1.4719e-01	
 2.9844e-01	
 3.2387e-01	
 3.2803e-01	
 1.3876e-01	
 2.7222e-01	
 3.2356e-01	
 2.2233e-01	
 3.1338e-01	
 4.7512e-01	
 2.0702e-01	
 2.0440e-01	
 1.9527e-01	
 1.9410e-01	
 3.0758e-01	
 2.8273e-01	
 5.3966e-01	
 2.9633e-01	
 3.0424e-01	
 2.7727e-01	
 3.2959e-01	
 2.7564e-01	
 2.2101e-01	
 2.0841e-01	
 3.4456e-01	
 2.7641e-01	
 2.4664e-01	
 5.5208e-01	
 3.6437e-01	
 2.2575e-01	
 2.1424e-01	
 3.7349e-01	
 2.4173e-01	
 2.2234e-01	
 1.9894e-01	
 3.4638e-01	
 4.6251e-01	
 5.4017e-01	
 4.6669e-01	
 4.4172e-01	
 2.4473e-01	
 3.9143e-01	
 2.6114e-01	
 2.5735e-01	
 1.6887e-01	
 2.0208e-01	
 2.4251e-01	
 2.5961e-01	
 2.0077e-01	
 2.7552e-01	
 2.8733e-01	
 2.7314e-01	
 2.4970e-01	
 4.0363e-01	
 2.5571e-01	
 2.8752e-01	
 2.4944e-01	
 2.5527e-01	
 4.3342e-01	
 3.0749e-01	
 2.0617e-01	
 4.3193e-01	
 4.1755e-01	
 3.7826e-01	
 2.3198e-01	
 4.5539e-01	
 2.8789e-01	
 3.4498e-01	
 2.9416e-01	
 3.8077e-01	
 2.0116e-01	
 4.0942e-01	
 2.2030e-01	
 1.9247e-01	
 4.1023e-01	
 1.9521e-01	
 3.0203e-01	
 4.3915e-01	
 8.6867e-01	
 4.2547e-01	
 5.3464e-01	
 3.4274e-01	
 2.4365e-01	
 3.0045e-01	
 2.6901e-01	
 4.4303e-01	
 4.6673e-01	
 2.6948e-01	
 2.5788e-01	
 3.5428e-01	
 3.9004e-01	
 2.1088e-01	
 2.8609e-01	
 4.9991e-01	
 3.5033e-01	
 2.6551e-01	
 5.0698e-01	
 2.5298e-01	
 3.1796e-01	
 3.3890e-01	
 4.8534e-01	
 4.5937e-01	
 3.5935e-01	
 3.9575e-01	
 2.7661e-01	
 2.7677e-01	
 1.5639e-01	
 3.0237e-01	
 4.0260e-01	
 2.4689e-01	
 3.2265e-01	
 3.0957e-01	
 2.9381e-01	
 1.9946e-01	
 4.1561e-01	
 5.1221e-01	
 1.2324e-01	
 5.7015e-01	
 3.6632e-01	
 3.8087e-01	
 2.8921e-01	
 2.9188e-01	
 2.3602e-01	
 3.1584e-01	
 2.4639e-01	
 3.1388e-01	
 1.8554e-01	
 3.7297e-01	
 2.1178e-01	
 2.5073e-01	
 4.2204e-01	
 2.7776e-01	
 3.3393e-01	
 3.0859e-01	
 3.3963e-01	
 2.9440e-01	
 9.3819e-02	
 3.1779e-01	
 1.3625e-01	
 4.5282e-01	
 5.1003e-01	
 1.9326e-01	
 2.7597e-01	
 1.8240e-01	
 4.4698e-01	
 2.8764e-01	
 3.4595e-01	
 2.7632e-01	
 4.2604e-01	
 1.9595e-01	
 2.3660e-01	
 2.7223e-01	
 2.7071e-01	
 6.9286e-01	
 3.0496e-01	
 4.2152e-01	
 2.3923e-01	
 5.6342e-01	
 2.6214e-01	
 2.8854e-01	
 4.1169e-01	
 3.9365e-01	
 4.9107e-01	
 3.3453e-01	
 3.8234e-01	
 4.4739e-01	
 7.1422e-01	
 3.7232e-01	
 2.1843e-01	
 2.4518e-01	
 3.2075e-01	
 3.3872e-01	
 3.5561e-01	
 2.6687e-01	
 3.5907e-01	
 3.3071e-01	
 2.3642e-01	
 2.9054e-01	
 2.5506e-01	
 2.6420e-01	
 2.1484e-01	
 2.3220e-01	
 2.1950e-01	
 2.1765e-01	
 3.9311e-01	
 1.7780e-01	
 3.1460e-01	
 3.2232e-01	
 3.5902e-01	
 2.2481e-01	
 3.8974e-01	
 2.5626e-01	
 3.3788e-01	
 2.3931e-01	
 2.4234e-01	
 1.8979e-01	
 2.5554e-01	
 6.1035e-01	
 3.1524e-01	
 4.8375e-01	
 1.4792e-01	
 1.9491e-01	
 3.3759e-01	
 3.1869e-01	
 1.9631e-01	
 2.8114e-01	
 3.4857e-01	
 1.1168e-01	
 3.5433e-01	
 2.6312e-01	
 2.6428e-01	
 2.7495e-01	
 2.7371e-01	
 3.2387e-01	
 1.6812e-01	
 2.3664e-01	
 2.1290e-01	
 2.6624e-01	
 6.4607e-01	
 3.6708e-01	
 5.9584e-01	
 4.0981e-01	
 2.9269e-01	
 3.7551e-01	
 7.5352e-01	
 2.1586e-01	
 2.3728e-01	
 5.7114e-01	
 2.8593e-01	
 2.8952e-01	
 2.9436e-01	
 3.3044e-01	
 1.9793e-01	
 1.3872e-01	
 3.3745e-01	
 3.4370e-01	
 4.2884e-01	
 3.1268e-01	
 3.3986e-01	
 4.3152e-01	
 2.6380e-01	
 3.6374e-01	
 2.8006e-01	
 3.3228e-01	
 3.1716e-01	
 3.1101e-01	
 2.5990e-01	
 3.0240e-01	
 4.2524e-01	
 1.4519e-01	
 3.5351e-01	
 3.7388e-01	
 4.8606e-01	
 2.9286e-01	
 4.3400e-01	
 2.0342e-01	
 1.8543e-01	
 3.1972e-01	
 4.0349e-01	
 3.2843e-01	
 4.1277e-01	
 1.9955e-01	
 4.5155e-01	
 2.4494e-01	
 6.8774e-01	
 3.3061e-01	
 6.0537e-01	
 4.5642e-01	
 1.9071e-01	
 3.5138e-01	
 4.5837e-01	
 4.8319e-01	
 5.0620e-01	
 3.4722e-01	
 2.3756e-01	
 5.8264e-01	
 3.5813e-01	
 2.7974e-01	
 4.2102e-01	
 3.2686e-01	
 3.2141e-01	
 2.2942e-01	
 4.8541e-01	
 2.3972e-01	
 3.0417e-01	
 3.8807e-01	
 2.9876e-01	
 2.0054e-01	
 4.4510e-01	
 3.8935e-01	
 3.0387e-01	
 4.4349e-01	
 3.4539e-01	
 2.2444e-01	
 3.9319e-01	
 3.8093e-01	
 2.2177e-01	
 2.5887e-01	
 2.9922e-01	
 6.0835e-01	
 3.1446e-01	
 6.9771e-01	
 3.0866e-01	
 2.2673e-01	
 2.6876e-01	
 2.5818e-01	
 2.0433e-01	
 2.8083e-01	
 3.8571e-01	
 2.4267e-01	
 4.5544e-01	
 2.5047e-01	
 2.9600e-01	
 4.9971e-01	
 3.4547e-01	
 6.4680e-01	
 2.5381e-01	
 2.5051e-01	
 2.4042e-01	
 3.4019e-01	
 3.9864e-01	
 4.2121e-01	
 2.7688e-01	
 3.3533e-01	
 3.3886e-01	
 2.2769e-01	
 2.3891e-01	
 3.2161e-01	
 5.9879e-01	
 4.4427e-01	
 1.8496e-01	
 3.3946e-01	
 2.0065e-01	
 2.8795e-01	
 1.1845e-01	
 1.5036e-01	
 2.5922e-01	
 1.7645e-01	
 1.5764e-01	
 2.0969e-01	
 1.9291e-01	
 2.8853e-01	
 3.1909e-01	
 9.5182e-02	
 5.1651e-01	
 1.2458e-01	
 2.4551e-01	
 1.6208e-01	
 3.4052e-01	
 2.7413e-01	
 1.4387e-01	
 1.6166e-01	
 1.8835e-01	
 2.5728e-01	
 1.1535e-01	
 1.9762e-01	
 1.6457e-01	
 2.1211e-01	
 1.3246e-01	
 3.4079e-01	
 2.0225e-01	
 0.0000e+00	
 2.0590e-01	
 2.0575e-01	
 1.9110e-01	
 2.3142e-01	
 1.6953e-01	
 1.8873e-01	
 2.4699e-01	
 1.6741e-01	
 1.6527e-01	
 3.3251e-01	
 1.1780e-01	
 1.8306e-01	
 1.7142e-01	
 3.0293e-01	
 2.5294e-01	
 5.0817e-01	
 2.2963e-01	
 2.2696e-01	
 2.3041e-01	
 2.2285e-01	
 2.2534e-01	
 1.7037e-01	
 3.5525e-01	
 1.9745e-01	
 4.9104e-01	
 1.6008e-01	
 2.0807e-01	
 2.2783e-01	
 1.3449e-01	
 3.0129e-01	
 2.8602e-01	
 1.3724e-01	
 3.8238e-01	
 4.3762e-01	
 1.8023e-01	
 2.3336e-01	
 2.4184e-01	
 2.0241e-01	
 2.9282e-01	
 2.1661e-01	
 1.7777e-01	
 2.3080e-01	
 3.1005e-01	
 3.1994e-01	
 2.5837e-01	
 2.7356e-01	
 2.0958e-01	
 2.0717e-01	
 1.7496e-01	
 3.3965e-01	
 1.6021e-01	
 1.3478e-01	
 2.4100e-01	
 3.0587e-01	
 4.0544e-01	
 1.9062e-01	
 1.8516e-01	
 2.5183e-01	
 1.7163e-01	
 1.6207e-01	
 1.7610e-01	
 1.9063e-01	
 2.4831e-01	
 1.6600e-01	
 2.6799e-01	
 2.0833e-01	
 1.6597e-01	
 1.9575e-01	
 1.6881e-01	
 2.3031e-01	
 2.6473e-01	
 1.5990e-01	
 2.9831e-01	
 1.1485e-01	
 4.2851e-01	
 1.7420e-01	
 1.5822e-01	
 2.4295e-01	
 2.7870e-01	
 2.1460e-01	
 2.3525e-01	
 0.0000e+00	
 2.1961e-01	
 3.2559e-01	
 2.5976e-01	
 1.9205e-01	
 2.2019e-01	
 2.0553e-01	
 2.2781e-01	
 1.9871e-01	
 1.8667e-01	
 2.1640e-01	
 1.2374e-01	
 1.0940e-01	
 2.2011e-01	
 2.4223e-01	
 2.3205e-01	
 2.2572e-01	
 2.0445e-01	
 1.5984e-01	
 2.9967e-01	
 2.2621e-01	
 2.7313e-01	
 2.2721e-01	
 2.0488e-01	
 1.8046e-01	
 1.8939e-01	
 2.6895e-01	
 2.9083e-01	
 2.2860e-01	
 2.4021e-01	
 1.8629e-01	
 2.2981e-01	
 1.9042e-01	
 2.0622e-01	
 2.2533e-01	
 2.2376e-01	
 1.5330e-01	
 1.6957e-01	
 1.8403e-01	
 1.6872e-01	
 1.7160e-01	
 2.2663e-01	
 1.5766e-01	
 1.6504e-01	
 2.3899e-01	
 1.9497e-01	
 1.3258e-01	
 1.8994e-01	
 8.0919e-01	
 1.5416e-01	
 1.5147e-01	
 2.1654e-01	
 1.5893e-01	
 1.8274e-01	
 1.5686e-01	
 2.2299e-01	
 1.8640e-01	
 2.6590e-01	
 4.3145e-01	
 1.2322e-01	
 2.4257e-01	
 1.7948e-01	
 1.1865e-01	
 2.8896e-01	
 1.4805e-01	
 1.2891e-01	
 1.8472e-01	
 2.0367e-01	
 3.4002e-01	
 2.6167e-01	
 1.5232e-01	
 1.6164e-01	
 1.5292e-01	
 3.3794e-01	
 1.2642e-01	
 2.2540e-01	
 2.6762e-01	
 1.6284e-01	
 1.9187e-01	
 1.7948e-01	
 0.0000e+00	
 1.6455e-01	
 1.6631e-01	
 1.1270e-01	
 1.6137e-01	
 2.5896e-01	
 1.6515e-01	
 1.9663e-01	
 2.2405e-01	
 1.0113e-01	
 2.3137e-01	
 2.0097e-01	
 1.7897e-01	
 1.8697e-01	
 2.1803e-01	
 1.6029e-01	
 2.2218e-01	
 2.2924e-01	
 2.4125e-01	
 1.7983e-01	
 2.2890e-01	
 1.7375e-01	
 1.7843e-01	
 1.4009e-01	
 2.1120e-01	
 3.8119e-01	
 3.1805e-01	
 3.5859e-01	
 3.3625e-01	
 2.7552e-01	
 4.3617e-01	
 2.8537e-01	
 2.1802e-01	
 3.4580e-01	
 2.2577e-01	
 1.8111e-01	
 3.9011e-01	
 2.0825e-01	
 4.9342e-01	
 2.7660e-01	
 2.2485e-01	
 3.8818e-01	
 2.9291e-01	
 3.1058e-01	
 1.1988e-01	
 1.8350e-01	
 2.2964e-01	
 3.3804e-01	
 3.3133e-01	
 4.9485e-01	
 2.0793e-01	
 3.7193e-01	
 5.0348e-01	
 2.9397e-01	
 2.8306e-01	
 2.5232e-01	
 1.8491e-01	
 2.3315e-01	
 3.7807e-01	
 1.9815e-01	
 2.6045e-01	
 3.3038e-01	
 3.2333e-01	
 3.6989e-01	
 1.6199e-01	
 3.1215e-01	
 4.5552e-01	
 2.2569e-01	
 3.2309e-01	
 1.7244e-01	
 3.5172e-01	
 4.5364e-01	
 2.1431e-01	
 2.9626e-01	
 1.9482e-01	
 1.8997e-01	
 2.9946e-01	
 1.5926e-01	
 3.0259e-01	
 1.9264e-01	
 1.3672e-01	
 2.1681e-01	
 3.5570e-01	
 2.0016e-01	
 1.9239e-01	
 2.6311e-01	
 3.4190e-01	
 4.8465e-01	
 2.9868e-01	
 2.4210e-01	
 2.7822e-01	
 2.1075e-01	
 1.4546e-01	
 1.8094e-01	
 3.0075e-01	
 2.1139e-01	
 1.7829e-01	
 2.2972e-01	
 5.1488e-01	
 2.3199e-01	
 2.5633e-01	
 3.2724e-01	
 2.4884e-01	
 3.0846e-01	
 1.9400e-01	
 2.5360e-01	
 2.2203e-01	
 1.9768e-01	
 3.7009e-01	
 2.1478e-01	
 2.5347e-01	
 3.0009e-01	
 3.4340e-01	
 3.0867e-01	
 2.8138e-01	
 1.9938e-01	
 2.0474e-01	
 3.1866e-01	
 3.8334e-01	
 1.4046e-01	
 2.5452e-01	
 1.9629e-01	
 3.1679e-01	
 1.3093e-01	
 4.2764e-01	
 3.5501e-01	
 2.9253e-01	
 2.4726e-01	
 2.9788e-01	
 3.2047e-01	
 5.7987e-01	
 2.2675e-01	
 1.8657e-01	
 2.6950e-01	
 3.4579e-01	
 2.7146e-01	
 1.9591e-01	
 2.0382e-01	
 1.3703e-01	
 1.9910e-01	
 2.1859e-01	
 2.2655e-01	
 2.0552e-01	
 2.1605e-01	
 2.8817e-01	
 2.0606e-01	
 3.7405e-01	
 1.5713e-01	
 2.4213e-01	
 3.1831e-01	
 3.8166e-01	
 1.0424e-01	
 3.1249e-01	
 2.3827e-01	
 2.4819e-01	
 2.2093e-01	
 1.9428e-01	
 2.2127e-01	
 2.4325e-01	
 2.5774e-01	
 2.2236e-01	
 2.9224e-01	
 4.2623e-01	
 3.9553e-01	
 2.7178e-01	
 5.5303e-01	
 3.4036e-01	
 3.1585e-01	
 2.2903e-01	
 3.0730e-01	
 3.6868e-01	
 4.7369e-01	
 2.9969e-01	
 2.7594e-01	
 1.9517e-01	
 1.9281e-01	
 3.9227e-01	
 2.7364e-01	
 3.1619e-01	
 3.3354e-01	
 2.3111e-01	
 2.3314e-01	
 2.2655e-01	
 3.5447e-01	
 3.2238e-01	
 2.8170e-01	
 6.7735e-01	
 2.4780e-01	
 5.8872e-01	
 1.2368e-01	
 3.6230e-01	
 5.0731e-01	
 3.4466e-01	
 2.3183e-01	
 1.9359e-01	
 3.4770e-01	
 2.3225e-01	
 2.3398e-01	
 2.7721e-01	
 4.5472e-01	
 2.1559e-01	
 2.1230e-01	
 3.8468e-01	
 1.7293e-01	
 2.3784e-01	
 9.1602e-02	
 2.5991e-01	
 4.1389e-01	
 3.3651e-01	
 4.2880e-01	
 3.8157e-01	
 4.5396e-01	
 1.9856e-01	
 2.4183e-01	
 1.5388e-01	
 4.0419e-01	
 4.0387e-01	
 1.4388e-01	
 3.0389e-01	
 4.0323e-01	
 2.5941e-01	
 1.8082e-01	
 3.4386e-01	
 2.0312e-01	
 1.8916e-01	
 3.0918e-01	
 0.0000e+00	
 1.8027e-01	
 1.9991e-01	
 1.9540e-01	
 2.2691e-01	
 2.6896e-01	
 1.9923e-01	
 2.3810e-01	
 1.7589e-01	
 2.2579e-01	
 1.6972e-01	
 1.7309e-01	
 1.2192e-01	
 1.7019e-01	
 1.6155e-01	
 2.1250e-01	
 1.6708e-01	
 2.3534e-01	
 2.1985e-01	
 1.8278e-01	
 1.7140e-01	
 1.9519e-01	
 2.1956e-01	
 1.5991e-01	
 2.3959e-01	
 1.3928e-01	
 2.5425e-01	
 1.9857e-01	
 1.7408e-01	
 2.6822e-01	
 1.7888e-01	
 2.0891e-01	
 1.8908e-01	
 1.6661e-01	
 1.7020e-01	
 1.8961e-01	
 1.1544e-01	
 1.1487e-01	
 2.4992e-01	
 2.0574e-01	
 1.3820e-01	
 1.8519e-01	
 8.7351e-02	
 2.3241e-01	
 1.5438e-01	
 2.6137e-01	
 1.7533e-01	
 1.4345e-01	
 2.2164e-01	
 1.9410e-01	
 1.3680e-01	
 2.2490e-01	
 2.2298e-01	
 3.1733e-01	
 2.2260e-01	
 1.4727e-01	
 2.8814e-01	
 2.1973e-01	
 2.4772e-01	
 2.6878e-01	
 2.1460e-01	
 1.6591e-01	
 1.8877e-01	
 2.5195e-01	
 1.9270e-01	
 1.9432e-01	
 1.7876e-01	
 2.4485e-01	
 2.5581e-01	
 1.5342e-01	
 2.3735e-01	
 4.2001e-01	
 2.7450e-01	
 2.9732e-01	
 2.8322e-01	
 2.6735e-01	
 2.7003e-01	
 1.3648e-01	
 2.0449e-01	
 1.8124e-01	
 1.9038e-01	
 1.9777e-01	
 1.4853e-01	
 2.7137e-01	
 1.8352e-01	
 2.5410e-01	
 2.8435e-01	
 2.4677e-01	
 1.9172e-01	
 2.3964e-01	
 1.0098e-01	
 3.9020e-01	
 1.9114e-01	
 2.5112e-01	
 1.1636e-01	
 2.2314e-01	
 1.8528e-01	
 1.3181e-01	
 2.9529e-01	
 2.2091e-01	
 2.2327e-01	
 1.8389e-01	
 1.8703e-01	
 1.4745e-01	
 1.9267e-01	
 1.4324e-01	
 1.5585e-01	
 1.7540e-01	
 1.6457e-01	
 1.3502e-01	
 1.9357e-01	
 1.5810e-01	
 1.7264e-01	
 1.8050e-01	
 1.4056e-01	
 1.7019e-01	
 1.9410e-01	
 1.6506e-01	
 1.7180e-01	
 1.5522e-01	
 2.2685e-01	
 1.6592e-01	
 2.1556e-01	
 2.9150e-01	
 2.2392e-01	
 1.3347e-01	
 3.0707e-01	
 2.0356e-01	
 2.3225e-01	
 1.9531e-01	
 2.6932e-01	
 1.1060e-01	
 1.9494e-01	
 2.7590e-01	
 1.8814e-01	
 1.9869e-01	
 3.3263e-01	
 1.9990e-01	
 3.3621e-01	
 2.0261e-01	
 2.0317e-01	
 1.8881e-01	
 3.0673e-01	
 2.1929e-01	
 1.4600e-01	
 1.7983e-01	
 2.3201e-01	
 4.7651e-01	
 1.9413e-01	
 1.4995e-01	
 1.8334e-01	
 2.2556e-01	
 2.7849e-01	
 1.8320e-01	
 3.1214e-01	
 1.8386e-01	
 2.3609e-01	
 3.3599e-01	
 2.3510e-01	
 1.6116e-01	
 1.9079e-01	
 2.5037e-01	
 1.3532e-01	
 2.9205e-01	
 2.0064e-01	
 2.2583e-01	
 2.3843e-01	
 1.7580e-01	
 1.8109e-01	
 2.0650e-01	
 1.2975e-01	
 1.7442e-01	
 1.7851e-01	
 2.8375e-01	
 2.3618e-01	
 2.0688e-01	
 2.8381e-01	
 3.1291e-01	
 5.7124e-02	
 5.9484e-01	
 2.4191e-01	
 2.2270e-01	
 3.4767e-01	
 3.0263e-01	
 3.4648e-01	
 4.5783e-01	
 2.5441e-01	
 3.2066e-01	
 2.0746e-01	
 3.3409e-01	
 3.8104e-01	
 3.1329e-01	
 2.0120e-01	
 2.6579e-01	
 2.8777e-01	
 2.1889e-01	
 4.2648e-01	
 2.5235e-01	
 2.7435e-01	
 1.8660e-01	
 3.4103e-01	
 1.7087e-01	
 3.5384e-01	
 2.6443e-01	
 1.9998e-01	
 2.2727e-01	
 1.9275e-01	
 2.0882e-01	
 2.0197e-01	
 2.4614e-01	
 3.9686e-01	
 7.7212e-02	
 3.0129e-01	
 2.6057e-01	
 1.4949e-01	
 2.8540e-01	
 2.0421e-01	
 2.8324e-01	
 2.7330e-01	
 1.8692e-01	
 1.5549e-01	
 3.2640e-01	
 2.1546e-01	
 2.6243e-01	
 2.0054e-01	
 2.5780e-01	
 2.7258e-01	
 3.1682e-01	
 2.0903e-01	
 2.8061e-01	
 4.4126e-01	
 3.5402e-01	
 1.6298e-01	
 2.3929e-01	
 4.3519e-01	
 2.9605e-01	
 2.8170e-01	
 3.1513e-01	
 2.8269e-01	
 2.4269e-01	
 3.1016e-01	
 3.3190e-01	
 2.8439e-01	
 2.3551e-01	
 3.1418e-01	
 5.2115e-01	
 4.6818e-01	
 1.7266e-01	
 2.7063e-01	
 2.2961e-01	
 2.7669e-01	
 2.0237e-01	
 2.9036e-01	
 2.0147e-01	
 1.7185e-01	
 1.9072e-01	
 1.1378e-01	
 3.6715e-01	
 1.8869e-01	
 1.8280e-01	
 3.6837e-01	
 1.4827e-01	
 1.9208e-01	
 3.7445e-01	
 5.5031e-01	
 2.1421e-01	
 3.2558e-01	
 2.7314e-01	
 1.4972e-01	
 5.5633e-01	
 2.3856e-01	
 1.5695e-01	
 1.8328e-01	
 5.7901e-01	
 1.1072e-01	
 2.6565e-01	
 5.3806e-01	
 3.5671e-01	
 1.7939e-01	
 2.9234e-01	
 2.4255e-01	
 1.3501e-01	
 4.1502e-01	
 2.2769e-01	
 1.6218e-01	
 2.4803e-01	
 7.0140e-01	
 1.3416e-01	
 1.6458e-01	
 2.6142e-01	
 1.9806e-01	
 1.9440e-01	
 3.1472e-01	
 1.2870e-01	
 9.1443e-02	
 1.9032e-01	
 2.8867e-01	
 2.0534e-01	
 1.4325e-01	
 1.0574e-01	
 3.1162e-01	
 3.7885e-01	
 3.9090e-01	
 1.8230e-01	
 1.6363e-01	
 3.1772e-01	
 9.7129e-02	
 1.6694e-01	
 2.8307e-01	
 2.1357e-01	
 2.3668e-01	
 5.7569e-01	
 2.2265e-01	
 2.1756e-01	
 1.7832e-01	
 3.5518e-01	
 1.8398e-01	
 1.3244e-01	
 2.7846e-01	
 6.2258e-01	
 2.1064e-01	
 3.6222e-01	
 3.9145e-01	
 1.0528e-01	
 3.8968e-01	
 3.5903e-01	
 1.4149e-01	
 3.6611e-01	
 4.1747e-01	
 2.2309e-01	
 3.1424e-01	
 1.0416e-01	
 3.3096e-01	
 4.9953e-01	
 1.4440e-01	
 3.7268e-01	
 2.8230e-01	
 1.3997e-01	
 3.8988e-01	
 2.4735e-01	
 1.5775e-01	
 4.5963e-01	
 4.5060e-01	
 8.1518e-02	
 4.8720e-01	
 1.6685e-01	
 2.2631e-01	
 1.2863e-01	
 1.2877e-01	
 2.2712e-01	
 1.9834e-01	
 2.0036e-01	
 2.7244e-01	
 2.1254e-01	
 1.9090e-01	
 1.7188e-01	
 2.6086e-01	
 1.7776e-01	
 1.5811e-01	
 1.4922e-01	
 1.9021e-01	
 9.3013e-02	
 2.2276e-01	
 1.6608e-01	
 1.7597e-01	
 3.5329e-01	
 1.9355e-01	
 1.7500e-01	
 1.7075e-01	
 3.2163e-01	
 1.9051e-01	
 1.5298e-01	
 1.5634e-01	
 1.6702e-01	
 2.3344e-01	
 2.2011e-01	
 1.8123e-01	
 3.9407e-01	
 1.8361e-01	
 2.4785e-01	
 2.7535e-01	
 1.2494e-01	
 2.0636e-01	
 8.7948e-02	
 1.9452e-01	
 3.3994e-01	
 2.6183e-01	
 1.9121e-01	
 2.9244e-01	
 1.7089e-01	
 1.4291e-01	
 1.9035e-01	
